2025-02-01 16:31:16,303 - INFO - Current working directory: E:\Study\BHT\AdvancedSE\Assignment1\BerlinChargeHub
2025-02-01 16:31:17,000 - INFO - Starting execution of the main function.
2025-02-01 16:31:17,009 - INFO - geodata_berlin_plz.csv loaded successfully.
2025-02-01 16:31:17,212 - INFO - Ladesaeulenregister.csv loaded successfully.
2025-02-01 16:31:17,212 - INFO - Starting preprop_lstat function.
2025-02-01 16:31:17,237 - INFO - Renamed columns in DataFrame.
2025-02-01 16:31:17,257 - INFO - Formatted latitude and longitude columns.
2025-02-01 16:31:17,260 - INFO - Filtered data for Berlin. Shape: (2746, 5)
2025-02-01 16:31:17,263 - INFO - Starting sort_by_plz_add_geometry function.
2025-02-01 16:31:17,270 - INFO - Merged DataFrame with geometry. Shape: (2746, 6)
2025-02-01 16:31:17,274 - INFO - DataFrame after dropping missing geometries. Shape: (2737, 6)
2025-02-01 16:31:17,347 - INFO - sort_by_plz_add_geometry function completed successfully.
2025-02-01 16:31:17,347 - INFO - preprop_lstat function completed successfully.
2025-02-01 16:31:17,353 - INFO -  ====> Duration 0.14 secs: Preprocessing dataframe from Ladesaeulenregister.csv
2025-02-01 16:31:17,353 - INFO - Starting count_plz_occurrences function.
2025-02-01 16:31:17,361 - INFO - count_plz_occurrences function completed successfully. Output DataFrame shape: (183, 3)
2025-02-01 16:31:17,363 - INFO -  ====> Duration 0.01 secs: Counts loading stations per PLZ
2025-02-01 16:31:17,370 - INFO - plz_einwohner.csv loaded successfully.
2025-02-01 16:32:23,962 - INFO - Current working directory: E:\Study\BHT\AdvancedSE\Assignment1\BerlinChargeHub
2025-02-01 16:32:23,980 - INFO - Starting execution of the main function.
2025-02-01 16:32:23,994 - INFO - geodata_berlin_plz.csv loaded successfully.
2025-02-01 16:32:24,198 - INFO - Ladesaeulenregister.csv loaded successfully.
2025-02-01 16:32:24,198 - INFO - Starting preprop_lstat function.
2025-02-01 16:32:24,231 - INFO - Renamed columns in DataFrame.
2025-02-01 16:32:24,251 - INFO - Formatted latitude and longitude columns.
2025-02-01 16:32:24,255 - INFO - Filtered data for Berlin. Shape: (2746, 5)
2025-02-01 16:32:24,258 - INFO - Starting sort_by_plz_add_geometry function.
2025-02-01 16:32:24,263 - INFO - Merged DataFrame with geometry. Shape: (2746, 6)
2025-02-01 16:32:24,268 - INFO - DataFrame after dropping missing geometries. Shape: (2737, 6)
2025-02-01 16:32:24,356 - INFO - sort_by_plz_add_geometry function completed successfully.
2025-02-01 16:32:24,357 - INFO - preprop_lstat function completed successfully.
2025-02-01 16:32:24,361 - INFO -  ====> Duration 0.16 secs: Preprocessing dataframe from Ladesaeulenregister.csv
2025-02-01 16:32:24,362 - INFO - Starting count_plz_occurrences function.
2025-02-01 16:32:24,373 - INFO - count_plz_occurrences function completed successfully. Output DataFrame shape: (183, 3)
2025-02-01 16:32:24,378 - INFO -  ====> Duration 0.02 secs: Counts loading stations per PLZ
2025-02-01 16:32:24,384 - INFO - plz_einwohner.csv loaded successfully.
2025-02-01 16:32:24,384 - INFO - Starting preprop_resid function.
2025-02-01 16:32:24,385 - INFO - Renamed columns in DataFrame.
2025-02-01 16:32:24,391 - INFO - Formatted latitude and longitude columns.
2025-02-01 16:32:24,392 - INFO - Filtered DataFrame by postal codes. Remaining rows: 191
2025-02-01 16:32:24,394 - INFO - Starting sort_by_plz_add_geometry function.
2025-02-01 16:32:24,396 - INFO - Merged DataFrame with geometry. Shape: (191, 5)
2025-02-01 16:32:24,399 - INFO - DataFrame after dropping missing geometries. Shape: (190, 5)
2025-02-01 16:32:24,406 - INFO - sort_by_plz_add_geometry function completed successfully.
2025-02-01 16:32:24,406 - INFO - preprop_resid function completed successfully.
2025-02-01 16:32:24,406 - INFO -  ====> Duration 0.02 secs: 
Processes and prepares a dataframe by cleaning and filtering postal codes, renaming columns, and transforming
geographical data. The function works by copying the given data, transforming numeric columns into strings, and replacing
comma-separators for proper formatting. It also filters the dataset based on postal codes and combines additional
geometry information via another function.

Return: The processed dataframe with cleaned, formatted, and enriched data combining postal codes and geometrical information.
:rtype: pandas.DataFrame

2025-02-01 16:32:24,415 - INFO - Called create_electric_charging_residents_heatmap with args: (         PLZ  Number                                           geometry
0    10117.0      54  POLYGON ((13.40031 52.5233, 13.40051 52.52216,...
1    10119.0       6  POLYGON ((13.40056 52.53639, 13.4026 52.53507,...
2    10178.0      30  POLYGON ((13.40918 52.52917, 13.41476 52.52779...
3    10179.0      37  POLYGON ((13.42827 52.51895, 13.42751 52.51775...
4    10243.0      39  POLYGON ((13.42554 52.52371, 13.42862 52.52358...
..       ...     ...                                                ...
178  14169.0      17  POLYGON ((13.24957 52.45778, 13.25047 52.45803...
179  14193.0       3  POLYGON ((13.28149 52.49817, 13.28228 52.49778...
180  14195.0      32  POLYGON ((13.27759 52.47487, 13.28447 52.46998...
181  14197.0      12  POLYGON ((13.32027 52.47775, 13.31991 52.47096...
182  14199.0       7  POLYGON ((13.31186 52.48048, 13.30158 52.47452...

[183 rows x 3 columns],        PLZ  Einwohner Breitengrad Längengrad                                           geometry
0    10115      20313    52.53195    13.3838  POLYGON ((13.37239 52.53821, 13.3741 52.53717,...
1    10117      12217    52.51752   13.38777  POLYGON ((13.40031 52.5233, 13.40051 52.52216,...
2    10119      16363    52.53013   13.40551  POLYGON ((13.40056 52.53639, 13.4026 52.53507,...
3    10178      12167     52.5203   13.40473  POLYGON ((13.40918 52.52917, 13.41476 52.52779...
4    10179      18664    52.51379   13.41524  POLYGON ((13.42827 52.51895, 13.42751 52.51775...
..     ...        ...         ...        ...                                                ...
186  14169      17274       52.45   13.25883  POLYGON ((13.24957 52.45778, 13.25047 52.45803...
187  14193      15505    52.48135   13.23847  POLYGON ((13.28149 52.49817, 13.28228 52.49778...
188  14195      14667    52.45858   13.28463  POLYGON ((13.27759 52.47487, 13.28447 52.46998...
189  14197      17889    52.47319    13.3103  POLYGON ((13.32027 52.47775, 13.31991 52.47096...
190  14199      13657    52.47796   13.29242  POLYGON ((13.31186 52.48048, 13.30158 52.47452...

[190 rows x 5 columns],           PLZ Bundesland Breitengrad  Längengrad   KW                                           geometry
0     10117.0     Berlin   52.527469  13.3769756   22  POLYGON ((13.40031 52.5233, 13.40051 52.52216,...
1     10117.0     Berlin   52.527469  13.3769756   22  POLYGON ((13.40031 52.5233, 13.40051 52.52216,...
2     10117.0     Berlin   52.527469  13.3769756   22  POLYGON ((13.40031 52.5233, 13.40051 52.52216,...
3     10117.0     Berlin   52.527469  13.3769756   22  POLYGON ((13.40031 52.5233, 13.40051 52.52216,...
4     10117.0     Berlin   52.512433   13.380519   44  POLYGON ((13.40031 52.5233, 13.40051 52.52216,...
...       ...        ...         ...         ...  ...                                                ...
2741  14199.0     Berlin   52.476902   13.287843   22  POLYGON ((13.31186 52.48048, 13.30158 52.47452...
2742  14199.0     Berlin   52.479241   13.308733   22  POLYGON ((13.31186 52.48048, 13.30158 52.47452...
2743  14199.0     Berlin    52.47361   13.290291  3,7  POLYGON ((13.31186 52.48048, 13.30158 52.47452...
2744  14199.0     Berlin   52.477634   13.282364   22  POLYGON ((13.31186 52.48048, 13.30158 52.47452...
2745  14199.0     Berlin   52.484282   13.294078   22  POLYGON ((13.31186 52.48048, 13.30158 52.47452...

[2737 rows x 6 columns]), kwargs: {}
2025-02-01 16:32:24,419 - INFO - Starting merge_geo_dataframes function.
2025-02-01 16:32:24,423 - INFO - Merged population and charging stations DataFrames. Shape: (190, 6)
2025-02-01 16:32:24,426 - INFO - Filling NaN values in 'Number' column with 0.
2025-02-01 16:32:24,426 - INFO - merge_geo_dataframes function completed successfully.
2025-02-01 16:32:24,426 - INFO -  ====> Duration 0.01 secs: 
Merges the charging stations and population dataframes and fills NA's with 0
Inputs:
    - df_charging_stations: A geodataframe sorted by PLZ and containing information about the charging stations
    - df_population: A geodataframe sorted by PLZ and containing information about the population
Outputs: A merged geodataframe

2025-02-01 16:32:28,760 - INFO - Current working directory: E:\Study\BHT\AdvancedSE\Assignment1\BerlinChargeHub
2025-02-01 16:32:28,761 - INFO - Starting execution of the main function.
2025-02-01 16:32:28,767 - INFO - geodata_berlin_plz.csv loaded successfully.
2025-02-01 16:32:28,971 - INFO - Ladesaeulenregister.csv loaded successfully.
2025-02-01 16:32:28,972 - INFO - Starting preprop_lstat function.
2025-02-01 16:32:28,984 - INFO - Renamed columns in DataFrame.
2025-02-01 16:32:29,011 - INFO - Formatted latitude and longitude columns.
2025-02-01 16:32:29,015 - INFO - Filtered data for Berlin. Shape: (2746, 5)
2025-02-01 16:32:29,018 - INFO - Starting sort_by_plz_add_geometry function.
2025-02-01 16:32:29,020 - INFO - Merged DataFrame with geometry. Shape: (2746, 6)
2025-02-01 16:32:29,024 - INFO - DataFrame after dropping missing geometries. Shape: (2737, 6)
2025-02-01 16:32:29,116 - INFO - sort_by_plz_add_geometry function completed successfully.
2025-02-01 16:32:29,116 - INFO - preprop_lstat function completed successfully.
2025-02-01 16:32:29,124 - INFO -  ====> Duration 0.15 secs: Preprocessing dataframe from Ladesaeulenregister.csv
2025-02-01 16:32:29,125 - INFO - Starting count_plz_occurrences function.
2025-02-01 16:32:29,132 - INFO - count_plz_occurrences function completed successfully. Output DataFrame shape: (183, 3)
2025-02-01 16:32:29,135 - INFO -  ====> Duration 0.01 secs: Counts loading stations per PLZ
2025-02-01 16:32:29,144 - INFO - plz_einwohner.csv loaded successfully.
2025-02-01 16:32:29,144 - INFO - Starting preprop_resid function.
2025-02-01 16:32:29,145 - INFO - Renamed columns in DataFrame.
2025-02-01 16:32:29,153 - INFO - Formatted latitude and longitude columns.
2025-02-01 16:32:29,153 - INFO - Filtered DataFrame by postal codes. Remaining rows: 191
2025-02-01 16:32:29,155 - INFO - Starting sort_by_plz_add_geometry function.
2025-02-01 16:32:29,157 - INFO - Merged DataFrame with geometry. Shape: (191, 5)
2025-02-01 16:32:29,162 - INFO - DataFrame after dropping missing geometries. Shape: (190, 5)
2025-02-01 16:32:29,173 - INFO - sort_by_plz_add_geometry function completed successfully.
2025-02-01 16:32:29,173 - INFO - preprop_resid function completed successfully.
2025-02-01 16:32:29,173 - INFO -  ====> Duration 0.03 secs: 
Processes and prepares a dataframe by cleaning and filtering postal codes, renaming columns, and transforming
geographical data. The function works by copying the given data, transforming numeric columns into strings, and replacing
comma-separators for proper formatting. It also filters the dataset based on postal codes and combines additional
geometry information via another function.

Return: The processed dataframe with cleaned, formatted, and enriched data combining postal codes and geometrical information.
:rtype: pandas.DataFrame

2025-02-01 16:32:29,186 - INFO - Called create_electric_charging_residents_heatmap with args: (         PLZ  Number                                           geometry
0    10117.0      54  POLYGON ((13.40031 52.5233, 13.40051 52.52216,...
1    10119.0       6  POLYGON ((13.40056 52.53639, 13.4026 52.53507,...
2    10178.0      30  POLYGON ((13.40918 52.52917, 13.41476 52.52779...
3    10179.0      37  POLYGON ((13.42827 52.51895, 13.42751 52.51775...
4    10243.0      39  POLYGON ((13.42554 52.52371, 13.42862 52.52358...
..       ...     ...                                                ...
178  14169.0      17  POLYGON ((13.24957 52.45778, 13.25047 52.45803...
179  14193.0       3  POLYGON ((13.28149 52.49817, 13.28228 52.49778...
180  14195.0      32  POLYGON ((13.27759 52.47487, 13.28447 52.46998...
181  14197.0      12  POLYGON ((13.32027 52.47775, 13.31991 52.47096...
182  14199.0       7  POLYGON ((13.31186 52.48048, 13.30158 52.47452...

[183 rows x 3 columns],        PLZ  Einwohner Breitengrad Längengrad                                           geometry
0    10115      20313    52.53195    13.3838  POLYGON ((13.37239 52.53821, 13.3741 52.53717,...
1    10117      12217    52.51752   13.38777  POLYGON ((13.40031 52.5233, 13.40051 52.52216,...
2    10119      16363    52.53013   13.40551  POLYGON ((13.40056 52.53639, 13.4026 52.53507,...
3    10178      12167     52.5203   13.40473  POLYGON ((13.40918 52.52917, 13.41476 52.52779...
4    10179      18664    52.51379   13.41524  POLYGON ((13.42827 52.51895, 13.42751 52.51775...
..     ...        ...         ...        ...                                                ...
186  14169      17274       52.45   13.25883  POLYGON ((13.24957 52.45778, 13.25047 52.45803...
187  14193      15505    52.48135   13.23847  POLYGON ((13.28149 52.49817, 13.28228 52.49778...
188  14195      14667    52.45858   13.28463  POLYGON ((13.27759 52.47487, 13.28447 52.46998...
189  14197      17889    52.47319    13.3103  POLYGON ((13.32027 52.47775, 13.31991 52.47096...
190  14199      13657    52.47796   13.29242  POLYGON ((13.31186 52.48048, 13.30158 52.47452...

[190 rows x 5 columns],           PLZ Bundesland Breitengrad  Längengrad   KW                                           geometry
0     10117.0     Berlin   52.527469  13.3769756   22  POLYGON ((13.40031 52.5233, 13.40051 52.52216,...
1     10117.0     Berlin   52.527469  13.3769756   22  POLYGON ((13.40031 52.5233, 13.40051 52.52216,...
2     10117.0     Berlin   52.527469  13.3769756   22  POLYGON ((13.40031 52.5233, 13.40051 52.52216,...
3     10117.0     Berlin   52.527469  13.3769756   22  POLYGON ((13.40031 52.5233, 13.40051 52.52216,...
4     10117.0     Berlin   52.512433   13.380519   44  POLYGON ((13.40031 52.5233, 13.40051 52.52216,...
...       ...        ...         ...         ...  ...                                                ...
2741  14199.0     Berlin   52.476902   13.287843   22  POLYGON ((13.31186 52.48048, 13.30158 52.47452...
2742  14199.0     Berlin   52.479241   13.308733   22  POLYGON ((13.31186 52.48048, 13.30158 52.47452...
2743  14199.0     Berlin    52.47361   13.290291  3,7  POLYGON ((13.31186 52.48048, 13.30158 52.47452...
2744  14199.0     Berlin   52.477634   13.282364   22  POLYGON ((13.31186 52.48048, 13.30158 52.47452...
2745  14199.0     Berlin   52.484282   13.294078   22  POLYGON ((13.31186 52.48048, 13.30158 52.47452...

[2737 rows x 6 columns]), kwargs: {}
2025-02-01 16:32:29,188 - INFO - Starting merge_geo_dataframes function.
2025-02-01 16:32:29,193 - INFO - Merged population and charging stations DataFrames. Shape: (190, 6)
2025-02-01 16:32:29,197 - INFO - Filling NaN values in 'Number' column with 0.
2025-02-01 16:32:29,197 - INFO - merge_geo_dataframes function completed successfully.
2025-02-01 16:32:29,197 - INFO -  ====> Duration 0.01 secs: 
Merges the charging stations and population dataframes and fills NA's with 0
Inputs:
    - df_charging_stations: A geodataframe sorted by PLZ and containing information about the charging stations
    - df_population: A geodataframe sorted by PLZ and containing information about the population
Outputs: A merged geodataframe

2025-02-01 16:32:29,242 - INFO - Current working directory: E:\Study\BHT\AdvancedSE\Assignment1\BerlinChargeHub
2025-02-01 16:32:29,243 - INFO - Starting execution of the main function.
2025-02-01 16:32:29,250 - INFO - geodata_berlin_plz.csv loaded successfully.
2025-02-01 16:32:29,494 - INFO - Ladesaeulenregister.csv loaded successfully.
2025-02-01 16:32:29,494 - INFO - Starting preprop_lstat function.
2025-02-01 16:32:29,508 - INFO - Renamed columns in DataFrame.
2025-02-01 16:32:29,530 - INFO - Formatted latitude and longitude columns.
2025-02-01 16:32:29,532 - INFO - Filtered data for Berlin. Shape: (2746, 5)
2025-02-01 16:32:29,536 - INFO - Starting sort_by_plz_add_geometry function.
2025-02-01 16:32:29,538 - INFO - Merged DataFrame with geometry. Shape: (2746, 6)
2025-02-01 16:32:29,542 - INFO - DataFrame after dropping missing geometries. Shape: (2737, 6)
2025-02-01 16:32:29,636 - INFO - sort_by_plz_add_geometry function completed successfully.
2025-02-01 16:32:29,637 - INFO - preprop_lstat function completed successfully.
2025-02-01 16:32:29,647 - INFO -  ====> Duration 0.15 secs: Preprocessing dataframe from Ladesaeulenregister.csv
2025-02-01 16:32:29,648 - INFO - Starting count_plz_occurrences function.
2025-02-01 16:32:29,656 - INFO - count_plz_occurrences function completed successfully. Output DataFrame shape: (183, 3)
2025-02-01 16:32:29,659 - INFO -  ====> Duration 0.01 secs: Counts loading stations per PLZ
2025-02-01 16:32:29,667 - INFO - plz_einwohner.csv loaded successfully.
2025-02-01 16:32:29,667 - INFO - Starting preprop_resid function.
2025-02-01 16:32:29,668 - INFO - Renamed columns in DataFrame.
2025-02-01 16:32:29,674 - INFO - Formatted latitude and longitude columns.
2025-02-01 16:32:29,674 - INFO - Filtered DataFrame by postal codes. Remaining rows: 191
2025-02-01 16:32:29,676 - INFO - Starting sort_by_plz_add_geometry function.
2025-02-01 16:32:29,677 - INFO - Merged DataFrame with geometry. Shape: (191, 5)
2025-02-01 16:32:29,679 - INFO - DataFrame after dropping missing geometries. Shape: (190, 5)
2025-02-01 16:32:29,686 - INFO - sort_by_plz_add_geometry function completed successfully.
2025-02-01 16:32:29,686 - INFO - preprop_resid function completed successfully.
2025-02-01 16:32:29,687 - INFO -  ====> Duration 0.02 secs: 
Processes and prepares a dataframe by cleaning and filtering postal codes, renaming columns, and transforming
geographical data. The function works by copying the given data, transforming numeric columns into strings, and replacing
comma-separators for proper formatting. It also filters the dataset based on postal codes and combines additional
geometry information via another function.

Return: The processed dataframe with cleaned, formatted, and enriched data combining postal codes and geometrical information.
:rtype: pandas.DataFrame

2025-02-01 16:32:29,697 - INFO - Called create_electric_charging_residents_heatmap with args: (         PLZ  Number                                           geometry
0    10117.0      54  POLYGON ((13.40031 52.5233, 13.40051 52.52216,...
1    10119.0       6  POLYGON ((13.40056 52.53639, 13.4026 52.53507,...
2    10178.0      30  POLYGON ((13.40918 52.52917, 13.41476 52.52779...
3    10179.0      37  POLYGON ((13.42827 52.51895, 13.42751 52.51775...
4    10243.0      39  POLYGON ((13.42554 52.52371, 13.42862 52.52358...
..       ...     ...                                                ...
178  14169.0      17  POLYGON ((13.24957 52.45778, 13.25047 52.45803...
179  14193.0       3  POLYGON ((13.28149 52.49817, 13.28228 52.49778...
180  14195.0      32  POLYGON ((13.27759 52.47487, 13.28447 52.46998...
181  14197.0      12  POLYGON ((13.32027 52.47775, 13.31991 52.47096...
182  14199.0       7  POLYGON ((13.31186 52.48048, 13.30158 52.47452...

[183 rows x 3 columns],        PLZ  Einwohner Breitengrad Längengrad                                           geometry
0    10115      20313    52.53195    13.3838  POLYGON ((13.37239 52.53821, 13.3741 52.53717,...
1    10117      12217    52.51752   13.38777  POLYGON ((13.40031 52.5233, 13.40051 52.52216,...
2    10119      16363    52.53013   13.40551  POLYGON ((13.40056 52.53639, 13.4026 52.53507,...
3    10178      12167     52.5203   13.40473  POLYGON ((13.40918 52.52917, 13.41476 52.52779...
4    10179      18664    52.51379   13.41524  POLYGON ((13.42827 52.51895, 13.42751 52.51775...
..     ...        ...         ...        ...                                                ...
186  14169      17274       52.45   13.25883  POLYGON ((13.24957 52.45778, 13.25047 52.45803...
187  14193      15505    52.48135   13.23847  POLYGON ((13.28149 52.49817, 13.28228 52.49778...
188  14195      14667    52.45858   13.28463  POLYGON ((13.27759 52.47487, 13.28447 52.46998...
189  14197      17889    52.47319    13.3103  POLYGON ((13.32027 52.47775, 13.31991 52.47096...
190  14199      13657    52.47796   13.29242  POLYGON ((13.31186 52.48048, 13.30158 52.47452...

[190 rows x 5 columns],           PLZ Bundesland Breitengrad  Längengrad   KW                                           geometry
0     10117.0     Berlin   52.527469  13.3769756   22  POLYGON ((13.40031 52.5233, 13.40051 52.52216,...
1     10117.0     Berlin   52.527469  13.3769756   22  POLYGON ((13.40031 52.5233, 13.40051 52.52216,...
2     10117.0     Berlin   52.527469  13.3769756   22  POLYGON ((13.40031 52.5233, 13.40051 52.52216,...
3     10117.0     Berlin   52.527469  13.3769756   22  POLYGON ((13.40031 52.5233, 13.40051 52.52216,...
4     10117.0     Berlin   52.512433   13.380519   44  POLYGON ((13.40031 52.5233, 13.40051 52.52216,...
...       ...        ...         ...         ...  ...                                                ...
2741  14199.0     Berlin   52.476902   13.287843   22  POLYGON ((13.31186 52.48048, 13.30158 52.47452...
2742  14199.0     Berlin   52.479241   13.308733   22  POLYGON ((13.31186 52.48048, 13.30158 52.47452...
2743  14199.0     Berlin    52.47361   13.290291  3,7  POLYGON ((13.31186 52.48048, 13.30158 52.47452...
2744  14199.0     Berlin   52.477634   13.282364   22  POLYGON ((13.31186 52.48048, 13.30158 52.47452...
2745  14199.0     Berlin   52.484282   13.294078   22  POLYGON ((13.31186 52.48048, 13.30158 52.47452...

[2737 rows x 6 columns]), kwargs: {}
2025-02-01 16:32:29,698 - INFO - Starting merge_geo_dataframes function.
2025-02-01 16:32:29,702 - INFO - Merged population and charging stations DataFrames. Shape: (190, 6)
2025-02-01 16:32:29,705 - INFO - Filling NaN values in 'Number' column with 0.
2025-02-01 16:32:29,705 - INFO - merge_geo_dataframes function completed successfully.
2025-02-01 16:32:29,705 - INFO -  ====> Duration 0.01 secs: 
Merges the charging stations and population dataframes and fills NA's with 0
Inputs:
    - df_charging_stations: A geodataframe sorted by PLZ and containing information about the charging stations
    - df_population: A geodataframe sorted by PLZ and containing information about the population
Outputs: A merged geodataframe

2025-02-01 16:32:29,714 - INFO - Called mapping_residents with args: (       PLZ  Einwohner Breitengrad Längengrad                                           geometry
0    10115      20313    52.53195    13.3838  POLYGON ((13.37239 52.53821, 13.3741 52.53717,...
1    10117      12217    52.51752   13.38777  POLYGON ((13.40031 52.5233, 13.40051 52.52216,...
2    10119      16363    52.53013   13.40551  POLYGON ((13.40056 52.53639, 13.4026 52.53507,...
3    10178      12167     52.5203   13.40473  POLYGON ((13.40918 52.52917, 13.41476 52.52779...
4    10179      18664    52.51379   13.41524  POLYGON ((13.42827 52.51895, 13.42751 52.51775...
..     ...        ...         ...        ...                                                ...
186  14169      17274       52.45   13.25883  POLYGON ((13.24957 52.45778, 13.25047 52.45803...
187  14193      15505    52.48135   13.23847  POLYGON ((13.28149 52.49817, 13.28228 52.49778...
188  14195      14667    52.45858   13.28463  POLYGON ((13.27759 52.47487, 13.28447 52.46998...
189  14197      17889    52.47319    13.3103  POLYGON ((13.32027 52.47775, 13.31991 52.47096...
190  14199      13657    52.47796   13.29242  POLYGON ((13.31186 52.48048, 13.30158 52.47452...

[190 rows x 5 columns], <folium.folium.Map object at 0x000002C8219BF230>), kwargs: {}
2025-02-01 16:32:29,772 - INFO - mapping_residents returned (<branca.colormap.LinearColormap object at 0x000002C8219D3070>, <folium.folium.Map object at 0x000002C8219BF230>)
2025-02-01 16:32:29,939 - INFO - create_electric_charging_residents_heatmap returned None
2025-02-01 16:32:29,949 - INFO -  ====> Duration 0.71 secs: Main: Generation of Streamlit App for visualizing electric charging stations & residents in Berlin 
2025-02-01 16:32:38,040 - INFO - Current working directory: E:\Study\BHT\AdvancedSE\Assignment1\BerlinChargeHub
2025-02-01 16:32:38,041 - INFO - Starting execution of the main function.
2025-02-01 16:32:38,049 - INFO - geodata_berlin_plz.csv loaded successfully.
2025-02-01 16:32:38,304 - INFO - Ladesaeulenregister.csv loaded successfully.
2025-02-01 16:32:38,304 - INFO - Starting preprop_lstat function.
2025-02-01 16:32:38,320 - INFO - Renamed columns in DataFrame.
2025-02-01 16:32:38,354 - INFO - Formatted latitude and longitude columns.
2025-02-01 16:32:38,357 - INFO - Filtered data for Berlin. Shape: (2746, 5)
2025-02-01 16:32:38,359 - INFO - Starting sort_by_plz_add_geometry function.
2025-02-01 16:32:38,361 - INFO - Merged DataFrame with geometry. Shape: (2746, 6)
2025-02-01 16:32:38,364 - INFO - DataFrame after dropping missing geometries. Shape: (2737, 6)
2025-02-01 16:32:38,463 - INFO - sort_by_plz_add_geometry function completed successfully.
2025-02-01 16:32:38,472 - INFO - preprop_lstat function completed successfully.
2025-02-01 16:32:38,484 - INFO -  ====> Duration 0.18 secs: Preprocessing dataframe from Ladesaeulenregister.csv
2025-02-01 16:32:38,484 - INFO - Starting count_plz_occurrences function.
2025-02-01 16:32:38,491 - INFO - count_plz_occurrences function completed successfully. Output DataFrame shape: (183, 3)
2025-02-01 16:32:38,494 - INFO -  ====> Duration 0.01 secs: Counts loading stations per PLZ
2025-02-01 16:32:38,503 - INFO - plz_einwohner.csv loaded successfully.
2025-02-01 16:32:38,503 - INFO - Starting preprop_resid function.
2025-02-01 16:32:38,504 - INFO - Renamed columns in DataFrame.
2025-02-01 16:32:38,514 - INFO - Formatted latitude and longitude columns.
2025-02-01 16:32:38,515 - INFO - Filtered DataFrame by postal codes. Remaining rows: 191
2025-02-01 16:32:38,517 - INFO - Starting sort_by_plz_add_geometry function.
2025-02-01 16:32:38,518 - INFO - Merged DataFrame with geometry. Shape: (191, 5)
2025-02-01 16:32:38,521 - INFO - DataFrame after dropping missing geometries. Shape: (190, 5)
2025-02-01 16:32:38,529 - INFO - sort_by_plz_add_geometry function completed successfully.
2025-02-01 16:32:38,529 - INFO - preprop_resid function completed successfully.
2025-02-01 16:32:38,530 - INFO -  ====> Duration 0.03 secs: 
Processes and prepares a dataframe by cleaning and filtering postal codes, renaming columns, and transforming
geographical data. The function works by copying the given data, transforming numeric columns into strings, and replacing
comma-separators for proper formatting. It also filters the dataset based on postal codes and combines additional
geometry information via another function.

Return: The processed dataframe with cleaned, formatted, and enriched data combining postal codes and geometrical information.
:rtype: pandas.DataFrame

2025-02-01 16:32:38,540 - INFO - Called create_electric_charging_residents_heatmap with args: (         PLZ  Number                                           geometry
0    10117.0      54  POLYGON ((13.40031 52.5233, 13.40051 52.52216,...
1    10119.0       6  POLYGON ((13.40056 52.53639, 13.4026 52.53507,...
2    10178.0      30  POLYGON ((13.40918 52.52917, 13.41476 52.52779...
3    10179.0      37  POLYGON ((13.42827 52.51895, 13.42751 52.51775...
4    10243.0      39  POLYGON ((13.42554 52.52371, 13.42862 52.52358...
..       ...     ...                                                ...
178  14169.0      17  POLYGON ((13.24957 52.45778, 13.25047 52.45803...
179  14193.0       3  POLYGON ((13.28149 52.49817, 13.28228 52.49778...
180  14195.0      32  POLYGON ((13.27759 52.47487, 13.28447 52.46998...
181  14197.0      12  POLYGON ((13.32027 52.47775, 13.31991 52.47096...
182  14199.0       7  POLYGON ((13.31186 52.48048, 13.30158 52.47452...

[183 rows x 3 columns],        PLZ  Einwohner Breitengrad Längengrad                                           geometry
0    10115      20313    52.53195    13.3838  POLYGON ((13.37239 52.53821, 13.3741 52.53717,...
1    10117      12217    52.51752   13.38777  POLYGON ((13.40031 52.5233, 13.40051 52.52216,...
2    10119      16363    52.53013   13.40551  POLYGON ((13.40056 52.53639, 13.4026 52.53507,...
3    10178      12167     52.5203   13.40473  POLYGON ((13.40918 52.52917, 13.41476 52.52779...
4    10179      18664    52.51379   13.41524  POLYGON ((13.42827 52.51895, 13.42751 52.51775...
..     ...        ...         ...        ...                                                ...
186  14169      17274       52.45   13.25883  POLYGON ((13.24957 52.45778, 13.25047 52.45803...
187  14193      15505    52.48135   13.23847  POLYGON ((13.28149 52.49817, 13.28228 52.49778...
188  14195      14667    52.45858   13.28463  POLYGON ((13.27759 52.47487, 13.28447 52.46998...
189  14197      17889    52.47319    13.3103  POLYGON ((13.32027 52.47775, 13.31991 52.47096...
190  14199      13657    52.47796   13.29242  POLYGON ((13.31186 52.48048, 13.30158 52.47452...

[190 rows x 5 columns],           PLZ Bundesland Breitengrad  Längengrad   KW                                           geometry
0     10117.0     Berlin   52.527469  13.3769756   22  POLYGON ((13.40031 52.5233, 13.40051 52.52216,...
1     10117.0     Berlin   52.527469  13.3769756   22  POLYGON ((13.40031 52.5233, 13.40051 52.52216,...
2     10117.0     Berlin   52.527469  13.3769756   22  POLYGON ((13.40031 52.5233, 13.40051 52.52216,...
3     10117.0     Berlin   52.527469  13.3769756   22  POLYGON ((13.40031 52.5233, 13.40051 52.52216,...
4     10117.0     Berlin   52.512433   13.380519   44  POLYGON ((13.40031 52.5233, 13.40051 52.52216,...
...       ...        ...         ...         ...  ...                                                ...
2741  14199.0     Berlin   52.476902   13.287843   22  POLYGON ((13.31186 52.48048, 13.30158 52.47452...
2742  14199.0     Berlin   52.479241   13.308733   22  POLYGON ((13.31186 52.48048, 13.30158 52.47452...
2743  14199.0     Berlin    52.47361   13.290291  3,7  POLYGON ((13.31186 52.48048, 13.30158 52.47452...
2744  14199.0     Berlin   52.477634   13.282364   22  POLYGON ((13.31186 52.48048, 13.30158 52.47452...
2745  14199.0     Berlin   52.484282   13.294078   22  POLYGON ((13.31186 52.48048, 13.30158 52.47452...

[2737 rows x 6 columns]), kwargs: {}
2025-02-01 16:32:38,579 - INFO - Starting merge_geo_dataframes function.
2025-02-01 16:32:38,584 - INFO - Merged population and charging stations DataFrames. Shape: (190, 6)
2025-02-01 16:32:38,589 - INFO - Filling NaN values in 'Number' column with 0.
2025-02-01 16:32:38,589 - INFO - merge_geo_dataframes function completed successfully.
2025-02-01 16:32:38,589 - INFO -  ====> Duration 0.01 secs: 
Merges the charging stations and population dataframes and fills NA's with 0
Inputs:
    - df_charging_stations: A geodataframe sorted by PLZ and containing information about the charging stations
    - df_population: A geodataframe sorted by PLZ and containing information about the population
Outputs: A merged geodataframe

2025-02-01 16:32:38,600 - INFO - Called mapping_residents with args: (       PLZ  Einwohner Breitengrad Längengrad                                           geometry
0    10115      20313    52.53195    13.3838  POLYGON ((13.37239 52.53821, 13.3741 52.53717,...
1    10117      12217    52.51752   13.38777  POLYGON ((13.40031 52.5233, 13.40051 52.52216,...
2    10119      16363    52.53013   13.40551  POLYGON ((13.40056 52.53639, 13.4026 52.53507,...
3    10178      12167     52.5203   13.40473  POLYGON ((13.40918 52.52917, 13.41476 52.52779...
4    10179      18664    52.51379   13.41524  POLYGON ((13.42827 52.51895, 13.42751 52.51775...
..     ...        ...         ...        ...                                                ...
186  14169      17274       52.45   13.25883  POLYGON ((13.24957 52.45778, 13.25047 52.45803...
187  14193      15505    52.48135   13.23847  POLYGON ((13.28149 52.49817, 13.28228 52.49778...
188  14195      14667    52.45858   13.28463  POLYGON ((13.27759 52.47487, 13.28447 52.46998...
189  14197      17889    52.47319    13.3103  POLYGON ((13.32027 52.47775, 13.31991 52.47096...
190  14199      13657    52.47796   13.29242  POLYGON ((13.31186 52.48048, 13.30158 52.47452...

[190 rows x 5 columns], <folium.folium.Map object at 0x000002C853F07C50>), kwargs: {}
2025-02-01 16:32:38,666 - INFO - mapping_residents returned (<branca.colormap.LinearColormap object at 0x000002C8219D2F90>, <folium.folium.Map object at 0x000002C853F07C50>)
2025-02-01 16:32:38,874 - INFO - create_electric_charging_residents_heatmap returned None
2025-02-01 16:32:38,886 - INFO -  ====> Duration 0.85 secs: Main: Generation of Streamlit App for visualizing electric charging stations & residents in Berlin 
2025-02-01 16:32:40,044 - INFO - Current working directory: E:\Study\BHT\AdvancedSE\Assignment1\BerlinChargeHub
2025-02-01 16:32:40,045 - INFO - Starting execution of the main function.
2025-02-01 16:32:40,052 - INFO - geodata_berlin_plz.csv loaded successfully.
2025-02-01 16:32:40,249 - INFO - Ladesaeulenregister.csv loaded successfully.
2025-02-01 16:32:40,253 - INFO - Starting preprop_lstat function.
2025-02-01 16:32:40,273 - INFO - Renamed columns in DataFrame.
2025-02-01 16:32:40,292 - INFO - Formatted latitude and longitude columns.
2025-02-01 16:32:40,295 - INFO - Filtered data for Berlin. Shape: (2746, 5)
2025-02-01 16:32:40,299 - INFO - Starting sort_by_plz_add_geometry function.
2025-02-01 16:32:40,301 - INFO - Merged DataFrame with geometry. Shape: (2746, 6)
2025-02-01 16:32:40,305 - INFO - DataFrame after dropping missing geometries. Shape: (2737, 6)
2025-02-01 16:32:40,378 - INFO - sort_by_plz_add_geometry function completed successfully.
2025-02-01 16:32:40,378 - INFO - preprop_lstat function completed successfully.
2025-02-01 16:32:40,386 - INFO -  ====> Duration 0.13 secs: Preprocessing dataframe from Ladesaeulenregister.csv
2025-02-01 16:32:40,386 - INFO - Starting count_plz_occurrences function.
2025-02-01 16:32:40,391 - INFO - count_plz_occurrences function completed successfully. Output DataFrame shape: (183, 3)
2025-02-01 16:32:40,393 - INFO -  ====> Duration 0.01 secs: Counts loading stations per PLZ
2025-02-01 16:32:40,400 - INFO - plz_einwohner.csv loaded successfully.
2025-02-01 16:32:40,401 - INFO - Starting preprop_resid function.
2025-02-01 16:32:40,401 - INFO - Renamed columns in DataFrame.
2025-02-01 16:32:40,408 - INFO - Formatted latitude and longitude columns.
2025-02-01 16:32:40,409 - INFO - Filtered DataFrame by postal codes. Remaining rows: 191
2025-02-01 16:32:40,410 - INFO - Starting sort_by_plz_add_geometry function.
2025-02-01 16:32:40,412 - INFO - Merged DataFrame with geometry. Shape: (191, 5)
2025-02-01 16:32:40,414 - INFO - DataFrame after dropping missing geometries. Shape: (190, 5)
2025-02-01 16:32:40,422 - INFO - sort_by_plz_add_geometry function completed successfully.
2025-02-01 16:32:40,422 - INFO - preprop_resid function completed successfully.
2025-02-01 16:32:40,422 - INFO -  ====> Duration 0.02 secs: 
Processes and prepares a dataframe by cleaning and filtering postal codes, renaming columns, and transforming
geographical data. The function works by copying the given data, transforming numeric columns into strings, and replacing
comma-separators for proper formatting. It also filters the dataset based on postal codes and combines additional
geometry information via another function.

Return: The processed dataframe with cleaned, formatted, and enriched data combining postal codes and geometrical information.
:rtype: pandas.DataFrame

2025-02-01 16:32:40,432 - INFO - Called create_electric_charging_residents_heatmap with args: (         PLZ  Number                                           geometry
0    10117.0      54  POLYGON ((13.40031 52.5233, 13.40051 52.52216,...
1    10119.0       6  POLYGON ((13.40056 52.53639, 13.4026 52.53507,...
2    10178.0      30  POLYGON ((13.40918 52.52917, 13.41476 52.52779...
3    10179.0      37  POLYGON ((13.42827 52.51895, 13.42751 52.51775...
4    10243.0      39  POLYGON ((13.42554 52.52371, 13.42862 52.52358...
..       ...     ...                                                ...
178  14169.0      17  POLYGON ((13.24957 52.45778, 13.25047 52.45803...
179  14193.0       3  POLYGON ((13.28149 52.49817, 13.28228 52.49778...
180  14195.0      32  POLYGON ((13.27759 52.47487, 13.28447 52.46998...
181  14197.0      12  POLYGON ((13.32027 52.47775, 13.31991 52.47096...
182  14199.0       7  POLYGON ((13.31186 52.48048, 13.30158 52.47452...

[183 rows x 3 columns],        PLZ  Einwohner Breitengrad Längengrad                                           geometry
0    10115      20313    52.53195    13.3838  POLYGON ((13.37239 52.53821, 13.3741 52.53717,...
1    10117      12217    52.51752   13.38777  POLYGON ((13.40031 52.5233, 13.40051 52.52216,...
2    10119      16363    52.53013   13.40551  POLYGON ((13.40056 52.53639, 13.4026 52.53507,...
3    10178      12167     52.5203   13.40473  POLYGON ((13.40918 52.52917, 13.41476 52.52779...
4    10179      18664    52.51379   13.41524  POLYGON ((13.42827 52.51895, 13.42751 52.51775...
..     ...        ...         ...        ...                                                ...
186  14169      17274       52.45   13.25883  POLYGON ((13.24957 52.45778, 13.25047 52.45803...
187  14193      15505    52.48135   13.23847  POLYGON ((13.28149 52.49817, 13.28228 52.49778...
188  14195      14667    52.45858   13.28463  POLYGON ((13.27759 52.47487, 13.28447 52.46998...
189  14197      17889    52.47319    13.3103  POLYGON ((13.32027 52.47775, 13.31991 52.47096...
190  14199      13657    52.47796   13.29242  POLYGON ((13.31186 52.48048, 13.30158 52.47452...

[190 rows x 5 columns],           PLZ Bundesland Breitengrad  Längengrad   KW                                           geometry
0     10117.0     Berlin   52.527469  13.3769756   22  POLYGON ((13.40031 52.5233, 13.40051 52.52216,...
1     10117.0     Berlin   52.527469  13.3769756   22  POLYGON ((13.40031 52.5233, 13.40051 52.52216,...
2     10117.0     Berlin   52.527469  13.3769756   22  POLYGON ((13.40031 52.5233, 13.40051 52.52216,...
3     10117.0     Berlin   52.527469  13.3769756   22  POLYGON ((13.40031 52.5233, 13.40051 52.52216,...
4     10117.0     Berlin   52.512433   13.380519   44  POLYGON ((13.40031 52.5233, 13.40051 52.52216,...
...       ...        ...         ...         ...  ...                                                ...
2741  14199.0     Berlin   52.476902   13.287843   22  POLYGON ((13.31186 52.48048, 13.30158 52.47452...
2742  14199.0     Berlin   52.479241   13.308733   22  POLYGON ((13.31186 52.48048, 13.30158 52.47452...
2743  14199.0     Berlin    52.47361   13.290291  3,7  POLYGON ((13.31186 52.48048, 13.30158 52.47452...
2744  14199.0     Berlin   52.477634   13.282364   22  POLYGON ((13.31186 52.48048, 13.30158 52.47452...
2745  14199.0     Berlin   52.484282   13.294078   22  POLYGON ((13.31186 52.48048, 13.30158 52.47452...

[2737 rows x 6 columns]), kwargs: {}
2025-02-01 16:32:40,433 - INFO - Starting merge_geo_dataframes function.
2025-02-01 16:32:40,436 - INFO - Merged population and charging stations DataFrames. Shape: (190, 6)
2025-02-01 16:32:40,440 - INFO - Filling NaN values in 'Number' column with 0.
2025-02-01 16:32:40,440 - INFO - merge_geo_dataframes function completed successfully.
2025-02-01 16:32:40,440 - INFO -  ====> Duration 0.01 secs: 
Merges the charging stations and population dataframes and fills NA's with 0
Inputs:
    - df_charging_stations: A geodataframe sorted by PLZ and containing information about the charging stations
    - df_population: A geodataframe sorted by PLZ and containing information about the population
Outputs: A merged geodataframe

2025-02-01 16:32:40,441 - INFO - Searching for postal code: 10115
2025-02-01 16:32:40,449 - INFO - merged_df: 
     PLZ  Einwohner Breitengrad Längengrad                                           geometry  Number
0  10115      20313    52.53195    13.3838  POLYGON ((13.37239 52.53821, 13.3741 52.53717,...     0.0
1  10117      12217    52.51752   13.38777  POLYGON ((13.40031 52.5233, 13.40051 52.52216,...    54.0
2  10119      16363    52.53013   13.40551  POLYGON ((13.40056 52.53639, 13.4026 52.53507,...     6.0
3  10178      12167     52.5203   13.40473  POLYGON ((13.40918 52.52917, 13.41476 52.52779...    30.0
4  10179      18664    52.51379   13.41524  POLYGON ((13.42827 52.51895, 13.42751 52.51775...    37.0
2025-02-01 16:32:40,453 - INFO - Filtered dataframe:
     PLZ  Einwohner Breitengrad Längengrad                                           geometry  Number
0  10115      20313    52.53195    13.3838  POLYGON ((13.37239 52.53821, 13.3741 52.53717,...     0.0
2025-02-01 16:32:40,454 - INFO - result shape: ([ChargingStation(postal_code=10115, latitude=52.53195, longitude=13.3838)], StationSearchPerformed(timestamp=Timestamp('2025-02-01 16:32:40.454012'), postal_code='10115', stations_found=0))

2025-02-01 16:32:40,468 - INFO - Called mapping_residents with args: (       PLZ  Einwohner Breitengrad Längengrad                                           geometry
0    10115      20313    52.53195    13.3838  POLYGON ((13.37239 52.53821, 13.3741 52.53717,...
1    10117      12217    52.51752   13.38777  POLYGON ((13.40031 52.5233, 13.40051 52.52216,...
2    10119      16363    52.53013   13.40551  POLYGON ((13.40056 52.53639, 13.4026 52.53507,...
3    10178      12167     52.5203   13.40473  POLYGON ((13.40918 52.52917, 13.41476 52.52779...
4    10179      18664    52.51379   13.41524  POLYGON ((13.42827 52.51895, 13.42751 52.51775...
..     ...        ...         ...        ...                                                ...
186  14169      17274       52.45   13.25883  POLYGON ((13.24957 52.45778, 13.25047 52.45803...
187  14193      15505    52.48135   13.23847  POLYGON ((13.28149 52.49817, 13.28228 52.49778...
188  14195      14667    52.45858   13.28463  POLYGON ((13.27759 52.47487, 13.28447 52.46998...
189  14197      17889    52.47319    13.3103  POLYGON ((13.32027 52.47775, 13.31991 52.47096...
190  14199      13657    52.47796   13.29242  POLYGON ((13.31186 52.48048, 13.30158 52.47452...

[190 rows x 5 columns], <folium.folium.Map object at 0x000002C853F04F50>), kwargs: {}
2025-02-01 16:32:40,509 - INFO - mapping_residents returned (<branca.colormap.LinearColormap object at 0x000002C853F275B0>, <folium.folium.Map object at 0x000002C853F04F50>)
2025-02-01 16:32:40,651 - INFO - create_electric_charging_residents_heatmap returned None
2025-02-01 16:32:40,659 - INFO -  ====> Duration 0.61 secs: Main: Generation of Streamlit App for visualizing electric charging stations & residents in Berlin 
2025-02-01 16:32:45,164 - INFO - Current working directory: E:\Study\BHT\AdvancedSE\Assignment1\BerlinChargeHub
2025-02-01 16:32:45,165 - INFO - Starting execution of the main function.
2025-02-01 16:32:45,173 - INFO - geodata_berlin_plz.csv loaded successfully.
2025-02-01 16:32:45,368 - INFO - Ladesaeulenregister.csv loaded successfully.
2025-02-01 16:32:45,368 - INFO - Starting preprop_lstat function.
2025-02-01 16:32:45,379 - INFO - Renamed columns in DataFrame.
2025-02-01 16:32:45,398 - INFO - Formatted latitude and longitude columns.
2025-02-01 16:32:45,402 - INFO - Filtered data for Berlin. Shape: (2746, 5)
2025-02-01 16:32:45,405 - INFO - Starting sort_by_plz_add_geometry function.
2025-02-01 16:32:45,407 - INFO - Merged DataFrame with geometry. Shape: (2746, 6)
2025-02-01 16:32:45,411 - INFO - DataFrame after dropping missing geometries. Shape: (2737, 6)
2025-02-01 16:32:45,484 - INFO - sort_by_plz_add_geometry function completed successfully.
2025-02-01 16:32:45,484 - INFO - preprop_lstat function completed successfully.
2025-02-01 16:32:45,491 - INFO -  ====> Duration 0.12 secs: Preprocessing dataframe from Ladesaeulenregister.csv
2025-02-01 16:32:45,491 - INFO - Starting count_plz_occurrences function.
2025-02-01 16:32:45,497 - INFO - count_plz_occurrences function completed successfully. Output DataFrame shape: (183, 3)
2025-02-01 16:32:45,499 - INFO -  ====> Duration 0.01 secs: Counts loading stations per PLZ
2025-02-01 16:32:45,506 - INFO - plz_einwohner.csv loaded successfully.
2025-02-01 16:32:45,507 - INFO - Starting preprop_resid function.
2025-02-01 16:32:45,507 - INFO - Renamed columns in DataFrame.
2025-02-01 16:32:45,515 - INFO - Formatted latitude and longitude columns.
2025-02-01 16:32:45,516 - INFO - Filtered DataFrame by postal codes. Remaining rows: 191
2025-02-01 16:32:45,517 - INFO - Starting sort_by_plz_add_geometry function.
2025-02-01 16:32:45,518 - INFO - Merged DataFrame with geometry. Shape: (191, 5)
2025-02-01 16:32:45,521 - INFO - DataFrame after dropping missing geometries. Shape: (190, 5)
2025-02-01 16:32:45,529 - INFO - sort_by_plz_add_geometry function completed successfully.
2025-02-01 16:32:45,530 - INFO - preprop_resid function completed successfully.
2025-02-01 16:32:45,530 - INFO -  ====> Duration 0.02 secs: 
Processes and prepares a dataframe by cleaning and filtering postal codes, renaming columns, and transforming
geographical data. The function works by copying the given data, transforming numeric columns into strings, and replacing
comma-separators for proper formatting. It also filters the dataset based on postal codes and combines additional
geometry information via another function.

Return: The processed dataframe with cleaned, formatted, and enriched data combining postal codes and geometrical information.
:rtype: pandas.DataFrame

2025-02-01 16:32:45,539 - INFO - Called create_electric_charging_residents_heatmap with args: (         PLZ  Number                                           geometry
0    10117.0      54  POLYGON ((13.40031 52.5233, 13.40051 52.52216,...
1    10119.0       6  POLYGON ((13.40056 52.53639, 13.4026 52.53507,...
2    10178.0      30  POLYGON ((13.40918 52.52917, 13.41476 52.52779...
3    10179.0      37  POLYGON ((13.42827 52.51895, 13.42751 52.51775...
4    10243.0      39  POLYGON ((13.42554 52.52371, 13.42862 52.52358...
..       ...     ...                                                ...
178  14169.0      17  POLYGON ((13.24957 52.45778, 13.25047 52.45803...
179  14193.0       3  POLYGON ((13.28149 52.49817, 13.28228 52.49778...
180  14195.0      32  POLYGON ((13.27759 52.47487, 13.28447 52.46998...
181  14197.0      12  POLYGON ((13.32027 52.47775, 13.31991 52.47096...
182  14199.0       7  POLYGON ((13.31186 52.48048, 13.30158 52.47452...

[183 rows x 3 columns],        PLZ  Einwohner Breitengrad Längengrad                                           geometry
0    10115      20313    52.53195    13.3838  POLYGON ((13.37239 52.53821, 13.3741 52.53717,...
1    10117      12217    52.51752   13.38777  POLYGON ((13.40031 52.5233, 13.40051 52.52216,...
2    10119      16363    52.53013   13.40551  POLYGON ((13.40056 52.53639, 13.4026 52.53507,...
3    10178      12167     52.5203   13.40473  POLYGON ((13.40918 52.52917, 13.41476 52.52779...
4    10179      18664    52.51379   13.41524  POLYGON ((13.42827 52.51895, 13.42751 52.51775...
..     ...        ...         ...        ...                                                ...
186  14169      17274       52.45   13.25883  POLYGON ((13.24957 52.45778, 13.25047 52.45803...
187  14193      15505    52.48135   13.23847  POLYGON ((13.28149 52.49817, 13.28228 52.49778...
188  14195      14667    52.45858   13.28463  POLYGON ((13.27759 52.47487, 13.28447 52.46998...
189  14197      17889    52.47319    13.3103  POLYGON ((13.32027 52.47775, 13.31991 52.47096...
190  14199      13657    52.47796   13.29242  POLYGON ((13.31186 52.48048, 13.30158 52.47452...

[190 rows x 5 columns],           PLZ Bundesland Breitengrad  Längengrad   KW                                           geometry
0     10117.0     Berlin   52.527469  13.3769756   22  POLYGON ((13.40031 52.5233, 13.40051 52.52216,...
1     10117.0     Berlin   52.527469  13.3769756   22  POLYGON ((13.40031 52.5233, 13.40051 52.52216,...
2     10117.0     Berlin   52.527469  13.3769756   22  POLYGON ((13.40031 52.5233, 13.40051 52.52216,...
3     10117.0     Berlin   52.527469  13.3769756   22  POLYGON ((13.40031 52.5233, 13.40051 52.52216,...
4     10117.0     Berlin   52.512433   13.380519   44  POLYGON ((13.40031 52.5233, 13.40051 52.52216,...
...       ...        ...         ...         ...  ...                                                ...
2741  14199.0     Berlin   52.476902   13.287843   22  POLYGON ((13.31186 52.48048, 13.30158 52.47452...
2742  14199.0     Berlin   52.479241   13.308733   22  POLYGON ((13.31186 52.48048, 13.30158 52.47452...
2743  14199.0     Berlin    52.47361   13.290291  3,7  POLYGON ((13.31186 52.48048, 13.30158 52.47452...
2744  14199.0     Berlin   52.477634   13.282364   22  POLYGON ((13.31186 52.48048, 13.30158 52.47452...
2745  14199.0     Berlin   52.484282   13.294078   22  POLYGON ((13.31186 52.48048, 13.30158 52.47452...

[2737 rows x 6 columns]), kwargs: {}
2025-02-01 16:32:45,540 - INFO - Starting merge_geo_dataframes function.
2025-02-01 16:32:45,543 - INFO - Merged population and charging stations DataFrames. Shape: (190, 6)
2025-02-01 16:32:45,546 - INFO - Filling NaN values in 'Number' column with 0.
2025-02-01 16:32:45,546 - INFO - merge_geo_dataframes function completed successfully.
2025-02-01 16:32:45,546 - INFO -  ====> Duration 0.01 secs: 
Merges the charging stations and population dataframes and fills NA's with 0
Inputs:
    - df_charging_stations: A geodataframe sorted by PLZ and containing information about the charging stations
    - df_population: A geodataframe sorted by PLZ and containing information about the population
Outputs: A merged geodataframe

2025-02-01 16:32:45,556 - INFO - Called mapping_residents with args: (       PLZ  Einwohner Breitengrad Längengrad                                           geometry
0    10115      20313    52.53195    13.3838  POLYGON ((13.37239 52.53821, 13.3741 52.53717,...
1    10117      12217    52.51752   13.38777  POLYGON ((13.40031 52.5233, 13.40051 52.52216,...
2    10119      16363    52.53013   13.40551  POLYGON ((13.40056 52.53639, 13.4026 52.53507,...
3    10178      12167     52.5203   13.40473  POLYGON ((13.40918 52.52917, 13.41476 52.52779...
4    10179      18664    52.51379   13.41524  POLYGON ((13.42827 52.51895, 13.42751 52.51775...
..     ...        ...         ...        ...                                                ...
186  14169      17274       52.45   13.25883  POLYGON ((13.24957 52.45778, 13.25047 52.45803...
187  14193      15505    52.48135   13.23847  POLYGON ((13.28149 52.49817, 13.28228 52.49778...
188  14195      14667    52.45858   13.28463  POLYGON ((13.27759 52.47487, 13.28447 52.46998...
189  14197      17889    52.47319    13.3103  POLYGON ((13.32027 52.47775, 13.31991 52.47096...
190  14199      13657    52.47796   13.29242  POLYGON ((13.31186 52.48048, 13.30158 52.47452...

[190 rows x 5 columns], <folium.folium.Map object at 0x000002C853D70B00>), kwargs: {}
2025-02-01 16:32:45,600 - INFO - mapping_residents returned (<branca.colormap.LinearColormap object at 0x000002C856632890>, <folium.folium.Map object at 0x000002C853D70B00>)
2025-02-01 16:32:45,750 - INFO - create_electric_charging_residents_heatmap returned None
2025-02-01 16:32:45,758 - INFO -  ====> Duration 0.59 secs: Main: Generation of Streamlit App for visualizing electric charging stations & residents in Berlin 
2025-02-01 16:32:45,832 - INFO - Current working directory: E:\Study\BHT\AdvancedSE\Assignment1\BerlinChargeHub
2025-02-01 16:32:45,833 - INFO - Starting execution of the main function.
2025-02-01 16:32:45,840 - INFO - geodata_berlin_plz.csv loaded successfully.
2025-02-01 16:32:46,042 - INFO - Ladesaeulenregister.csv loaded successfully.
2025-02-01 16:32:46,042 - INFO - Starting preprop_lstat function.
2025-02-01 16:32:46,055 - INFO - Renamed columns in DataFrame.
2025-02-01 16:32:46,077 - INFO - Formatted latitude and longitude columns.
2025-02-01 16:32:46,080 - INFO - Filtered data for Berlin. Shape: (2746, 5)
2025-02-01 16:32:46,083 - INFO - Starting sort_by_plz_add_geometry function.
2025-02-01 16:32:46,087 - INFO - Merged DataFrame with geometry. Shape: (2746, 6)
2025-02-01 16:32:46,091 - INFO - DataFrame after dropping missing geometries. Shape: (2737, 6)
2025-02-01 16:32:46,162 - INFO - sort_by_plz_add_geometry function completed successfully.
2025-02-01 16:32:46,163 - INFO - preprop_lstat function completed successfully.
2025-02-01 16:32:46,168 - INFO -  ====> Duration 0.13 secs: Preprocessing dataframe from Ladesaeulenregister.csv
2025-02-01 16:32:46,168 - INFO - Starting count_plz_occurrences function.
2025-02-01 16:32:46,174 - INFO - count_plz_occurrences function completed successfully. Output DataFrame shape: (183, 3)
2025-02-01 16:32:46,177 - INFO -  ====> Duration 0.01 secs: Counts loading stations per PLZ
2025-02-01 16:32:46,183 - INFO - plz_einwohner.csv loaded successfully.
2025-02-01 16:32:46,184 - INFO - Starting preprop_resid function.
2025-02-01 16:32:46,184 - INFO - Renamed columns in DataFrame.
2025-02-01 16:32:46,196 - INFO - Formatted latitude and longitude columns.
2025-02-01 16:32:46,196 - INFO - Filtered DataFrame by postal codes. Remaining rows: 191
2025-02-01 16:32:46,207 - INFO - Starting sort_by_plz_add_geometry function.
2025-02-01 16:32:46,209 - INFO - Merged DataFrame with geometry. Shape: (191, 5)
2025-02-01 16:32:46,211 - INFO - DataFrame after dropping missing geometries. Shape: (190, 5)
2025-02-01 16:32:46,221 - INFO - sort_by_plz_add_geometry function completed successfully.
2025-02-01 16:32:46,221 - INFO - preprop_resid function completed successfully.
2025-02-01 16:32:46,221 - INFO -  ====> Duration 0.04 secs: 
Processes and prepares a dataframe by cleaning and filtering postal codes, renaming columns, and transforming
geographical data. The function works by copying the given data, transforming numeric columns into strings, and replacing
comma-separators for proper formatting. It also filters the dataset based on postal codes and combines additional
geometry information via another function.

Return: The processed dataframe with cleaned, formatted, and enriched data combining postal codes and geometrical information.
:rtype: pandas.DataFrame

2025-02-01 16:32:46,230 - INFO - Called create_electric_charging_residents_heatmap with args: (         PLZ  Number                                           geometry
0    10117.0      54  POLYGON ((13.40031 52.5233, 13.40051 52.52216,...
1    10119.0       6  POLYGON ((13.40056 52.53639, 13.4026 52.53507,...
2    10178.0      30  POLYGON ((13.40918 52.52917, 13.41476 52.52779...
3    10179.0      37  POLYGON ((13.42827 52.51895, 13.42751 52.51775...
4    10243.0      39  POLYGON ((13.42554 52.52371, 13.42862 52.52358...
..       ...     ...                                                ...
178  14169.0      17  POLYGON ((13.24957 52.45778, 13.25047 52.45803...
179  14193.0       3  POLYGON ((13.28149 52.49817, 13.28228 52.49778...
180  14195.0      32  POLYGON ((13.27759 52.47487, 13.28447 52.46998...
181  14197.0      12  POLYGON ((13.32027 52.47775, 13.31991 52.47096...
182  14199.0       7  POLYGON ((13.31186 52.48048, 13.30158 52.47452...

[183 rows x 3 columns],        PLZ  Einwohner Breitengrad Längengrad                                           geometry
0    10115      20313    52.53195    13.3838  POLYGON ((13.37239 52.53821, 13.3741 52.53717,...
1    10117      12217    52.51752   13.38777  POLYGON ((13.40031 52.5233, 13.40051 52.52216,...
2    10119      16363    52.53013   13.40551  POLYGON ((13.40056 52.53639, 13.4026 52.53507,...
3    10178      12167     52.5203   13.40473  POLYGON ((13.40918 52.52917, 13.41476 52.52779...
4    10179      18664    52.51379   13.41524  POLYGON ((13.42827 52.51895, 13.42751 52.51775...
..     ...        ...         ...        ...                                                ...
186  14169      17274       52.45   13.25883  POLYGON ((13.24957 52.45778, 13.25047 52.45803...
187  14193      15505    52.48135   13.23847  POLYGON ((13.28149 52.49817, 13.28228 52.49778...
188  14195      14667    52.45858   13.28463  POLYGON ((13.27759 52.47487, 13.28447 52.46998...
189  14197      17889    52.47319    13.3103  POLYGON ((13.32027 52.47775, 13.31991 52.47096...
190  14199      13657    52.47796   13.29242  POLYGON ((13.31186 52.48048, 13.30158 52.47452...

[190 rows x 5 columns],           PLZ Bundesland Breitengrad  Längengrad   KW                                           geometry
0     10117.0     Berlin   52.527469  13.3769756   22  POLYGON ((13.40031 52.5233, 13.40051 52.52216,...
1     10117.0     Berlin   52.527469  13.3769756   22  POLYGON ((13.40031 52.5233, 13.40051 52.52216,...
2     10117.0     Berlin   52.527469  13.3769756   22  POLYGON ((13.40031 52.5233, 13.40051 52.52216,...
3     10117.0     Berlin   52.527469  13.3769756   22  POLYGON ((13.40031 52.5233, 13.40051 52.52216,...
4     10117.0     Berlin   52.512433   13.380519   44  POLYGON ((13.40031 52.5233, 13.40051 52.52216,...
...       ...        ...         ...         ...  ...                                                ...
2741  14199.0     Berlin   52.476902   13.287843   22  POLYGON ((13.31186 52.48048, 13.30158 52.47452...
2742  14199.0     Berlin   52.479241   13.308733   22  POLYGON ((13.31186 52.48048, 13.30158 52.47452...
2743  14199.0     Berlin    52.47361   13.290291  3,7  POLYGON ((13.31186 52.48048, 13.30158 52.47452...
2744  14199.0     Berlin   52.477634   13.282364   22  POLYGON ((13.31186 52.48048, 13.30158 52.47452...
2745  14199.0     Berlin   52.484282   13.294078   22  POLYGON ((13.31186 52.48048, 13.30158 52.47452...

[2737 rows x 6 columns]), kwargs: {}
2025-02-01 16:32:46,231 - INFO - Starting merge_geo_dataframes function.
2025-02-01 16:32:46,234 - INFO - Merged population and charging stations DataFrames. Shape: (190, 6)
2025-02-01 16:32:46,237 - INFO - Filling NaN values in 'Number' column with 0.
2025-02-01 16:32:46,237 - INFO - merge_geo_dataframes function completed successfully.
2025-02-01 16:32:46,237 - INFO -  ====> Duration 0.01 secs: 
Merges the charging stations and population dataframes and fills NA's with 0
Inputs:
    - df_charging_stations: A geodataframe sorted by PLZ and containing information about the charging stations
    - df_population: A geodataframe sorted by PLZ and containing information about the population
Outputs: A merged geodataframe

2025-02-01 16:32:46,238 - INFO - Searching for postal code: 10117
2025-02-01 16:32:46,246 - INFO - merged_df: 
     PLZ  Einwohner Breitengrad Längengrad                                           geometry  Number
0  10115      20313    52.53195    13.3838  POLYGON ((13.37239 52.53821, 13.3741 52.53717,...     0.0
1  10117      12217    52.51752   13.38777  POLYGON ((13.40031 52.5233, 13.40051 52.52216,...    54.0
2  10119      16363    52.53013   13.40551  POLYGON ((13.40056 52.53639, 13.4026 52.53507,...     6.0
3  10178      12167     52.5203   13.40473  POLYGON ((13.40918 52.52917, 13.41476 52.52779...    30.0
4  10179      18664    52.51379   13.41524  POLYGON ((13.42827 52.51895, 13.42751 52.51775...    37.0
2025-02-01 16:32:46,250 - INFO - Filtered dataframe:
     PLZ  Einwohner Breitengrad Längengrad                                           geometry  Number
1  10117      12217    52.51752   13.38777  POLYGON ((13.40031 52.5233, 13.40051 52.52216,...    54.0
2025-02-01 16:32:46,251 - INFO - result shape: ([ChargingStation(postal_code=10117, latitude=52.51752, longitude=13.38777)], StationSearchPerformed(timestamp=Timestamp('2025-02-01 16:32:46.251458'), postal_code='10117', stations_found=54))

2025-02-01 16:32:46,257 - INFO - Called mapping_residents with args: (       PLZ  Einwohner Breitengrad Längengrad                                           geometry
0    10115      20313    52.53195    13.3838  POLYGON ((13.37239 52.53821, 13.3741 52.53717,...
1    10117      12217    52.51752   13.38777  POLYGON ((13.40031 52.5233, 13.40051 52.52216,...
2    10119      16363    52.53013   13.40551  POLYGON ((13.40056 52.53639, 13.4026 52.53507,...
3    10178      12167     52.5203   13.40473  POLYGON ((13.40918 52.52917, 13.41476 52.52779...
4    10179      18664    52.51379   13.41524  POLYGON ((13.42827 52.51895, 13.42751 52.51775...
..     ...        ...         ...        ...                                                ...
186  14169      17274       52.45   13.25883  POLYGON ((13.24957 52.45778, 13.25047 52.45803...
187  14193      15505    52.48135   13.23847  POLYGON ((13.28149 52.49817, 13.28228 52.49778...
188  14195      14667    52.45858   13.28463  POLYGON ((13.27759 52.47487, 13.28447 52.46998...
189  14197      17889    52.47319    13.3103  POLYGON ((13.32027 52.47775, 13.31991 52.47096...
190  14199      13657    52.47796   13.29242  POLYGON ((13.31186 52.48048, 13.30158 52.47452...

[190 rows x 5 columns], <folium.folium.Map object at 0x000002C853B9FE10>), kwargs: {}
2025-02-01 16:32:46,296 - INFO - mapping_residents returned (<branca.colormap.LinearColormap object at 0x000002C853F27AF0>, <folium.folium.Map object at 0x000002C853B9FE10>)
2025-02-01 16:32:46,434 - INFO - create_electric_charging_residents_heatmap returned None
2025-02-01 16:32:46,443 - INFO -  ====> Duration 0.61 secs: Main: Generation of Streamlit App for visualizing electric charging stations & residents in Berlin 
2025-02-01 16:32:48,754 - INFO - Current working directory: E:\Study\BHT\AdvancedSE\Assignment1\BerlinChargeHub
2025-02-01 16:32:48,755 - INFO - Starting execution of the main function.
2025-02-01 16:32:48,761 - INFO - geodata_berlin_plz.csv loaded successfully.
2025-02-01 16:32:48,955 - INFO - Ladesaeulenregister.csv loaded successfully.
2025-02-01 16:32:48,955 - INFO - Starting preprop_lstat function.
2025-02-01 16:32:48,967 - INFO - Renamed columns in DataFrame.
2025-02-01 16:32:48,989 - INFO - Formatted latitude and longitude columns.
2025-02-01 16:32:48,992 - INFO - Filtered data for Berlin. Shape: (2746, 5)
2025-02-01 16:32:48,994 - INFO - Starting sort_by_plz_add_geometry function.
2025-02-01 16:32:48,996 - INFO - Merged DataFrame with geometry. Shape: (2746, 6)
2025-02-01 16:32:48,999 - INFO - DataFrame after dropping missing geometries. Shape: (2737, 6)
2025-02-01 16:32:49,071 - INFO - sort_by_plz_add_geometry function completed successfully.
2025-02-01 16:32:49,071 - INFO - preprop_lstat function completed successfully.
2025-02-01 16:32:49,078 - INFO -  ====> Duration 0.12 secs: Preprocessing dataframe from Ladesaeulenregister.csv
2025-02-01 16:32:49,078 - INFO - Starting count_plz_occurrences function.
2025-02-01 16:32:49,084 - INFO - count_plz_occurrences function completed successfully. Output DataFrame shape: (183, 3)
2025-02-01 16:32:49,087 - INFO -  ====> Duration 0.01 secs: Counts loading stations per PLZ
2025-02-01 16:32:49,094 - INFO - plz_einwohner.csv loaded successfully.
2025-02-01 16:32:49,094 - INFO - Starting preprop_resid function.
2025-02-01 16:32:49,095 - INFO - Renamed columns in DataFrame.
2025-02-01 16:32:49,101 - INFO - Formatted latitude and longitude columns.
2025-02-01 16:32:49,102 - INFO - Filtered DataFrame by postal codes. Remaining rows: 191
2025-02-01 16:32:49,104 - INFO - Starting sort_by_plz_add_geometry function.
2025-02-01 16:32:49,105 - INFO - Merged DataFrame with geometry. Shape: (191, 5)
2025-02-01 16:32:49,108 - INFO - DataFrame after dropping missing geometries. Shape: (190, 5)
2025-02-01 16:32:49,116 - INFO - sort_by_plz_add_geometry function completed successfully.
2025-02-01 16:32:49,116 - INFO - preprop_resid function completed successfully.
2025-02-01 16:32:49,116 - INFO -  ====> Duration 0.02 secs: 
Processes and prepares a dataframe by cleaning and filtering postal codes, renaming columns, and transforming
geographical data. The function works by copying the given data, transforming numeric columns into strings, and replacing
comma-separators for proper formatting. It also filters the dataset based on postal codes and combines additional
geometry information via another function.

Return: The processed dataframe with cleaned, formatted, and enriched data combining postal codes and geometrical information.
:rtype: pandas.DataFrame

2025-02-01 16:32:49,125 - INFO - Called create_electric_charging_residents_heatmap with args: (         PLZ  Number                                           geometry
0    10117.0      54  POLYGON ((13.40031 52.5233, 13.40051 52.52216,...
1    10119.0       6  POLYGON ((13.40056 52.53639, 13.4026 52.53507,...
2    10178.0      30  POLYGON ((13.40918 52.52917, 13.41476 52.52779...
3    10179.0      37  POLYGON ((13.42827 52.51895, 13.42751 52.51775...
4    10243.0      39  POLYGON ((13.42554 52.52371, 13.42862 52.52358...
..       ...     ...                                                ...
178  14169.0      17  POLYGON ((13.24957 52.45778, 13.25047 52.45803...
179  14193.0       3  POLYGON ((13.28149 52.49817, 13.28228 52.49778...
180  14195.0      32  POLYGON ((13.27759 52.47487, 13.28447 52.46998...
181  14197.0      12  POLYGON ((13.32027 52.47775, 13.31991 52.47096...
182  14199.0       7  POLYGON ((13.31186 52.48048, 13.30158 52.47452...

[183 rows x 3 columns],        PLZ  Einwohner Breitengrad Längengrad                                           geometry
0    10115      20313    52.53195    13.3838  POLYGON ((13.37239 52.53821, 13.3741 52.53717,...
1    10117      12217    52.51752   13.38777  POLYGON ((13.40031 52.5233, 13.40051 52.52216,...
2    10119      16363    52.53013   13.40551  POLYGON ((13.40056 52.53639, 13.4026 52.53507,...
3    10178      12167     52.5203   13.40473  POLYGON ((13.40918 52.52917, 13.41476 52.52779...
4    10179      18664    52.51379   13.41524  POLYGON ((13.42827 52.51895, 13.42751 52.51775...
..     ...        ...         ...        ...                                                ...
186  14169      17274       52.45   13.25883  POLYGON ((13.24957 52.45778, 13.25047 52.45803...
187  14193      15505    52.48135   13.23847  POLYGON ((13.28149 52.49817, 13.28228 52.49778...
188  14195      14667    52.45858   13.28463  POLYGON ((13.27759 52.47487, 13.28447 52.46998...
189  14197      17889    52.47319    13.3103  POLYGON ((13.32027 52.47775, 13.31991 52.47096...
190  14199      13657    52.47796   13.29242  POLYGON ((13.31186 52.48048, 13.30158 52.47452...

[190 rows x 5 columns],           PLZ Bundesland Breitengrad  Längengrad   KW                                           geometry
0     10117.0     Berlin   52.527469  13.3769756   22  POLYGON ((13.40031 52.5233, 13.40051 52.52216,...
1     10117.0     Berlin   52.527469  13.3769756   22  POLYGON ((13.40031 52.5233, 13.40051 52.52216,...
2     10117.0     Berlin   52.527469  13.3769756   22  POLYGON ((13.40031 52.5233, 13.40051 52.52216,...
3     10117.0     Berlin   52.527469  13.3769756   22  POLYGON ((13.40031 52.5233, 13.40051 52.52216,...
4     10117.0     Berlin   52.512433   13.380519   44  POLYGON ((13.40031 52.5233, 13.40051 52.52216,...
...       ...        ...         ...         ...  ...                                                ...
2741  14199.0     Berlin   52.476902   13.287843   22  POLYGON ((13.31186 52.48048, 13.30158 52.47452...
2742  14199.0     Berlin   52.479241   13.308733   22  POLYGON ((13.31186 52.48048, 13.30158 52.47452...
2743  14199.0     Berlin    52.47361   13.290291  3,7  POLYGON ((13.31186 52.48048, 13.30158 52.47452...
2744  14199.0     Berlin   52.477634   13.282364   22  POLYGON ((13.31186 52.48048, 13.30158 52.47452...
2745  14199.0     Berlin   52.484282   13.294078   22  POLYGON ((13.31186 52.48048, 13.30158 52.47452...

[2737 rows x 6 columns]), kwargs: {}
2025-02-01 16:32:49,126 - INFO - Starting merge_geo_dataframes function.
2025-02-01 16:32:49,129 - INFO - Merged population and charging stations DataFrames. Shape: (190, 6)
2025-02-01 16:32:49,131 - INFO - Filling NaN values in 'Number' column with 0.
2025-02-01 16:32:49,132 - INFO - merge_geo_dataframes function completed successfully.
2025-02-01 16:32:49,132 - INFO -  ====> Duration 0.01 secs: 
Merges the charging stations and population dataframes and fills NA's with 0
Inputs:
    - df_charging_stations: A geodataframe sorted by PLZ and containing information about the charging stations
    - df_population: A geodataframe sorted by PLZ and containing information about the population
Outputs: A merged geodataframe

2025-02-01 16:32:49,138 - ERROR - create_electric_charging_residents_heatmap raised an exception: 'Adresszusatz'
