2025-01-31 13:32:57,287 - INFO - Current working directory: E:\Study\BHT\AdvancedSE\Assignment1\BerlinChargeHub
2025-01-31 13:32:57,895 - INFO - Starting execution of the main function.
2025-01-31 13:32:57,902 - INFO - geodata_berlin_plz.csv loaded successfully.
2025-01-31 13:32:58,088 - INFO - Ladesaeulenregister.csv loaded successfully.
2025-01-31 13:32:58,088 - INFO - Starting preprop_lstat function.
2025-01-31 13:32:58,100 - INFO - Renamed columns in DataFrame.
2025-01-31 13:32:58,119 - INFO - Formatted latitude and longitude columns.
2025-01-31 13:32:58,122 - INFO - Filtered data for Berlin. Shape: (2746, 5)
2025-01-31 13:32:58,125 - INFO - Starting sort_by_plz_add_geometry function.
2025-01-31 13:32:58,127 - INFO - Merged DataFrame with geometry. Shape: (2746, 6)
2025-01-31 13:32:58,130 - INFO - DataFrame after dropping missing geometries. Shape: (2737, 6)
2025-01-31 13:32:58,202 - INFO - sort_by_plz_add_geometry function completed successfully.
2025-01-31 13:32:58,203 - INFO - preprop_lstat function completed successfully.
2025-01-31 13:32:58,210 - INFO -  ====> Duration 0.12 secs: Preprocessing dataframe from Ladesaeulenregister.csv
2025-01-31 13:32:58,210 - INFO - Starting count_plz_occurrences function.
2025-01-31 13:32:58,217 - INFO - count_plz_occurrences function completed successfully. Output DataFrame shape: (183, 3)
2025-01-31 13:32:58,222 - INFO -  ====> Duration 0.01 secs: Counts loading stations per PLZ
2025-01-31 13:32:58,229 - INFO - plz_einwohner.csv loaded successfully.
2025-01-31 13:32:58,229 - INFO - Starting preprop_resid function.
2025-01-31 13:32:58,230 - INFO - Renamed columns in DataFrame.
2025-01-31 13:32:58,236 - INFO - Formatted latitude and longitude columns.
2025-01-31 13:32:58,237 - INFO - Filtered DataFrame by postal codes. Remaining rows: 191
2025-01-31 13:32:58,239 - INFO - Starting sort_by_plz_add_geometry function.
2025-01-31 13:32:58,241 - INFO - Merged DataFrame with geometry. Shape: (191, 5)
2025-01-31 13:32:58,243 - INFO - DataFrame after dropping missing geometries. Shape: (190, 5)
2025-01-31 13:32:58,251 - INFO - sort_by_plz_add_geometry function completed successfully.
2025-01-31 13:32:58,252 - INFO - preprop_resid function completed successfully.
2025-01-31 13:32:58,252 - INFO -  ====> Duration 0.02 secs: 
Processes and prepares a dataframe by cleaning and filtering postal codes, renaming columns, and transforming
geographical data. The function works by copying the given data, transforming numeric columns into strings, and replacing
comma-separators for proper formatting. It also filters the dataset based on postal codes and combines additional
geometry information via another function.

Return: The processed dataframe with cleaned, formatted, and enriched data combining postal codes and geometrical information.
:rtype: pandas.DataFrame

2025-01-31 13:32:58,258 - INFO - Called create_electric_charging_residents_heatmap with args: (         PLZ  Number                                           geometry
0    10117.0      54  POLYGON ((13.40031 52.5233, 13.40051 52.52216,...
1    10119.0       6  POLYGON ((13.40056 52.53639, 13.4026 52.53507,...
2    10178.0      30  POLYGON ((13.40918 52.52917, 13.41476 52.52779...
3    10179.0      37  POLYGON ((13.42827 52.51895, 13.42751 52.51775...
4    10243.0      39  POLYGON ((13.42554 52.52371, 13.42862 52.52358...
..       ...     ...                                                ...
178  14169.0      17  POLYGON ((13.24957 52.45778, 13.25047 52.45803...
179  14193.0       3  POLYGON ((13.28149 52.49817, 13.28228 52.49778...
180  14195.0      32  POLYGON ((13.27759 52.47487, 13.28447 52.46998...
181  14197.0      12  POLYGON ((13.32027 52.47775, 13.31991 52.47096...
182  14199.0       7  POLYGON ((13.31186 52.48048, 13.30158 52.47452...

[183 rows x 3 columns],        PLZ  Einwohner Breitengrad Längengrad                                           geometry
0    10115      20313    52.53195    13.3838  POLYGON ((13.37239 52.53821, 13.3741 52.53717,...
1    10117      12217    52.51752   13.38777  POLYGON ((13.40031 52.5233, 13.40051 52.52216,...
2    10119      16363    52.53013   13.40551  POLYGON ((13.40056 52.53639, 13.4026 52.53507,...
3    10178      12167     52.5203   13.40473  POLYGON ((13.40918 52.52917, 13.41476 52.52779...
4    10179      18664    52.51379   13.41524  POLYGON ((13.42827 52.51895, 13.42751 52.51775...
..     ...        ...         ...        ...                                                ...
186  14169      17274       52.45   13.25883  POLYGON ((13.24957 52.45778, 13.25047 52.45803...
187  14193      15505    52.48135   13.23847  POLYGON ((13.28149 52.49817, 13.28228 52.49778...
188  14195      14667    52.45858   13.28463  POLYGON ((13.27759 52.47487, 13.28447 52.46998...
189  14197      17889    52.47319    13.3103  POLYGON ((13.32027 52.47775, 13.31991 52.47096...
190  14199      13657    52.47796   13.29242  POLYGON ((13.31186 52.48048, 13.30158 52.47452...

[190 rows x 5 columns]), kwargs: {}
2025-01-31 13:33:05,633 - INFO - Current working directory: E:\Study\BHT\AdvancedSE\Assignment1\BerlinChargeHub
2025-01-31 13:33:05,635 - INFO - Starting execution of the main function.
2025-01-31 13:33:05,641 - INFO - geodata_berlin_plz.csv loaded successfully.
2025-01-31 13:33:05,842 - INFO - Ladesaeulenregister.csv loaded successfully.
2025-01-31 13:33:05,843 - INFO - Starting preprop_lstat function.
2025-01-31 13:33:05,854 - INFO - Renamed columns in DataFrame.
2025-01-31 13:33:05,874 - INFO - Formatted latitude and longitude columns.
2025-01-31 13:33:05,877 - INFO - Filtered data for Berlin. Shape: (2746, 5)
2025-01-31 13:33:05,881 - INFO - Starting sort_by_plz_add_geometry function.
2025-01-31 13:33:05,883 - INFO - Merged DataFrame with geometry. Shape: (2746, 6)
2025-01-31 13:33:05,887 - INFO - DataFrame after dropping missing geometries. Shape: (2737, 6)
2025-01-31 13:33:06,009 - INFO - sort_by_plz_add_geometry function completed successfully.
2025-01-31 13:33:06,010 - INFO - preprop_lstat function completed successfully.
2025-01-31 13:33:06,018 - INFO -  ====> Duration 0.18 secs: Preprocessing dataframe from Ladesaeulenregister.csv
2025-01-31 13:33:06,018 - INFO - Starting count_plz_occurrences function.
2025-01-31 13:33:06,024 - INFO - count_plz_occurrences function completed successfully. Output DataFrame shape: (183, 3)
2025-01-31 13:33:06,027 - INFO -  ====> Duration 0.01 secs: Counts loading stations per PLZ
2025-01-31 13:33:06,033 - INFO - plz_einwohner.csv loaded successfully.
2025-01-31 13:33:06,033 - INFO - Starting preprop_resid function.
2025-01-31 13:33:06,035 - INFO - Renamed columns in DataFrame.
2025-01-31 13:33:06,041 - INFO - Formatted latitude and longitude columns.
2025-01-31 13:33:06,041 - INFO - Filtered DataFrame by postal codes. Remaining rows: 191
2025-01-31 13:33:06,043 - INFO - Starting sort_by_plz_add_geometry function.
2025-01-31 13:33:06,044 - INFO - Merged DataFrame with geometry. Shape: (191, 5)
2025-01-31 13:33:06,047 - INFO - DataFrame after dropping missing geometries. Shape: (190, 5)
2025-01-31 13:33:06,054 - INFO - sort_by_plz_add_geometry function completed successfully.
2025-01-31 13:33:06,055 - INFO - preprop_resid function completed successfully.
2025-01-31 13:33:06,055 - INFO -  ====> Duration 0.02 secs: 
Processes and prepares a dataframe by cleaning and filtering postal codes, renaming columns, and transforming
geographical data. The function works by copying the given data, transforming numeric columns into strings, and replacing
comma-separators for proper formatting. It also filters the dataset based on postal codes and combines additional
geometry information via another function.

Return: The processed dataframe with cleaned, formatted, and enriched data combining postal codes and geometrical information.
:rtype: pandas.DataFrame

2025-01-31 13:33:06,061 - INFO - Called create_electric_charging_residents_heatmap with args: (         PLZ  Number                                           geometry
0    10117.0      54  POLYGON ((13.40031 52.5233, 13.40051 52.52216,...
1    10119.0       6  POLYGON ((13.40056 52.53639, 13.4026 52.53507,...
2    10178.0      30  POLYGON ((13.40918 52.52917, 13.41476 52.52779...
3    10179.0      37  POLYGON ((13.42827 52.51895, 13.42751 52.51775...
4    10243.0      39  POLYGON ((13.42554 52.52371, 13.42862 52.52358...
..       ...     ...                                                ...
178  14169.0      17  POLYGON ((13.24957 52.45778, 13.25047 52.45803...
179  14193.0       3  POLYGON ((13.28149 52.49817, 13.28228 52.49778...
180  14195.0      32  POLYGON ((13.27759 52.47487, 13.28447 52.46998...
181  14197.0      12  POLYGON ((13.32027 52.47775, 13.31991 52.47096...
182  14199.0       7  POLYGON ((13.31186 52.48048, 13.30158 52.47452...

[183 rows x 3 columns],        PLZ  Einwohner Breitengrad Längengrad                                           geometry
0    10115      20313    52.53195    13.3838  POLYGON ((13.37239 52.53821, 13.3741 52.53717,...
1    10117      12217    52.51752   13.38777  POLYGON ((13.40031 52.5233, 13.40051 52.52216,...
2    10119      16363    52.53013   13.40551  POLYGON ((13.40056 52.53639, 13.4026 52.53507,...
3    10178      12167     52.5203   13.40473  POLYGON ((13.40918 52.52917, 13.41476 52.52779...
4    10179      18664    52.51379   13.41524  POLYGON ((13.42827 52.51895, 13.42751 52.51775...
..     ...        ...         ...        ...                                                ...
186  14169      17274       52.45   13.25883  POLYGON ((13.24957 52.45778, 13.25047 52.45803...
187  14193      15505    52.48135   13.23847  POLYGON ((13.28149 52.49817, 13.28228 52.49778...
188  14195      14667    52.45858   13.28463  POLYGON ((13.27759 52.47487, 13.28447 52.46998...
189  14197      17889    52.47319    13.3103  POLYGON ((13.32027 52.47775, 13.31991 52.47096...
190  14199      13657    52.47796   13.29242  POLYGON ((13.31186 52.48048, 13.30158 52.47452...

[190 rows x 5 columns]), kwargs: {}
2025-01-31 13:34:22,506 - INFO - Current working directory: E:\Study\BHT\AdvancedSE\Assignment1\BerlinChargeHub
2025-01-31 13:34:22,511 - INFO - Starting execution of the main function.
2025-01-31 13:34:22,518 - INFO - geodata_berlin_plz.csv loaded successfully.
2025-01-31 13:34:22,699 - INFO - Ladesaeulenregister.csv loaded successfully.
2025-01-31 13:34:22,700 - INFO - Starting preprop_lstat function.
2025-01-31 13:34:22,711 - INFO - Renamed columns in DataFrame.
2025-01-31 13:34:22,730 - INFO - Formatted latitude and longitude columns.
2025-01-31 13:34:22,733 - INFO - Filtered data for Berlin. Shape: (2746, 5)
2025-01-31 13:34:22,736 - INFO - Starting sort_by_plz_add_geometry function.
2025-01-31 13:34:22,738 - INFO - Merged DataFrame with geometry. Shape: (2746, 6)
2025-01-31 13:34:22,741 - INFO - DataFrame after dropping missing geometries. Shape: (2737, 6)
2025-01-31 13:34:22,807 - INFO - sort_by_plz_add_geometry function completed successfully.
2025-01-31 13:34:22,807 - INFO - preprop_lstat function completed successfully.
2025-01-31 13:34:22,812 - INFO -  ====> Duration 0.11 secs: Preprocessing dataframe from Ladesaeulenregister.csv
2025-01-31 13:34:22,813 - INFO - Starting count_plz_occurrences function.
2025-01-31 13:34:22,818 - INFO - count_plz_occurrences function completed successfully. Output DataFrame shape: (183, 3)
2025-01-31 13:34:22,820 - INFO -  ====> Duration 0.01 secs: Counts loading stations per PLZ
2025-01-31 13:34:22,826 - INFO - plz_einwohner.csv loaded successfully.
2025-01-31 13:34:22,826 - INFO - Starting preprop_resid function.
2025-01-31 13:34:22,827 - INFO - Renamed columns in DataFrame.
2025-01-31 13:34:22,833 - INFO - Formatted latitude and longitude columns.
2025-01-31 13:34:22,833 - INFO - Filtered DataFrame by postal codes. Remaining rows: 191
2025-01-31 13:34:22,835 - INFO - Starting sort_by_plz_add_geometry function.
2025-01-31 13:34:22,836 - INFO - Merged DataFrame with geometry. Shape: (191, 5)
2025-01-31 13:34:22,838 - INFO - DataFrame after dropping missing geometries. Shape: (190, 5)
2025-01-31 13:34:22,845 - INFO - sort_by_plz_add_geometry function completed successfully.
2025-01-31 13:34:22,845 - INFO - preprop_resid function completed successfully.
2025-01-31 13:34:22,845 - INFO -  ====> Duration 0.02 secs: 
Processes and prepares a dataframe by cleaning and filtering postal codes, renaming columns, and transforming
geographical data. The function works by copying the given data, transforming numeric columns into strings, and replacing
comma-separators for proper formatting. It also filters the dataset based on postal codes and combines additional
geometry information via another function.

Return: The processed dataframe with cleaned, formatted, and enriched data combining postal codes and geometrical information.
:rtype: pandas.DataFrame

2025-01-31 13:34:22,850 - INFO - Called create_electric_charging_residents_heatmap with args: (         PLZ  Number                                           geometry
0    10117.0      54  POLYGON ((13.40031 52.5233, 13.40051 52.52216,...
1    10119.0       6  POLYGON ((13.40056 52.53639, 13.4026 52.53507,...
2    10178.0      30  POLYGON ((13.40918 52.52917, 13.41476 52.52779...
3    10179.0      37  POLYGON ((13.42827 52.51895, 13.42751 52.51775...
4    10243.0      39  POLYGON ((13.42554 52.52371, 13.42862 52.52358...
..       ...     ...                                                ...
178  14169.0      17  POLYGON ((13.24957 52.45778, 13.25047 52.45803...
179  14193.0       3  POLYGON ((13.28149 52.49817, 13.28228 52.49778...
180  14195.0      32  POLYGON ((13.27759 52.47487, 13.28447 52.46998...
181  14197.0      12  POLYGON ((13.32027 52.47775, 13.31991 52.47096...
182  14199.0       7  POLYGON ((13.31186 52.48048, 13.30158 52.47452...

[183 rows x 3 columns],        PLZ  Einwohner Breitengrad Längengrad                                           geometry
0    10115      20313    52.53195    13.3838  POLYGON ((13.37239 52.53821, 13.3741 52.53717,...
1    10117      12217    52.51752   13.38777  POLYGON ((13.40031 52.5233, 13.40051 52.52216,...
2    10119      16363    52.53013   13.40551  POLYGON ((13.40056 52.53639, 13.4026 52.53507,...
3    10178      12167     52.5203   13.40473  POLYGON ((13.40918 52.52917, 13.41476 52.52779...
4    10179      18664    52.51379   13.41524  POLYGON ((13.42827 52.51895, 13.42751 52.51775...
..     ...        ...         ...        ...                                                ...
186  14169      17274       52.45   13.25883  POLYGON ((13.24957 52.45778, 13.25047 52.45803...
187  14193      15505    52.48135   13.23847  POLYGON ((13.28149 52.49817, 13.28228 52.49778...
188  14195      14667    52.45858   13.28463  POLYGON ((13.27759 52.47487, 13.28447 52.46998...
189  14197      17889    52.47319    13.3103  POLYGON ((13.32027 52.47775, 13.31991 52.47096...
190  14199      13657    52.47796   13.29242  POLYGON ((13.31186 52.48048, 13.30158 52.47452...

[190 rows x 5 columns]), kwargs: {}
2025-01-31 13:34:23,314 - INFO - Current working directory: E:\Study\BHT\AdvancedSE\Assignment1\BerlinChargeHub
2025-01-31 13:34:23,315 - INFO - Starting execution of the main function.
2025-01-31 13:34:23,320 - INFO - geodata_berlin_plz.csv loaded successfully.
2025-01-31 13:34:23,449 - INFO - Current working directory: E:\Study\BHT\AdvancedSE\Assignment1\BerlinChargeHub
2025-01-31 13:34:23,456 - INFO - Starting execution of the main function.
2025-01-31 13:34:23,464 - INFO - geodata_berlin_plz.csv loaded successfully.
2025-01-31 13:34:23,513 - INFO - Ladesaeulenregister.csv loaded successfully.
2025-01-31 13:34:23,514 - INFO - Starting preprop_lstat function.
2025-01-31 13:34:23,528 - INFO - Renamed columns in DataFrame.
2025-01-31 13:34:23,546 - INFO - Formatted latitude and longitude columns.
2025-01-31 13:34:23,549 - INFO - Filtered data for Berlin. Shape: (2746, 5)
2025-01-31 13:34:23,551 - INFO - Starting sort_by_plz_add_geometry function.
2025-01-31 13:34:23,554 - INFO - Merged DataFrame with geometry. Shape: (2746, 6)
2025-01-31 13:34:23,559 - INFO - DataFrame after dropping missing geometries. Shape: (2737, 6)
2025-01-31 13:34:23,625 - INFO - sort_by_plz_add_geometry function completed successfully.
2025-01-31 13:34:23,634 - INFO - preprop_lstat function completed successfully.
2025-01-31 13:34:23,640 - INFO -  ====> Duration 0.13 secs: Preprocessing dataframe from Ladesaeulenregister.csv
2025-01-31 13:34:23,641 - INFO - Starting count_plz_occurrences function.
2025-01-31 13:34:23,646 - INFO - count_plz_occurrences function completed successfully. Output DataFrame shape: (183, 3)
2025-01-31 13:34:23,654 - INFO -  ====> Duration 0.01 secs: Counts loading stations per PLZ
2025-01-31 13:34:23,683 - INFO - plz_einwohner.csv loaded successfully.
2025-01-31 13:34:23,684 - INFO - Starting preprop_resid function.
2025-01-31 13:34:23,686 - INFO - Renamed columns in DataFrame.
2025-01-31 13:34:23,692 - INFO - Formatted latitude and longitude columns.
2025-01-31 13:34:23,693 - INFO - Filtered DataFrame by postal codes. Remaining rows: 191
2025-01-31 13:34:23,695 - INFO - Starting sort_by_plz_add_geometry function.
2025-01-31 13:34:23,697 - INFO - Merged DataFrame with geometry. Shape: (191, 5)
2025-01-31 13:34:23,701 - INFO - DataFrame after dropping missing geometries. Shape: (190, 5)
2025-01-31 13:34:23,708 - INFO - sort_by_plz_add_geometry function completed successfully.
2025-01-31 13:34:23,708 - INFO - preprop_resid function completed successfully.
2025-01-31 13:34:23,708 - INFO -  ====> Duration 0.02 secs: 
Processes and prepares a dataframe by cleaning and filtering postal codes, renaming columns, and transforming
geographical data. The function works by copying the given data, transforming numeric columns into strings, and replacing
comma-separators for proper formatting. It also filters the dataset based on postal codes and combines additional
geometry information via another function.

Return: The processed dataframe with cleaned, formatted, and enriched data combining postal codes and geometrical information.
:rtype: pandas.DataFrame

2025-01-31 13:34:23,714 - INFO - Called create_electric_charging_residents_heatmap with args: (         PLZ  Number                                           geometry
0    10117.0      54  POLYGON ((13.40031 52.5233, 13.40051 52.52216,...
1    10119.0       6  POLYGON ((13.40056 52.53639, 13.4026 52.53507,...
2    10178.0      30  POLYGON ((13.40918 52.52917, 13.41476 52.52779...
3    10179.0      37  POLYGON ((13.42827 52.51895, 13.42751 52.51775...
4    10243.0      39  POLYGON ((13.42554 52.52371, 13.42862 52.52358...
..       ...     ...                                                ...
178  14169.0      17  POLYGON ((13.24957 52.45778, 13.25047 52.45803...
179  14193.0       3  POLYGON ((13.28149 52.49817, 13.28228 52.49778...
180  14195.0      32  POLYGON ((13.27759 52.47487, 13.28447 52.46998...
181  14197.0      12  POLYGON ((13.32027 52.47775, 13.31991 52.47096...
182  14199.0       7  POLYGON ((13.31186 52.48048, 13.30158 52.47452...

[183 rows x 3 columns],        PLZ  Einwohner Breitengrad Längengrad                                           geometry
0    10115      20313    52.53195    13.3838  POLYGON ((13.37239 52.53821, 13.3741 52.53717,...
1    10117      12217    52.51752   13.38777  POLYGON ((13.40031 52.5233, 13.40051 52.52216,...
2    10119      16363    52.53013   13.40551  POLYGON ((13.40056 52.53639, 13.4026 52.53507,...
3    10178      12167     52.5203   13.40473  POLYGON ((13.40918 52.52917, 13.41476 52.52779...
4    10179      18664    52.51379   13.41524  POLYGON ((13.42827 52.51895, 13.42751 52.51775...
..     ...        ...         ...        ...                                                ...
186  14169      17274       52.45   13.25883  POLYGON ((13.24957 52.45778, 13.25047 52.45803...
187  14193      15505    52.48135   13.23847  POLYGON ((13.28149 52.49817, 13.28228 52.49778...
188  14195      14667    52.45858   13.28463  POLYGON ((13.27759 52.47487, 13.28447 52.46998...
189  14197      17889    52.47319    13.3103  POLYGON ((13.32027 52.47775, 13.31991 52.47096...
190  14199      13657    52.47796   13.29242  POLYGON ((13.31186 52.48048, 13.30158 52.47452...

[190 rows x 5 columns]), kwargs: {}
2025-01-31 13:34:23,842 - INFO - Ladesaeulenregister.csv loaded successfully.
2025-01-31 13:34:23,842 - INFO - Starting preprop_lstat function.
2025-01-31 13:34:23,853 - INFO - Renamed columns in DataFrame.
2025-01-31 13:34:23,870 - INFO - Formatted latitude and longitude columns.
2025-01-31 13:34:23,873 - INFO - Filtered data for Berlin. Shape: (2746, 5)
2025-01-31 13:34:23,875 - INFO - Starting sort_by_plz_add_geometry function.
2025-01-31 13:34:23,877 - INFO - Merged DataFrame with geometry. Shape: (2746, 6)
2025-01-31 13:34:23,881 - INFO - DataFrame after dropping missing geometries. Shape: (2737, 6)
2025-01-31 13:34:23,948 - INFO - sort_by_plz_add_geometry function completed successfully.
2025-01-31 13:34:23,948 - INFO - preprop_lstat function completed successfully.
2025-01-31 13:34:23,954 - INFO -  ====> Duration 0.11 secs: Preprocessing dataframe from Ladesaeulenregister.csv
2025-01-31 13:34:23,954 - INFO - Starting count_plz_occurrences function.
2025-01-31 13:34:23,959 - INFO - count_plz_occurrences function completed successfully. Output DataFrame shape: (183, 3)
2025-01-31 13:34:23,961 - INFO -  ====> Duration 0.01 secs: Counts loading stations per PLZ
2025-01-31 13:34:23,967 - INFO - plz_einwohner.csv loaded successfully.
2025-01-31 13:34:23,967 - INFO - Starting preprop_resid function.
2025-01-31 13:34:23,968 - INFO - Renamed columns in DataFrame.
2025-01-31 13:34:23,974 - INFO - Formatted latitude and longitude columns.
2025-01-31 13:34:23,974 - INFO - Filtered DataFrame by postal codes. Remaining rows: 191
2025-01-31 13:34:23,976 - INFO - Starting sort_by_plz_add_geometry function.
2025-01-31 13:34:23,977 - INFO - Merged DataFrame with geometry. Shape: (191, 5)
2025-01-31 13:34:23,980 - INFO - DataFrame after dropping missing geometries. Shape: (190, 5)
2025-01-31 13:34:23,988 - INFO - sort_by_plz_add_geometry function completed successfully.
2025-01-31 13:34:23,989 - INFO - preprop_resid function completed successfully.
2025-01-31 13:34:23,989 - INFO -  ====> Duration 0.02 secs: 
Processes and prepares a dataframe by cleaning and filtering postal codes, renaming columns, and transforming
geographical data. The function works by copying the given data, transforming numeric columns into strings, and replacing
comma-separators for proper formatting. It also filters the dataset based on postal codes and combines additional
geometry information via another function.

Return: The processed dataframe with cleaned, formatted, and enriched data combining postal codes and geometrical information.
:rtype: pandas.DataFrame

2025-01-31 13:34:23,993 - INFO - Called create_electric_charging_residents_heatmap with args: (         PLZ  Number                                           geometry
0    10117.0      54  POLYGON ((13.40031 52.5233, 13.40051 52.52216,...
1    10119.0       6  POLYGON ((13.40056 52.53639, 13.4026 52.53507,...
2    10178.0      30  POLYGON ((13.40918 52.52917, 13.41476 52.52779...
3    10179.0      37  POLYGON ((13.42827 52.51895, 13.42751 52.51775...
4    10243.0      39  POLYGON ((13.42554 52.52371, 13.42862 52.52358...
..       ...     ...                                                ...
178  14169.0      17  POLYGON ((13.24957 52.45778, 13.25047 52.45803...
179  14193.0       3  POLYGON ((13.28149 52.49817, 13.28228 52.49778...
180  14195.0      32  POLYGON ((13.27759 52.47487, 13.28447 52.46998...
181  14197.0      12  POLYGON ((13.32027 52.47775, 13.31991 52.47096...
182  14199.0       7  POLYGON ((13.31186 52.48048, 13.30158 52.47452...

[183 rows x 3 columns],        PLZ  Einwohner Breitengrad Längengrad                                           geometry
0    10115      20313    52.53195    13.3838  POLYGON ((13.37239 52.53821, 13.3741 52.53717,...
1    10117      12217    52.51752   13.38777  POLYGON ((13.40031 52.5233, 13.40051 52.52216,...
2    10119      16363    52.53013   13.40551  POLYGON ((13.40056 52.53639, 13.4026 52.53507,...
3    10178      12167     52.5203   13.40473  POLYGON ((13.40918 52.52917, 13.41476 52.52779...
4    10179      18664    52.51379   13.41524  POLYGON ((13.42827 52.51895, 13.42751 52.51775...
..     ...        ...         ...        ...                                                ...
186  14169      17274       52.45   13.25883  POLYGON ((13.24957 52.45778, 13.25047 52.45803...
187  14193      15505    52.48135   13.23847  POLYGON ((13.28149 52.49817, 13.28228 52.49778...
188  14195      14667    52.45858   13.28463  POLYGON ((13.27759 52.47487, 13.28447 52.46998...
189  14197      17889    52.47319    13.3103  POLYGON ((13.32027 52.47775, 13.31991 52.47096...
190  14199      13657    52.47796   13.29242  POLYGON ((13.31186 52.48048, 13.30158 52.47452...

[190 rows x 5 columns]), kwargs: {}
2025-01-31 13:36:02,149 - INFO - Current working directory: E:\Study\BHT\AdvancedSE\Assignment1\BerlinChargeHub
2025-01-31 13:36:02,149 - INFO - Starting execution of the main function.
2025-01-31 13:36:02,156 - INFO - geodata_berlin_plz.csv loaded successfully.
2025-01-31 13:36:02,326 - INFO - Ladesaeulenregister.csv loaded successfully.
2025-01-31 13:36:02,326 - INFO - Starting preprop_lstat function.
2025-01-31 13:36:02,335 - INFO - Renamed columns in DataFrame.
2025-01-31 13:36:02,352 - INFO - Formatted latitude and longitude columns.
2025-01-31 13:36:02,354 - INFO - Filtered data for Berlin. Shape: (2746, 5)
2025-01-31 13:36:02,357 - INFO - Starting sort_by_plz_add_geometry function.
2025-01-31 13:36:02,359 - INFO - Merged DataFrame with geometry. Shape: (2746, 6)
2025-01-31 13:36:02,362 - INFO - DataFrame after dropping missing geometries. Shape: (2737, 6)
2025-01-31 13:36:02,429 - INFO - sort_by_plz_add_geometry function completed successfully.
2025-01-31 13:36:02,430 - INFO - preprop_lstat function completed successfully.
2025-01-31 13:36:02,434 - INFO -  ====> Duration 0.11 secs: Preprocessing dataframe from Ladesaeulenregister.csv
2025-01-31 13:36:02,435 - INFO - Starting count_plz_occurrences function.
2025-01-31 13:36:02,439 - INFO - count_plz_occurrences function completed successfully. Output DataFrame shape: (183, 3)
2025-01-31 13:36:02,441 - INFO -  ====> Duration 0.01 secs: Counts loading stations per PLZ
2025-01-31 13:36:02,447 - INFO - plz_einwohner.csv loaded successfully.
2025-01-31 13:36:02,448 - INFO - Starting preprop_resid function.
2025-01-31 13:36:02,448 - INFO - Renamed columns in DataFrame.
2025-01-31 13:36:02,453 - INFO - Formatted latitude and longitude columns.
2025-01-31 13:36:02,454 - INFO - Filtered DataFrame by postal codes. Remaining rows: 191
2025-01-31 13:36:02,455 - INFO - Starting sort_by_plz_add_geometry function.
2025-01-31 13:36:02,456 - INFO - Merged DataFrame with geometry. Shape: (191, 5)
2025-01-31 13:36:02,458 - INFO - DataFrame after dropping missing geometries. Shape: (190, 5)
2025-01-31 13:36:02,464 - INFO - sort_by_plz_add_geometry function completed successfully.
2025-01-31 13:36:02,464 - INFO - preprop_resid function completed successfully.
2025-01-31 13:36:02,465 - INFO -  ====> Duration 0.02 secs: 
Processes and prepares a dataframe by cleaning and filtering postal codes, renaming columns, and transforming
geographical data. The function works by copying the given data, transforming numeric columns into strings, and replacing
comma-separators for proper formatting. It also filters the dataset based on postal codes and combines additional
geometry information via another function.

Return: The processed dataframe with cleaned, formatted, and enriched data combining postal codes and geometrical information.
:rtype: pandas.DataFrame

2025-01-31 13:36:02,470 - INFO - Called create_electric_charging_residents_heatmap with args: (         PLZ  Number                                           geometry
0    10117.0      54  POLYGON ((13.40031 52.5233, 13.40051 52.52216,...
1    10119.0       6  POLYGON ((13.40056 52.53639, 13.4026 52.53507,...
2    10178.0      30  POLYGON ((13.40918 52.52917, 13.41476 52.52779...
3    10179.0      37  POLYGON ((13.42827 52.51895, 13.42751 52.51775...
4    10243.0      39  POLYGON ((13.42554 52.52371, 13.42862 52.52358...
..       ...     ...                                                ...
178  14169.0      17  POLYGON ((13.24957 52.45778, 13.25047 52.45803...
179  14193.0       3  POLYGON ((13.28149 52.49817, 13.28228 52.49778...
180  14195.0      32  POLYGON ((13.27759 52.47487, 13.28447 52.46998...
181  14197.0      12  POLYGON ((13.32027 52.47775, 13.31991 52.47096...
182  14199.0       7  POLYGON ((13.31186 52.48048, 13.30158 52.47452...

[183 rows x 3 columns],        PLZ  Einwohner Breitengrad Längengrad                                           geometry
0    10115      20313    52.53195    13.3838  POLYGON ((13.37239 52.53821, 13.3741 52.53717,...
1    10117      12217    52.51752   13.38777  POLYGON ((13.40031 52.5233, 13.40051 52.52216,...
2    10119      16363    52.53013   13.40551  POLYGON ((13.40056 52.53639, 13.4026 52.53507,...
3    10178      12167     52.5203   13.40473  POLYGON ((13.40918 52.52917, 13.41476 52.52779...
4    10179      18664    52.51379   13.41524  POLYGON ((13.42827 52.51895, 13.42751 52.51775...
..     ...        ...         ...        ...                                                ...
186  14169      17274       52.45   13.25883  POLYGON ((13.24957 52.45778, 13.25047 52.45803...
187  14193      15505    52.48135   13.23847  POLYGON ((13.28149 52.49817, 13.28228 52.49778...
188  14195      14667    52.45858   13.28463  POLYGON ((13.27759 52.47487, 13.28447 52.46998...
189  14197      17889    52.47319    13.3103  POLYGON ((13.32027 52.47775, 13.31991 52.47096...
190  14199      13657    52.47796   13.29242  POLYGON ((13.31186 52.48048, 13.30158 52.47452...

[190 rows x 5 columns]), kwargs: {}
2025-01-31 13:36:02,540 - INFO - Current working directory: E:\Study\BHT\AdvancedSE\Assignment1\BerlinChargeHub
2025-01-31 13:36:02,541 - INFO - Starting execution of the main function.
2025-01-31 13:36:02,546 - INFO - geodata_berlin_plz.csv loaded successfully.
2025-01-31 13:36:02,677 - INFO - Current working directory: E:\Study\BHT\AdvancedSE\Assignment1\BerlinChargeHub
2025-01-31 13:36:02,678 - INFO - Starting execution of the main function.
2025-01-31 13:36:02,685 - INFO - geodata_berlin_plz.csv loaded successfully.
2025-01-31 13:36:02,721 - INFO - Ladesaeulenregister.csv loaded successfully.
2025-01-31 13:36:02,722 - INFO - Starting preprop_lstat function.
2025-01-31 13:36:02,734 - INFO - Renamed columns in DataFrame.
2025-01-31 13:36:02,753 - INFO - Formatted latitude and longitude columns.
2025-01-31 13:36:02,756 - INFO - Filtered data for Berlin. Shape: (2746, 5)
2025-01-31 13:36:02,759 - INFO - Starting sort_by_plz_add_geometry function.
2025-01-31 13:36:02,761 - INFO - Merged DataFrame with geometry. Shape: (2746, 6)
2025-01-31 13:36:02,764 - INFO - DataFrame after dropping missing geometries. Shape: (2737, 6)
2025-01-31 13:36:02,830 - INFO - sort_by_plz_add_geometry function completed successfully.
2025-01-31 13:36:02,830 - INFO - preprop_lstat function completed successfully.
2025-01-31 13:36:02,837 - INFO -  ====> Duration 0.12 secs: Preprocessing dataframe from Ladesaeulenregister.csv
2025-01-31 13:36:02,838 - INFO - Starting count_plz_occurrences function.
2025-01-31 13:36:02,843 - INFO - count_plz_occurrences function completed successfully. Output DataFrame shape: (183, 3)
2025-01-31 13:36:02,846 - INFO -  ====> Duration 0.01 secs: Counts loading stations per PLZ
2025-01-31 13:36:02,852 - INFO - plz_einwohner.csv loaded successfully.
2025-01-31 13:36:02,853 - INFO - Starting preprop_resid function.
2025-01-31 13:36:02,854 - INFO - Renamed columns in DataFrame.
2025-01-31 13:36:02,859 - INFO - Formatted latitude and longitude columns.
2025-01-31 13:36:02,860 - INFO - Filtered DataFrame by postal codes. Remaining rows: 191
2025-01-31 13:36:02,862 - INFO - Starting sort_by_plz_add_geometry function.
2025-01-31 13:36:02,863 - INFO - Merged DataFrame with geometry. Shape: (191, 5)
2025-01-31 13:36:02,865 - INFO - DataFrame after dropping missing geometries. Shape: (190, 5)
2025-01-31 13:36:02,874 - INFO - sort_by_plz_add_geometry function completed successfully.
2025-01-31 13:36:02,877 - INFO - preprop_resid function completed successfully.
2025-01-31 13:36:02,880 - INFO -  ====> Duration 0.03 secs: 
Processes and prepares a dataframe by cleaning and filtering postal codes, renaming columns, and transforming
geographical data. The function works by copying the given data, transforming numeric columns into strings, and replacing
comma-separators for proper formatting. It also filters the dataset based on postal codes and combines additional
geometry information via another function.

Return: The processed dataframe with cleaned, formatted, and enriched data combining postal codes and geometrical information.
:rtype: pandas.DataFrame

2025-01-31 13:36:02,892 - INFO - Called create_electric_charging_residents_heatmap with args: (         PLZ  Number                                           geometry
0    10117.0      54  POLYGON ((13.40031 52.5233, 13.40051 52.52216,...
1    10119.0       6  POLYGON ((13.40056 52.53639, 13.4026 52.53507,...
2    10178.0      30  POLYGON ((13.40918 52.52917, 13.41476 52.52779...
3    10179.0      37  POLYGON ((13.42827 52.51895, 13.42751 52.51775...
4    10243.0      39  POLYGON ((13.42554 52.52371, 13.42862 52.52358...
..       ...     ...                                                ...
178  14169.0      17  POLYGON ((13.24957 52.45778, 13.25047 52.45803...
179  14193.0       3  POLYGON ((13.28149 52.49817, 13.28228 52.49778...
180  14195.0      32  POLYGON ((13.27759 52.47487, 13.28447 52.46998...
181  14197.0      12  POLYGON ((13.32027 52.47775, 13.31991 52.47096...
182  14199.0       7  POLYGON ((13.31186 52.48048, 13.30158 52.47452...

[183 rows x 3 columns],        PLZ  Einwohner Breitengrad Längengrad                                           geometry
0    10115      20313    52.53195    13.3838  POLYGON ((13.37239 52.53821, 13.3741 52.53717,...
1    10117      12217    52.51752   13.38777  POLYGON ((13.40031 52.5233, 13.40051 52.52216,...
2    10119      16363    52.53013   13.40551  POLYGON ((13.40056 52.53639, 13.4026 52.53507,...
3    10178      12167     52.5203   13.40473  POLYGON ((13.40918 52.52917, 13.41476 52.52779...
4    10179      18664    52.51379   13.41524  POLYGON ((13.42827 52.51895, 13.42751 52.51775...
..     ...        ...         ...        ...                                                ...
186  14169      17274       52.45   13.25883  POLYGON ((13.24957 52.45778, 13.25047 52.45803...
187  14193      15505    52.48135   13.23847  POLYGON ((13.28149 52.49817, 13.28228 52.49778...
188  14195      14667    52.45858   13.28463  POLYGON ((13.27759 52.47487, 13.28447 52.46998...
189  14197      17889    52.47319    13.3103  POLYGON ((13.32027 52.47775, 13.31991 52.47096...
190  14199      13657    52.47796   13.29242  POLYGON ((13.31186 52.48048, 13.30158 52.47452...

[190 rows x 5 columns]), kwargs: {}
2025-01-31 13:36:03,039 - INFO - Ladesaeulenregister.csv loaded successfully.
2025-01-31 13:36:03,039 - INFO - Starting preprop_lstat function.
2025-01-31 13:36:03,050 - INFO - Renamed columns in DataFrame.
2025-01-31 13:36:03,071 - INFO - Formatted latitude and longitude columns.
2025-01-31 13:36:03,073 - INFO - Filtered data for Berlin. Shape: (2746, 5)
2025-01-31 13:36:03,075 - INFO - Starting sort_by_plz_add_geometry function.
2025-01-31 13:36:03,077 - INFO - Merged DataFrame with geometry. Shape: (2746, 6)
2025-01-31 13:36:03,080 - INFO - DataFrame after dropping missing geometries. Shape: (2737, 6)
2025-01-31 13:36:03,147 - INFO - sort_by_plz_add_geometry function completed successfully.
2025-01-31 13:36:03,148 - INFO - preprop_lstat function completed successfully.
2025-01-31 13:36:03,153 - INFO -  ====> Duration 0.11 secs: Preprocessing dataframe from Ladesaeulenregister.csv
2025-01-31 13:36:03,154 - INFO - Starting count_plz_occurrences function.
2025-01-31 13:36:03,159 - INFO - count_plz_occurrences function completed successfully. Output DataFrame shape: (183, 3)
2025-01-31 13:36:03,162 - INFO -  ====> Duration 0.01 secs: Counts loading stations per PLZ
2025-01-31 13:36:03,168 - INFO - plz_einwohner.csv loaded successfully.
2025-01-31 13:36:03,168 - INFO - Starting preprop_resid function.
2025-01-31 13:36:03,169 - INFO - Renamed columns in DataFrame.
2025-01-31 13:36:03,174 - INFO - Formatted latitude and longitude columns.
2025-01-31 13:36:03,175 - INFO - Filtered DataFrame by postal codes. Remaining rows: 191
2025-01-31 13:36:03,177 - INFO - Starting sort_by_plz_add_geometry function.
2025-01-31 13:36:03,178 - INFO - Merged DataFrame with geometry. Shape: (191, 5)
2025-01-31 13:36:03,181 - INFO - DataFrame after dropping missing geometries. Shape: (190, 5)
2025-01-31 13:36:03,188 - INFO - sort_by_plz_add_geometry function completed successfully.
2025-01-31 13:36:03,188 - INFO - preprop_resid function completed successfully.
2025-01-31 13:36:03,188 - INFO -  ====> Duration 0.02 secs: 
Processes and prepares a dataframe by cleaning and filtering postal codes, renaming columns, and transforming
geographical data. The function works by copying the given data, transforming numeric columns into strings, and replacing
comma-separators for proper formatting. It also filters the dataset based on postal codes and combines additional
geometry information via another function.

Return: The processed dataframe with cleaned, formatted, and enriched data combining postal codes and geometrical information.
:rtype: pandas.DataFrame

2025-01-31 13:36:03,194 - INFO - Called create_electric_charging_residents_heatmap with args: (         PLZ  Number                                           geometry
0    10117.0      54  POLYGON ((13.40031 52.5233, 13.40051 52.52216,...
1    10119.0       6  POLYGON ((13.40056 52.53639, 13.4026 52.53507,...
2    10178.0      30  POLYGON ((13.40918 52.52917, 13.41476 52.52779...
3    10179.0      37  POLYGON ((13.42827 52.51895, 13.42751 52.51775...
4    10243.0      39  POLYGON ((13.42554 52.52371, 13.42862 52.52358...
..       ...     ...                                                ...
178  14169.0      17  POLYGON ((13.24957 52.45778, 13.25047 52.45803...
179  14193.0       3  POLYGON ((13.28149 52.49817, 13.28228 52.49778...
180  14195.0      32  POLYGON ((13.27759 52.47487, 13.28447 52.46998...
181  14197.0      12  POLYGON ((13.32027 52.47775, 13.31991 52.47096...
182  14199.0       7  POLYGON ((13.31186 52.48048, 13.30158 52.47452...

[183 rows x 3 columns],        PLZ  Einwohner Breitengrad Längengrad                                           geometry
0    10115      20313    52.53195    13.3838  POLYGON ((13.37239 52.53821, 13.3741 52.53717,...
1    10117      12217    52.51752   13.38777  POLYGON ((13.40031 52.5233, 13.40051 52.52216,...
2    10119      16363    52.53013   13.40551  POLYGON ((13.40056 52.53639, 13.4026 52.53507,...
3    10178      12167     52.5203   13.40473  POLYGON ((13.40918 52.52917, 13.41476 52.52779...
4    10179      18664    52.51379   13.41524  POLYGON ((13.42827 52.51895, 13.42751 52.51775...
..     ...        ...         ...        ...                                                ...
186  14169      17274       52.45   13.25883  POLYGON ((13.24957 52.45778, 13.25047 52.45803...
187  14193      15505    52.48135   13.23847  POLYGON ((13.28149 52.49817, 13.28228 52.49778...
188  14195      14667    52.45858   13.28463  POLYGON ((13.27759 52.47487, 13.28447 52.46998...
189  14197      17889    52.47319    13.3103  POLYGON ((13.32027 52.47775, 13.31991 52.47096...
190  14199      13657    52.47796   13.29242  POLYGON ((13.31186 52.48048, 13.30158 52.47452...

[190 rows x 5 columns]), kwargs: {}
2025-01-31 13:36:05,028 - INFO - Current working directory: E:\Study\BHT\AdvancedSE\Assignment1\BerlinChargeHub
2025-01-31 13:36:05,028 - INFO - Starting execution of the main function.
2025-01-31 13:36:05,034 - INFO - geodata_berlin_plz.csv loaded successfully.
2025-01-31 13:36:05,211 - INFO - Ladesaeulenregister.csv loaded successfully.
2025-01-31 13:36:05,211 - INFO - Starting preprop_lstat function.
2025-01-31 13:36:05,226 - INFO - Renamed columns in DataFrame.
2025-01-31 13:36:05,245 - INFO - Formatted latitude and longitude columns.
2025-01-31 13:36:05,247 - INFO - Filtered data for Berlin. Shape: (2746, 5)
2025-01-31 13:36:05,249 - INFO - Starting sort_by_plz_add_geometry function.
2025-01-31 13:36:05,252 - INFO - Merged DataFrame with geometry. Shape: (2746, 6)
2025-01-31 13:36:05,256 - INFO - DataFrame after dropping missing geometries. Shape: (2737, 6)
2025-01-31 13:36:05,323 - INFO - sort_by_plz_add_geometry function completed successfully.
2025-01-31 13:36:05,324 - INFO - preprop_lstat function completed successfully.
2025-01-31 13:36:05,333 - INFO -  ====> Duration 0.12 secs: Preprocessing dataframe from Ladesaeulenregister.csv
2025-01-31 13:36:05,333 - INFO - Starting count_plz_occurrences function.
2025-01-31 13:36:05,338 - INFO - count_plz_occurrences function completed successfully. Output DataFrame shape: (183, 3)
2025-01-31 13:36:05,341 - INFO -  ====> Duration 0.01 secs: Counts loading stations per PLZ
2025-01-31 13:36:05,347 - INFO - plz_einwohner.csv loaded successfully.
2025-01-31 13:36:05,348 - INFO - Starting preprop_resid function.
2025-01-31 13:36:05,349 - INFO - Renamed columns in DataFrame.
2025-01-31 13:36:05,355 - INFO - Formatted latitude and longitude columns.
2025-01-31 13:36:05,355 - INFO - Filtered DataFrame by postal codes. Remaining rows: 191
2025-01-31 13:36:05,357 - INFO - Starting sort_by_plz_add_geometry function.
2025-01-31 13:36:05,358 - INFO - Merged DataFrame with geometry. Shape: (191, 5)
2025-01-31 13:36:05,360 - INFO - DataFrame after dropping missing geometries. Shape: (190, 5)
2025-01-31 13:36:05,367 - INFO - sort_by_plz_add_geometry function completed successfully.
2025-01-31 13:36:05,367 - INFO - preprop_resid function completed successfully.
2025-01-31 13:36:05,367 - INFO -  ====> Duration 0.02 secs: 
Processes and prepares a dataframe by cleaning and filtering postal codes, renaming columns, and transforming
geographical data. The function works by copying the given data, transforming numeric columns into strings, and replacing
comma-separators for proper formatting. It also filters the dataset based on postal codes and combines additional
geometry information via another function.

Return: The processed dataframe with cleaned, formatted, and enriched data combining postal codes and geometrical information.
:rtype: pandas.DataFrame

2025-01-31 13:36:05,373 - INFO - Called create_electric_charging_residents_heatmap with args: (         PLZ  Number                                           geometry
0    10117.0      54  POLYGON ((13.40031 52.5233, 13.40051 52.52216,...
1    10119.0       6  POLYGON ((13.40056 52.53639, 13.4026 52.53507,...
2    10178.0      30  POLYGON ((13.40918 52.52917, 13.41476 52.52779...
3    10179.0      37  POLYGON ((13.42827 52.51895, 13.42751 52.51775...
4    10243.0      39  POLYGON ((13.42554 52.52371, 13.42862 52.52358...
..       ...     ...                                                ...
178  14169.0      17  POLYGON ((13.24957 52.45778, 13.25047 52.45803...
179  14193.0       3  POLYGON ((13.28149 52.49817, 13.28228 52.49778...
180  14195.0      32  POLYGON ((13.27759 52.47487, 13.28447 52.46998...
181  14197.0      12  POLYGON ((13.32027 52.47775, 13.31991 52.47096...
182  14199.0       7  POLYGON ((13.31186 52.48048, 13.30158 52.47452...

[183 rows x 3 columns],        PLZ  Einwohner Breitengrad Längengrad                                           geometry
0    10115      20313    52.53195    13.3838  POLYGON ((13.37239 52.53821, 13.3741 52.53717,...
1    10117      12217    52.51752   13.38777  POLYGON ((13.40031 52.5233, 13.40051 52.52216,...
2    10119      16363    52.53013   13.40551  POLYGON ((13.40056 52.53639, 13.4026 52.53507,...
3    10178      12167     52.5203   13.40473  POLYGON ((13.40918 52.52917, 13.41476 52.52779...
4    10179      18664    52.51379   13.41524  POLYGON ((13.42827 52.51895, 13.42751 52.51775...
..     ...        ...         ...        ...                                                ...
186  14169      17274       52.45   13.25883  POLYGON ((13.24957 52.45778, 13.25047 52.45803...
187  14193      15505    52.48135   13.23847  POLYGON ((13.28149 52.49817, 13.28228 52.49778...
188  14195      14667    52.45858   13.28463  POLYGON ((13.27759 52.47487, 13.28447 52.46998...
189  14197      17889    52.47319    13.3103  POLYGON ((13.32027 52.47775, 13.31991 52.47096...
190  14199      13657    52.47796   13.29242  POLYGON ((13.31186 52.48048, 13.30158 52.47452...

[190 rows x 5 columns]), kwargs: {}
2025-01-31 13:36:05,676 - INFO - Current working directory: E:\Study\BHT\AdvancedSE\Assignment1\BerlinChargeHub
2025-01-31 13:36:05,677 - INFO - Starting execution of the main function.
2025-01-31 13:36:05,683 - INFO - geodata_berlin_plz.csv loaded successfully.
2025-01-31 13:36:05,816 - INFO - Current working directory: E:\Study\BHT\AdvancedSE\Assignment1\BerlinChargeHub
2025-01-31 13:36:05,818 - INFO - Starting execution of the main function.
2025-01-31 13:36:05,825 - INFO - geodata_berlin_plz.csv loaded successfully.
2025-01-31 13:36:05,876 - INFO - Ladesaeulenregister.csv loaded successfully.
2025-01-31 13:36:05,877 - INFO - Starting preprop_lstat function.
2025-01-31 13:36:05,888 - INFO - Renamed columns in DataFrame.
2025-01-31 13:36:05,908 - INFO - Formatted latitude and longitude columns.
2025-01-31 13:36:05,911 - INFO - Filtered data for Berlin. Shape: (2746, 5)
2025-01-31 13:36:05,914 - INFO - Starting sort_by_plz_add_geometry function.
2025-01-31 13:36:05,916 - INFO - Merged DataFrame with geometry. Shape: (2746, 6)
2025-01-31 13:36:05,920 - INFO - DataFrame after dropping missing geometries. Shape: (2737, 6)
2025-01-31 13:36:05,988 - INFO - sort_by_plz_add_geometry function completed successfully.
2025-01-31 13:36:05,988 - INFO - preprop_lstat function completed successfully.
2025-01-31 13:36:05,996 - INFO - Current working directory: E:\Study\BHT\AdvancedSE\Assignment1\BerlinChargeHub
2025-01-31 13:36:05,996 - INFO -  ====> Duration 0.12 secs: Preprocessing dataframe from Ladesaeulenregister.csv
2025-01-31 13:36:05,996 - INFO - Starting count_plz_occurrences function.
2025-01-31 13:36:05,998 - INFO - Starting execution of the main function.
2025-01-31 13:36:06,006 - INFO - count_plz_occurrences function completed successfully. Output DataFrame shape: (183, 3)
2025-01-31 13:36:06,009 - INFO -  ====> Duration 0.01 secs: Counts loading stations per PLZ
2025-01-31 13:36:06,013 - INFO - geodata_berlin_plz.csv loaded successfully.
2025-01-31 13:36:06,020 - INFO - plz_einwohner.csv loaded successfully.
2025-01-31 13:36:06,020 - INFO - Starting preprop_resid function.
2025-01-31 13:36:06,021 - INFO - Renamed columns in DataFrame.
2025-01-31 13:36:06,031 - INFO - Formatted latitude and longitude columns.
2025-01-31 13:36:06,041 - INFO - Filtered DataFrame by postal codes. Remaining rows: 191
2025-01-31 13:36:06,045 - INFO - Starting sort_by_plz_add_geometry function.
2025-01-31 13:36:06,053 - INFO - Merged DataFrame with geometry. Shape: (191, 5)
2025-01-31 13:36:06,056 - INFO - DataFrame after dropping missing geometries. Shape: (190, 5)
2025-01-31 13:36:06,069 - INFO - sort_by_plz_add_geometry function completed successfully.
2025-01-31 13:36:06,071 - INFO - preprop_resid function completed successfully.
2025-01-31 13:36:06,073 - INFO -  ====> Duration 0.05 secs: 
Processes and prepares a dataframe by cleaning and filtering postal codes, renaming columns, and transforming
geographical data. The function works by copying the given data, transforming numeric columns into strings, and replacing
comma-separators for proper formatting. It also filters the dataset based on postal codes and combines additional
geometry information via another function.

Return: The processed dataframe with cleaned, formatted, and enriched data combining postal codes and geometrical information.
:rtype: pandas.DataFrame

2025-01-31 13:36:06,084 - INFO - Called create_electric_charging_residents_heatmap with args: (         PLZ  Number                                           geometry
0    10117.0      54  POLYGON ((13.40031 52.5233, 13.40051 52.52216,...
1    10119.0       6  POLYGON ((13.40056 52.53639, 13.4026 52.53507,...
2    10178.0      30  POLYGON ((13.40918 52.52917, 13.41476 52.52779...
3    10179.0      37  POLYGON ((13.42827 52.51895, 13.42751 52.51775...
4    10243.0      39  POLYGON ((13.42554 52.52371, 13.42862 52.52358...
..       ...     ...                                                ...
178  14169.0      17  POLYGON ((13.24957 52.45778, 13.25047 52.45803...
179  14193.0       3  POLYGON ((13.28149 52.49817, 13.28228 52.49778...
180  14195.0      32  POLYGON ((13.27759 52.47487, 13.28447 52.46998...
181  14197.0      12  POLYGON ((13.32027 52.47775, 13.31991 52.47096...
182  14199.0       7  POLYGON ((13.31186 52.48048, 13.30158 52.47452...

[183 rows x 3 columns],        PLZ  Einwohner Breitengrad Längengrad                                           geometry
0    10115      20313    52.53195    13.3838  POLYGON ((13.37239 52.53821, 13.3741 52.53717,...
1    10117      12217    52.51752   13.38777  POLYGON ((13.40031 52.5233, 13.40051 52.52216,...
2    10119      16363    52.53013   13.40551  POLYGON ((13.40056 52.53639, 13.4026 52.53507,...
3    10178      12167     52.5203   13.40473  POLYGON ((13.40918 52.52917, 13.41476 52.52779...
4    10179      18664    52.51379   13.41524  POLYGON ((13.42827 52.51895, 13.42751 52.51775...
..     ...        ...         ...        ...                                                ...
186  14169      17274       52.45   13.25883  POLYGON ((13.24957 52.45778, 13.25047 52.45803...
187  14193      15505    52.48135   13.23847  POLYGON ((13.28149 52.49817, 13.28228 52.49778...
188  14195      14667    52.45858   13.28463  POLYGON ((13.27759 52.47487, 13.28447 52.46998...
189  14197      17889    52.47319    13.3103  POLYGON ((13.32027 52.47775, 13.31991 52.47096...
190  14199      13657    52.47796   13.29242  POLYGON ((13.31186 52.48048, 13.30158 52.47452...

[190 rows x 5 columns]), kwargs: {}
2025-01-31 13:36:06,318 - INFO - Ladesaeulenregister.csv loaded successfully.
2025-01-31 13:36:06,320 - INFO - Starting preprop_lstat function.
2025-01-31 13:36:06,332 - INFO - Renamed columns in DataFrame.
2025-01-31 13:36:06,370 - INFO - Formatted latitude and longitude columns.
2025-01-31 13:36:06,377 - INFO - Filtered data for Berlin. Shape: (2746, 5)
2025-01-31 13:36:06,380 - INFO - Starting sort_by_plz_add_geometry function.
2025-01-31 13:36:06,383 - INFO - Merged DataFrame with geometry. Shape: (2746, 6)
2025-01-31 13:36:06,390 - INFO - DataFrame after dropping missing geometries. Shape: (2737, 6)
2025-01-31 13:36:06,509 - INFO - sort_by_plz_add_geometry function completed successfully.
2025-01-31 13:36:06,517 - INFO - preprop_lstat function completed successfully.
2025-01-31 13:36:06,527 - INFO -  ====> Duration 0.21 secs: Preprocessing dataframe from Ladesaeulenregister.csv
2025-01-31 13:36:06,528 - INFO - Starting count_plz_occurrences function.
2025-01-31 13:36:06,536 - INFO - count_plz_occurrences function completed successfully. Output DataFrame shape: (183, 3)
2025-01-31 13:36:06,539 - INFO -  ====> Duration 0.01 secs: Counts loading stations per PLZ
2025-01-31 13:36:06,580 - INFO - Ladesaeulenregister.csv loaded successfully.
2025-01-31 13:36:06,580 - INFO - Starting preprop_lstat function.
2025-01-31 13:36:06,581 - INFO - plz_einwohner.csv loaded successfully.
2025-01-31 13:36:06,586 - INFO - Starting preprop_resid function.
2025-01-31 13:36:06,591 - INFO - Renamed columns in DataFrame.
2025-01-31 13:36:06,605 - INFO - Renamed columns in DataFrame.
2025-01-31 13:36:06,628 - INFO - Formatted latitude and longitude columns.
2025-01-31 13:36:06,628 - INFO - Formatted latitude and longitude columns.
2025-01-31 13:36:06,632 - INFO - Filtered DataFrame by postal codes. Remaining rows: 191
2025-01-31 13:36:06,635 - INFO - Starting sort_by_plz_add_geometry function.
2025-01-31 13:36:06,636 - INFO - Merged DataFrame with geometry. Shape: (191, 5)
2025-01-31 13:36:06,637 - INFO - Filtered data for Berlin. Shape: (2746, 5)
2025-01-31 13:36:06,640 - INFO - DataFrame after dropping missing geometries. Shape: (190, 5)
2025-01-31 13:36:06,642 - INFO - Starting sort_by_plz_add_geometry function.
2025-01-31 13:36:06,650 - INFO - sort_by_plz_add_geometry function completed successfully.
2025-01-31 13:36:06,650 - INFO - preprop_resid function completed successfully.
2025-01-31 13:36:06,651 - INFO -  ====> Duration 0.06 secs: 
Processes and prepares a dataframe by cleaning and filtering postal codes, renaming columns, and transforming
geographical data. The function works by copying the given data, transforming numeric columns into strings, and replacing
comma-separators for proper formatting. It also filters the dataset based on postal codes and combines additional
geometry information via another function.

Return: The processed dataframe with cleaned, formatted, and enriched data combining postal codes and geometrical information.
:rtype: pandas.DataFrame

2025-01-31 13:36:06,658 - INFO - Called create_electric_charging_residents_heatmap with args: (         PLZ  Number                                           geometry
0    10117.0      54  POLYGON ((13.40031 52.5233, 13.40051 52.52216,...
1    10119.0       6  POLYGON ((13.40056 52.53639, 13.4026 52.53507,...
2    10178.0      30  POLYGON ((13.40918 52.52917, 13.41476 52.52779...
3    10179.0      37  POLYGON ((13.42827 52.51895, 13.42751 52.51775...
4    10243.0      39  POLYGON ((13.42554 52.52371, 13.42862 52.52358...
..       ...     ...                                                ...
178  14169.0      17  POLYGON ((13.24957 52.45778, 13.25047 52.45803...
179  14193.0       3  POLYGON ((13.28149 52.49817, 13.28228 52.49778...
180  14195.0      32  POLYGON ((13.27759 52.47487, 13.28447 52.46998...
181  14197.0      12  POLYGON ((13.32027 52.47775, 13.31991 52.47096...
182  14199.0       7  POLYGON ((13.31186 52.48048, 13.30158 52.47452...

[183 rows x 3 columns],        PLZ  Einwohner Breitengrad Längengrad                                           geometry
0    10115      20313    52.53195    13.3838  POLYGON ((13.37239 52.53821, 13.3741 52.53717,...
1    10117      12217    52.51752   13.38777  POLYGON ((13.40031 52.5233, 13.40051 52.52216,...
2    10119      16363    52.53013   13.40551  POLYGON ((13.40056 52.53639, 13.4026 52.53507,...
3    10178      12167     52.5203   13.40473  POLYGON ((13.40918 52.52917, 13.41476 52.52779...
4    10179      18664    52.51379   13.41524  POLYGON ((13.42827 52.51895, 13.42751 52.51775...
..     ...        ...         ...        ...                                                ...
186  14169      17274       52.45   13.25883  POLYGON ((13.24957 52.45778, 13.25047 52.45803...
187  14193      15505    52.48135   13.23847  POLYGON ((13.28149 52.49817, 13.28228 52.49778...
188  14195      14667    52.45858   13.28463  POLYGON ((13.27759 52.47487, 13.28447 52.46998...
189  14197      17889    52.47319    13.3103  POLYGON ((13.32027 52.47775, 13.31991 52.47096...
190  14199      13657    52.47796   13.29242  POLYGON ((13.31186 52.48048, 13.30158 52.47452...

[190 rows x 5 columns]), kwargs: {}
2025-01-31 13:36:06,659 - INFO - Merged DataFrame with geometry. Shape: (2746, 6)
2025-01-31 13:36:06,706 - INFO - DataFrame after dropping missing geometries. Shape: (2737, 6)
2025-01-31 13:36:06,821 - INFO - sort_by_plz_add_geometry function completed successfully.
2025-01-31 13:36:06,821 - INFO - preprop_lstat function completed successfully.
2025-01-31 13:36:06,826 - INFO -  ====> Duration 0.25 secs: Preprocessing dataframe from Ladesaeulenregister.csv
2025-01-31 13:36:06,826 - INFO - Starting count_plz_occurrences function.
2025-01-31 13:36:06,832 - INFO - count_plz_occurrences function completed successfully. Output DataFrame shape: (183, 3)
2025-01-31 13:36:06,834 - INFO -  ====> Duration 0.01 secs: Counts loading stations per PLZ
2025-01-31 13:36:06,841 - INFO - plz_einwohner.csv loaded successfully.
2025-01-31 13:36:06,842 - INFO - Starting preprop_resid function.
2025-01-31 13:36:06,843 - INFO - Renamed columns in DataFrame.
2025-01-31 13:36:06,849 - INFO - Formatted latitude and longitude columns.
2025-01-31 13:36:06,849 - INFO - Filtered DataFrame by postal codes. Remaining rows: 191
2025-01-31 13:36:06,851 - INFO - Starting sort_by_plz_add_geometry function.
2025-01-31 13:36:06,852 - INFO - Merged DataFrame with geometry. Shape: (191, 5)
2025-01-31 13:36:06,855 - INFO - DataFrame after dropping missing geometries. Shape: (190, 5)
2025-01-31 13:36:06,865 - INFO - sort_by_plz_add_geometry function completed successfully.
2025-01-31 13:36:06,866 - INFO - preprop_resid function completed successfully.
2025-01-31 13:36:06,866 - INFO -  ====> Duration 0.02 secs: 
Processes and prepares a dataframe by cleaning and filtering postal codes, renaming columns, and transforming
geographical data. The function works by copying the given data, transforming numeric columns into strings, and replacing
comma-separators for proper formatting. It also filters the dataset based on postal codes and combines additional
geometry information via another function.

Return: The processed dataframe with cleaned, formatted, and enriched data combining postal codes and geometrical information.
:rtype: pandas.DataFrame

2025-01-31 13:36:06,871 - INFO - Called create_electric_charging_residents_heatmap with args: (         PLZ  Number                                           geometry
0    10117.0      54  POLYGON ((13.40031 52.5233, 13.40051 52.52216,...
1    10119.0       6  POLYGON ((13.40056 52.53639, 13.4026 52.53507,...
2    10178.0      30  POLYGON ((13.40918 52.52917, 13.41476 52.52779...
3    10179.0      37  POLYGON ((13.42827 52.51895, 13.42751 52.51775...
4    10243.0      39  POLYGON ((13.42554 52.52371, 13.42862 52.52358...
..       ...     ...                                                ...
178  14169.0      17  POLYGON ((13.24957 52.45778, 13.25047 52.45803...
179  14193.0       3  POLYGON ((13.28149 52.49817, 13.28228 52.49778...
180  14195.0      32  POLYGON ((13.27759 52.47487, 13.28447 52.46998...
181  14197.0      12  POLYGON ((13.32027 52.47775, 13.31991 52.47096...
182  14199.0       7  POLYGON ((13.31186 52.48048, 13.30158 52.47452...

[183 rows x 3 columns],        PLZ  Einwohner Breitengrad Längengrad                                           geometry
0    10115      20313    52.53195    13.3838  POLYGON ((13.37239 52.53821, 13.3741 52.53717,...
1    10117      12217    52.51752   13.38777  POLYGON ((13.40031 52.5233, 13.40051 52.52216,...
2    10119      16363    52.53013   13.40551  POLYGON ((13.40056 52.53639, 13.4026 52.53507,...
3    10178      12167     52.5203   13.40473  POLYGON ((13.40918 52.52917, 13.41476 52.52779...
4    10179      18664    52.51379   13.41524  POLYGON ((13.42827 52.51895, 13.42751 52.51775...
..     ...        ...         ...        ...                                                ...
186  14169      17274       52.45   13.25883  POLYGON ((13.24957 52.45778, 13.25047 52.45803...
187  14193      15505    52.48135   13.23847  POLYGON ((13.28149 52.49817, 13.28228 52.49778...
188  14195      14667    52.45858   13.28463  POLYGON ((13.27759 52.47487, 13.28447 52.46998...
189  14197      17889    52.47319    13.3103  POLYGON ((13.32027 52.47775, 13.31991 52.47096...
190  14199      13657    52.47796   13.29242  POLYGON ((13.31186 52.48048, 13.30158 52.47452...

[190 rows x 5 columns]), kwargs: {}
2025-01-31 13:36:20,052 - INFO - Current working directory: E:\Study\BHT\AdvancedSE\Assignment1\BerlinChargeHub
2025-01-31 13:36:20,053 - INFO - Starting execution of the main function.
2025-01-31 13:36:20,062 - INFO - geodata_berlin_plz.csv loaded successfully.
2025-01-31 13:36:20,271 - INFO - Ladesaeulenregister.csv loaded successfully.
2025-01-31 13:36:20,271 - INFO - Starting preprop_lstat function.
2025-01-31 13:36:20,283 - INFO - Renamed columns in DataFrame.
2025-01-31 13:36:20,302 - INFO - Formatted latitude and longitude columns.
2025-01-31 13:36:20,304 - INFO - Filtered data for Berlin. Shape: (2746, 5)
2025-01-31 13:36:20,306 - INFO - Starting sort_by_plz_add_geometry function.
2025-01-31 13:36:20,308 - INFO - Merged DataFrame with geometry. Shape: (2746, 6)
2025-01-31 13:36:20,310 - INFO - DataFrame after dropping missing geometries. Shape: (2737, 6)
2025-01-31 13:36:20,375 - INFO - sort_by_plz_add_geometry function completed successfully.
2025-01-31 13:36:20,375 - INFO - preprop_lstat function completed successfully.
2025-01-31 13:36:20,381 - INFO -  ====> Duration 0.11 secs: Preprocessing dataframe from Ladesaeulenregister.csv
2025-01-31 13:36:20,381 - INFO - Starting count_plz_occurrences function.
2025-01-31 13:36:20,386 - INFO - count_plz_occurrences function completed successfully. Output DataFrame shape: (183, 3)
2025-01-31 13:36:20,388 - INFO -  ====> Duration 0.01 secs: Counts loading stations per PLZ
2025-01-31 13:36:20,394 - INFO - plz_einwohner.csv loaded successfully.
2025-01-31 13:36:20,395 - INFO - Starting preprop_resid function.
2025-01-31 13:36:20,395 - INFO - Renamed columns in DataFrame.
2025-01-31 13:36:20,401 - INFO - Formatted latitude and longitude columns.
2025-01-31 13:36:20,401 - INFO - Filtered DataFrame by postal codes. Remaining rows: 191
2025-01-31 13:36:20,403 - INFO - Starting sort_by_plz_add_geometry function.
2025-01-31 13:36:20,404 - INFO - Merged DataFrame with geometry. Shape: (191, 5)
2025-01-31 13:36:20,406 - INFO - DataFrame after dropping missing geometries. Shape: (190, 5)
2025-01-31 13:36:20,412 - INFO - sort_by_plz_add_geometry function completed successfully.
2025-01-31 13:36:20,412 - INFO - preprop_resid function completed successfully.
2025-01-31 13:36:20,412 - INFO -  ====> Duration 0.02 secs: 
Processes and prepares a dataframe by cleaning and filtering postal codes, renaming columns, and transforming
geographical data. The function works by copying the given data, transforming numeric columns into strings, and replacing
comma-separators for proper formatting. It also filters the dataset based on postal codes and combines additional
geometry information via another function.

Return: The processed dataframe with cleaned, formatted, and enriched data combining postal codes and geometrical information.
:rtype: pandas.DataFrame

2025-01-31 13:36:20,417 - INFO - Called create_electric_charging_residents_heatmap with args: (         PLZ  Number                                           geometry
0    10117.0      54  POLYGON ((13.40031 52.5233, 13.40051 52.52216,...
1    10119.0       6  POLYGON ((13.40056 52.53639, 13.4026 52.53507,...
2    10178.0      30  POLYGON ((13.40918 52.52917, 13.41476 52.52779...
3    10179.0      37  POLYGON ((13.42827 52.51895, 13.42751 52.51775...
4    10243.0      39  POLYGON ((13.42554 52.52371, 13.42862 52.52358...
..       ...     ...                                                ...
178  14169.0      17  POLYGON ((13.24957 52.45778, 13.25047 52.45803...
179  14193.0       3  POLYGON ((13.28149 52.49817, 13.28228 52.49778...
180  14195.0      32  POLYGON ((13.27759 52.47487, 13.28447 52.46998...
181  14197.0      12  POLYGON ((13.32027 52.47775, 13.31991 52.47096...
182  14199.0       7  POLYGON ((13.31186 52.48048, 13.30158 52.47452...

[183 rows x 3 columns],        PLZ  Einwohner Breitengrad Längengrad                                           geometry
0    10115      20313    52.53195    13.3838  POLYGON ((13.37239 52.53821, 13.3741 52.53717,...
1    10117      12217    52.51752   13.38777  POLYGON ((13.40031 52.5233, 13.40051 52.52216,...
2    10119      16363    52.53013   13.40551  POLYGON ((13.40056 52.53639, 13.4026 52.53507,...
3    10178      12167     52.5203   13.40473  POLYGON ((13.40918 52.52917, 13.41476 52.52779...
4    10179      18664    52.51379   13.41524  POLYGON ((13.42827 52.51895, 13.42751 52.51775...
..     ...        ...         ...        ...                                                ...
186  14169      17274       52.45   13.25883  POLYGON ((13.24957 52.45778, 13.25047 52.45803...
187  14193      15505    52.48135   13.23847  POLYGON ((13.28149 52.49817, 13.28228 52.49778...
188  14195      14667    52.45858   13.28463  POLYGON ((13.27759 52.47487, 13.28447 52.46998...
189  14197      17889    52.47319    13.3103  POLYGON ((13.32027 52.47775, 13.31991 52.47096...
190  14199      13657    52.47796   13.29242  POLYGON ((13.31186 52.48048, 13.30158 52.47452...

[190 rows x 5 columns]), kwargs: {}
2025-01-31 13:36:22,312 - INFO - Current working directory: E:\Study\BHT\AdvancedSE\Assignment1\BerlinChargeHub
2025-01-31 13:36:22,313 - INFO - Starting execution of the main function.
2025-01-31 13:36:22,319 - INFO - geodata_berlin_plz.csv loaded successfully.
2025-01-31 13:36:22,507 - INFO - Ladesaeulenregister.csv loaded successfully.
2025-01-31 13:36:22,507 - INFO - Starting preprop_lstat function.
2025-01-31 13:36:22,518 - INFO - Renamed columns in DataFrame.
2025-01-31 13:36:22,537 - INFO - Formatted latitude and longitude columns.
2025-01-31 13:36:22,539 - INFO - Filtered data for Berlin. Shape: (2746, 5)
2025-01-31 13:36:22,541 - INFO - Starting sort_by_plz_add_geometry function.
2025-01-31 13:36:22,542 - INFO - Merged DataFrame with geometry. Shape: (2746, 6)
2025-01-31 13:36:22,545 - INFO - DataFrame after dropping missing geometries. Shape: (2737, 6)
2025-01-31 13:36:22,611 - INFO - sort_by_plz_add_geometry function completed successfully.
2025-01-31 13:36:22,612 - INFO - preprop_lstat function completed successfully.
2025-01-31 13:36:22,618 - INFO -  ====> Duration 0.11 secs: Preprocessing dataframe from Ladesaeulenregister.csv
2025-01-31 13:36:22,619 - INFO - Starting count_plz_occurrences function.
2025-01-31 13:36:22,624 - INFO - count_plz_occurrences function completed successfully. Output DataFrame shape: (183, 3)
2025-01-31 13:36:22,626 - INFO -  ====> Duration 0.01 secs: Counts loading stations per PLZ
2025-01-31 13:36:22,633 - INFO - plz_einwohner.csv loaded successfully.
2025-01-31 13:36:22,633 - INFO - Starting preprop_resid function.
2025-01-31 13:36:22,633 - INFO - Renamed columns in DataFrame.
2025-01-31 13:36:22,639 - INFO - Formatted latitude and longitude columns.
2025-01-31 13:36:22,639 - INFO - Filtered DataFrame by postal codes. Remaining rows: 191
2025-01-31 13:36:22,641 - INFO - Starting sort_by_plz_add_geometry function.
2025-01-31 13:36:22,641 - INFO - Merged DataFrame with geometry. Shape: (191, 5)
2025-01-31 13:36:22,643 - INFO - DataFrame after dropping missing geometries. Shape: (190, 5)
2025-01-31 13:36:22,650 - INFO - sort_by_plz_add_geometry function completed successfully.
2025-01-31 13:36:22,650 - INFO - preprop_resid function completed successfully.
2025-01-31 13:36:22,650 - INFO -  ====> Duration 0.02 secs: 
Processes and prepares a dataframe by cleaning and filtering postal codes, renaming columns, and transforming
geographical data. The function works by copying the given data, transforming numeric columns into strings, and replacing
comma-separators for proper formatting. It also filters the dataset based on postal codes and combines additional
geometry information via another function.

Return: The processed dataframe with cleaned, formatted, and enriched data combining postal codes and geometrical information.
:rtype: pandas.DataFrame

2025-01-31 13:36:22,654 - INFO - Called create_electric_charging_residents_heatmap with args: (         PLZ  Number                                           geometry
0    10117.0      54  POLYGON ((13.40031 52.5233, 13.40051 52.52216,...
1    10119.0       6  POLYGON ((13.40056 52.53639, 13.4026 52.53507,...
2    10178.0      30  POLYGON ((13.40918 52.52917, 13.41476 52.52779...
3    10179.0      37  POLYGON ((13.42827 52.51895, 13.42751 52.51775...
4    10243.0      39  POLYGON ((13.42554 52.52371, 13.42862 52.52358...
..       ...     ...                                                ...
178  14169.0      17  POLYGON ((13.24957 52.45778, 13.25047 52.45803...
179  14193.0       3  POLYGON ((13.28149 52.49817, 13.28228 52.49778...
180  14195.0      32  POLYGON ((13.27759 52.47487, 13.28447 52.46998...
181  14197.0      12  POLYGON ((13.32027 52.47775, 13.31991 52.47096...
182  14199.0       7  POLYGON ((13.31186 52.48048, 13.30158 52.47452...

[183 rows x 3 columns],        PLZ  Einwohner Breitengrad Längengrad                                           geometry
0    10115      20313    52.53195    13.3838  POLYGON ((13.37239 52.53821, 13.3741 52.53717,...
1    10117      12217    52.51752   13.38777  POLYGON ((13.40031 52.5233, 13.40051 52.52216,...
2    10119      16363    52.53013   13.40551  POLYGON ((13.40056 52.53639, 13.4026 52.53507,...
3    10178      12167     52.5203   13.40473  POLYGON ((13.40918 52.52917, 13.41476 52.52779...
4    10179      18664    52.51379   13.41524  POLYGON ((13.42827 52.51895, 13.42751 52.51775...
..     ...        ...         ...        ...                                                ...
186  14169      17274       52.45   13.25883  POLYGON ((13.24957 52.45778, 13.25047 52.45803...
187  14193      15505    52.48135   13.23847  POLYGON ((13.28149 52.49817, 13.28228 52.49778...
188  14195      14667    52.45858   13.28463  POLYGON ((13.27759 52.47487, 13.28447 52.46998...
189  14197      17889    52.47319    13.3103  POLYGON ((13.32027 52.47775, 13.31991 52.47096...
190  14199      13657    52.47796   13.29242  POLYGON ((13.31186 52.48048, 13.30158 52.47452...

[190 rows x 5 columns]), kwargs: {}
2025-01-31 13:36:46,815 - INFO - Current working directory: E:\Study\BHT\AdvancedSE\Assignment1\BerlinChargeHub
2025-01-31 13:36:46,816 - INFO - Starting execution of the main function.
2025-01-31 13:36:46,825 - INFO - geodata_berlin_plz.csv loaded successfully.
2025-01-31 13:36:47,022 - INFO - Ladesaeulenregister.csv loaded successfully.
2025-01-31 13:36:47,022 - INFO - Starting preprop_lstat function.
2025-01-31 13:36:47,036 - INFO - Renamed columns in DataFrame.
2025-01-31 13:36:47,055 - INFO - Formatted latitude and longitude columns.
2025-01-31 13:36:47,057 - INFO - Filtered data for Berlin. Shape: (2746, 5)
2025-01-31 13:36:47,060 - INFO - Starting sort_by_plz_add_geometry function.
2025-01-31 13:36:47,062 - INFO - Merged DataFrame with geometry. Shape: (2746, 6)
2025-01-31 13:36:47,065 - INFO - DataFrame after dropping missing geometries. Shape: (2737, 6)
2025-01-31 13:36:47,131 - INFO - sort_by_plz_add_geometry function completed successfully.
2025-01-31 13:36:47,132 - INFO - preprop_lstat function completed successfully.
2025-01-31 13:36:47,138 - INFO -  ====> Duration 0.12 secs: Preprocessing dataframe from Ladesaeulenregister.csv
2025-01-31 13:36:47,139 - INFO - Starting count_plz_occurrences function.
2025-01-31 13:36:47,143 - INFO - count_plz_occurrences function completed successfully. Output DataFrame shape: (183, 3)
2025-01-31 13:36:47,146 - INFO -  ====> Duration 0.01 secs: Counts loading stations per PLZ
2025-01-31 13:36:47,152 - INFO - plz_einwohner.csv loaded successfully.
2025-01-31 13:36:47,152 - INFO - Starting preprop_resid function.
2025-01-31 13:36:47,153 - INFO - Renamed columns in DataFrame.
2025-01-31 13:36:47,158 - INFO - Formatted latitude and longitude columns.
2025-01-31 13:36:47,158 - INFO - Filtered DataFrame by postal codes. Remaining rows: 191
2025-01-31 13:36:47,160 - INFO - Starting sort_by_plz_add_geometry function.
2025-01-31 13:36:47,161 - INFO - Merged DataFrame with geometry. Shape: (191, 5)
2025-01-31 13:36:47,163 - INFO - DataFrame after dropping missing geometries. Shape: (190, 5)
2025-01-31 13:36:47,170 - INFO - sort_by_plz_add_geometry function completed successfully.
2025-01-31 13:36:47,170 - INFO - preprop_resid function completed successfully.
2025-01-31 13:36:47,170 - INFO -  ====> Duration 0.02 secs: 
Processes and prepares a dataframe by cleaning and filtering postal codes, renaming columns, and transforming
geographical data. The function works by copying the given data, transforming numeric columns into strings, and replacing
comma-separators for proper formatting. It also filters the dataset based on postal codes and combines additional
geometry information via another function.

Return: The processed dataframe with cleaned, formatted, and enriched data combining postal codes and geometrical information.
:rtype: pandas.DataFrame

2025-01-31 13:36:47,175 - INFO - Called create_electric_charging_residents_heatmap with args: (         PLZ  Number                                           geometry
0    10117.0      54  POLYGON ((13.40031 52.5233, 13.40051 52.52216,...
1    10119.0       6  POLYGON ((13.40056 52.53639, 13.4026 52.53507,...
2    10178.0      30  POLYGON ((13.40918 52.52917, 13.41476 52.52779...
3    10179.0      37  POLYGON ((13.42827 52.51895, 13.42751 52.51775...
4    10243.0      39  POLYGON ((13.42554 52.52371, 13.42862 52.52358...
..       ...     ...                                                ...
178  14169.0      17  POLYGON ((13.24957 52.45778, 13.25047 52.45803...
179  14193.0       3  POLYGON ((13.28149 52.49817, 13.28228 52.49778...
180  14195.0      32  POLYGON ((13.27759 52.47487, 13.28447 52.46998...
181  14197.0      12  POLYGON ((13.32027 52.47775, 13.31991 52.47096...
182  14199.0       7  POLYGON ((13.31186 52.48048, 13.30158 52.47452...

[183 rows x 3 columns],        PLZ  Einwohner Breitengrad Längengrad                                           geometry
0    10115      20313    52.53195    13.3838  POLYGON ((13.37239 52.53821, 13.3741 52.53717,...
1    10117      12217    52.51752   13.38777  POLYGON ((13.40031 52.5233, 13.40051 52.52216,...
2    10119      16363    52.53013   13.40551  POLYGON ((13.40056 52.53639, 13.4026 52.53507,...
3    10178      12167     52.5203   13.40473  POLYGON ((13.40918 52.52917, 13.41476 52.52779...
4    10179      18664    52.51379   13.41524  POLYGON ((13.42827 52.51895, 13.42751 52.51775...
..     ...        ...         ...        ...                                                ...
186  14169      17274       52.45   13.25883  POLYGON ((13.24957 52.45778, 13.25047 52.45803...
187  14193      15505    52.48135   13.23847  POLYGON ((13.28149 52.49817, 13.28228 52.49778...
188  14195      14667    52.45858   13.28463  POLYGON ((13.27759 52.47487, 13.28447 52.46998...
189  14197      17889    52.47319    13.3103  POLYGON ((13.32027 52.47775, 13.31991 52.47096...
190  14199      13657    52.47796   13.29242  POLYGON ((13.31186 52.48048, 13.30158 52.47452...

[190 rows x 5 columns]), kwargs: {}
2025-01-31 13:36:50,671 - INFO - Current working directory: E:\Study\BHT\AdvancedSE\Assignment1\BerlinChargeHub
2025-01-31 13:36:50,672 - INFO - Starting execution of the main function.
2025-01-31 13:36:50,677 - INFO - geodata_berlin_plz.csv loaded successfully.
2025-01-31 13:36:50,862 - INFO - Ladesaeulenregister.csv loaded successfully.
2025-01-31 13:36:50,862 - INFO - Starting preprop_lstat function.
2025-01-31 13:36:50,872 - INFO - Renamed columns in DataFrame.
2025-01-31 13:36:50,900 - INFO - Formatted latitude and longitude columns.
2025-01-31 13:36:50,903 - INFO - Filtered data for Berlin. Shape: (2746, 5)
2025-01-31 13:36:50,906 - INFO - Starting sort_by_plz_add_geometry function.
2025-01-31 13:36:50,908 - INFO - Merged DataFrame with geometry. Shape: (2746, 6)
2025-01-31 13:36:50,911 - INFO - DataFrame after dropping missing geometries. Shape: (2737, 6)
2025-01-31 13:36:50,985 - INFO - sort_by_plz_add_geometry function completed successfully.
2025-01-31 13:36:50,985 - INFO - preprop_lstat function completed successfully.
2025-01-31 13:36:50,991 - INFO -  ====> Duration 0.13 secs: Preprocessing dataframe from Ladesaeulenregister.csv
2025-01-31 13:36:50,991 - INFO - Starting count_plz_occurrences function.
2025-01-31 13:36:50,997 - INFO - count_plz_occurrences function completed successfully. Output DataFrame shape: (183, 3)
2025-01-31 13:36:51,000 - INFO -  ====> Duration 0.01 secs: Counts loading stations per PLZ
2025-01-31 13:36:51,006 - INFO - plz_einwohner.csv loaded successfully.
2025-01-31 13:36:51,006 - INFO - Starting preprop_resid function.
2025-01-31 13:36:51,007 - INFO - Renamed columns in DataFrame.
2025-01-31 13:36:51,014 - INFO - Formatted latitude and longitude columns.
2025-01-31 13:36:51,014 - INFO - Filtered DataFrame by postal codes. Remaining rows: 191
2025-01-31 13:36:51,016 - INFO - Starting sort_by_plz_add_geometry function.
2025-01-31 13:36:51,018 - INFO - Merged DataFrame with geometry. Shape: (191, 5)
2025-01-31 13:36:51,020 - INFO - DataFrame after dropping missing geometries. Shape: (190, 5)
2025-01-31 13:36:51,027 - INFO - sort_by_plz_add_geometry function completed successfully.
2025-01-31 13:36:51,028 - INFO - preprop_resid function completed successfully.
2025-01-31 13:36:51,028 - INFO -  ====> Duration 0.02 secs: 
Processes and prepares a dataframe by cleaning and filtering postal codes, renaming columns, and transforming
geographical data. The function works by copying the given data, transforming numeric columns into strings, and replacing
comma-separators for proper formatting. It also filters the dataset based on postal codes and combines additional
geometry information via another function.

Return: The processed dataframe with cleaned, formatted, and enriched data combining postal codes and geometrical information.
:rtype: pandas.DataFrame

2025-01-31 13:36:51,033 - INFO - Called create_electric_charging_residents_heatmap with args: (         PLZ  Number                                           geometry
0    10117.0      54  POLYGON ((13.40031 52.5233, 13.40051 52.52216,...
1    10119.0       6  POLYGON ((13.40056 52.53639, 13.4026 52.53507,...
2    10178.0      30  POLYGON ((13.40918 52.52917, 13.41476 52.52779...
3    10179.0      37  POLYGON ((13.42827 52.51895, 13.42751 52.51775...
4    10243.0      39  POLYGON ((13.42554 52.52371, 13.42862 52.52358...
..       ...     ...                                                ...
178  14169.0      17  POLYGON ((13.24957 52.45778, 13.25047 52.45803...
179  14193.0       3  POLYGON ((13.28149 52.49817, 13.28228 52.49778...
180  14195.0      32  POLYGON ((13.27759 52.47487, 13.28447 52.46998...
181  14197.0      12  POLYGON ((13.32027 52.47775, 13.31991 52.47096...
182  14199.0       7  POLYGON ((13.31186 52.48048, 13.30158 52.47452...

[183 rows x 3 columns],        PLZ  Einwohner Breitengrad Längengrad                                           geometry
0    10115      20313    52.53195    13.3838  POLYGON ((13.37239 52.53821, 13.3741 52.53717,...
1    10117      12217    52.51752   13.38777  POLYGON ((13.40031 52.5233, 13.40051 52.52216,...
2    10119      16363    52.53013   13.40551  POLYGON ((13.40056 52.53639, 13.4026 52.53507,...
3    10178      12167     52.5203   13.40473  POLYGON ((13.40918 52.52917, 13.41476 52.52779...
4    10179      18664    52.51379   13.41524  POLYGON ((13.42827 52.51895, 13.42751 52.51775...
..     ...        ...         ...        ...                                                ...
186  14169      17274       52.45   13.25883  POLYGON ((13.24957 52.45778, 13.25047 52.45803...
187  14193      15505    52.48135   13.23847  POLYGON ((13.28149 52.49817, 13.28228 52.49778...
188  14195      14667    52.45858   13.28463  POLYGON ((13.27759 52.47487, 13.28447 52.46998...
189  14197      17889    52.47319    13.3103  POLYGON ((13.32027 52.47775, 13.31991 52.47096...
190  14199      13657    52.47796   13.29242  POLYGON ((13.31186 52.48048, 13.30158 52.47452...

[190 rows x 5 columns]), kwargs: {}
2025-01-31 13:36:54,334 - INFO - Current working directory: E:\Study\BHT\AdvancedSE\Assignment1\BerlinChargeHub
2025-01-31 13:36:54,334 - INFO - Starting execution of the main function.
2025-01-31 13:36:54,339 - INFO - geodata_berlin_plz.csv loaded successfully.
2025-01-31 13:36:54,543 - INFO - Ladesaeulenregister.csv loaded successfully.
2025-01-31 13:36:54,543 - INFO - Starting preprop_lstat function.
2025-01-31 13:36:54,555 - INFO - Renamed columns in DataFrame.
2025-01-31 13:36:54,582 - INFO - Formatted latitude and longitude columns.
2025-01-31 13:36:54,586 - INFO - Filtered data for Berlin. Shape: (2746, 5)
2025-01-31 13:36:54,588 - INFO - Starting sort_by_plz_add_geometry function.
2025-01-31 13:36:54,590 - INFO - Merged DataFrame with geometry. Shape: (2746, 6)
2025-01-31 13:36:54,593 - INFO - DataFrame after dropping missing geometries. Shape: (2737, 6)
2025-01-31 13:36:54,661 - INFO - sort_by_plz_add_geometry function completed successfully.
2025-01-31 13:36:54,661 - INFO - preprop_lstat function completed successfully.
2025-01-31 13:36:54,668 - INFO -  ====> Duration 0.13 secs: Preprocessing dataframe from Ladesaeulenregister.csv
2025-01-31 13:36:54,668 - INFO - Starting count_plz_occurrences function.
2025-01-31 13:36:54,675 - INFO - count_plz_occurrences function completed successfully. Output DataFrame shape: (183, 3)
2025-01-31 13:36:54,677 - INFO -  ====> Duration 0.01 secs: Counts loading stations per PLZ
2025-01-31 13:36:54,686 - INFO - plz_einwohner.csv loaded successfully.
2025-01-31 13:36:54,686 - INFO - Starting preprop_resid function.
2025-01-31 13:36:54,687 - INFO - Renamed columns in DataFrame.
2025-01-31 13:36:54,698 - INFO - Formatted latitude and longitude columns.
2025-01-31 13:36:54,698 - INFO - Filtered DataFrame by postal codes. Remaining rows: 191
2025-01-31 13:36:54,700 - INFO - Starting sort_by_plz_add_geometry function.
2025-01-31 13:36:54,701 - INFO - Merged DataFrame with geometry. Shape: (191, 5)
2025-01-31 13:36:54,703 - INFO - DataFrame after dropping missing geometries. Shape: (190, 5)
2025-01-31 13:36:54,710 - INFO - sort_by_plz_add_geometry function completed successfully.
2025-01-31 13:36:54,710 - INFO - preprop_resid function completed successfully.
2025-01-31 13:36:54,710 - INFO -  ====> Duration 0.02 secs: 
Processes and prepares a dataframe by cleaning and filtering postal codes, renaming columns, and transforming
geographical data. The function works by copying the given data, transforming numeric columns into strings, and replacing
comma-separators for proper formatting. It also filters the dataset based on postal codes and combines additional
geometry information via another function.

Return: The processed dataframe with cleaned, formatted, and enriched data combining postal codes and geometrical information.
:rtype: pandas.DataFrame

2025-01-31 13:36:54,717 - INFO - Called create_electric_charging_residents_heatmap with args: (         PLZ  Number                                           geometry
0    10117.0      54  POLYGON ((13.40031 52.5233, 13.40051 52.52216,...
1    10119.0       6  POLYGON ((13.40056 52.53639, 13.4026 52.53507,...
2    10178.0      30  POLYGON ((13.40918 52.52917, 13.41476 52.52779...
3    10179.0      37  POLYGON ((13.42827 52.51895, 13.42751 52.51775...
4    10243.0      39  POLYGON ((13.42554 52.52371, 13.42862 52.52358...
..       ...     ...                                                ...
178  14169.0      17  POLYGON ((13.24957 52.45778, 13.25047 52.45803...
179  14193.0       3  POLYGON ((13.28149 52.49817, 13.28228 52.49778...
180  14195.0      32  POLYGON ((13.27759 52.47487, 13.28447 52.46998...
181  14197.0      12  POLYGON ((13.32027 52.47775, 13.31991 52.47096...
182  14199.0       7  POLYGON ((13.31186 52.48048, 13.30158 52.47452...

[183 rows x 3 columns],        PLZ  Einwohner Breitengrad Längengrad                                           geometry
0    10115      20313    52.53195    13.3838  POLYGON ((13.37239 52.53821, 13.3741 52.53717,...
1    10117      12217    52.51752   13.38777  POLYGON ((13.40031 52.5233, 13.40051 52.52216,...
2    10119      16363    52.53013   13.40551  POLYGON ((13.40056 52.53639, 13.4026 52.53507,...
3    10178      12167     52.5203   13.40473  POLYGON ((13.40918 52.52917, 13.41476 52.52779...
4    10179      18664    52.51379   13.41524  POLYGON ((13.42827 52.51895, 13.42751 52.51775...
..     ...        ...         ...        ...                                                ...
186  14169      17274       52.45   13.25883  POLYGON ((13.24957 52.45778, 13.25047 52.45803...
187  14193      15505    52.48135   13.23847  POLYGON ((13.28149 52.49817, 13.28228 52.49778...
188  14195      14667    52.45858   13.28463  POLYGON ((13.27759 52.47487, 13.28447 52.46998...
189  14197      17889    52.47319    13.3103  POLYGON ((13.32027 52.47775, 13.31991 52.47096...
190  14199      13657    52.47796   13.29242  POLYGON ((13.31186 52.48048, 13.30158 52.47452...

[190 rows x 5 columns]), kwargs: {}
2025-01-31 13:38:14,023 - INFO - Current working directory: E:\Study\BHT\AdvancedSE\Assignment1\BerlinChargeHub
2025-01-31 13:38:14,023 - INFO - Starting execution of the main function.
2025-01-31 13:38:14,029 - INFO - geodata_berlin_plz.csv loaded successfully.
2025-01-31 13:38:14,223 - INFO - Ladesaeulenregister.csv loaded successfully.
2025-01-31 13:38:14,223 - INFO - Starting preprop_lstat function.
2025-01-31 13:38:14,236 - INFO - Renamed columns in DataFrame.
2025-01-31 13:38:14,253 - INFO - Formatted latitude and longitude columns.
2025-01-31 13:38:14,255 - INFO - Filtered data for Berlin. Shape: (2746, 5)
2025-01-31 13:38:14,258 - INFO - Starting sort_by_plz_add_geometry function.
2025-01-31 13:38:14,260 - INFO - Merged DataFrame with geometry. Shape: (2746, 6)
2025-01-31 13:38:14,264 - INFO - DataFrame after dropping missing geometries. Shape: (2737, 6)
2025-01-31 13:38:14,330 - INFO - sort_by_plz_add_geometry function completed successfully.
2025-01-31 13:38:14,330 - INFO - preprop_lstat function completed successfully.
2025-01-31 13:38:14,336 - INFO -  ====> Duration 0.11 secs: Preprocessing dataframe from Ladesaeulenregister.csv
2025-01-31 13:38:14,336 - INFO - Starting count_plz_occurrences function.
2025-01-31 13:38:14,341 - INFO - count_plz_occurrences function completed successfully. Output DataFrame shape: (183, 3)
2025-01-31 13:38:14,344 - INFO -  ====> Duration 0.01 secs: Counts loading stations per PLZ
2025-01-31 13:38:14,350 - INFO - plz_einwohner.csv loaded successfully.
2025-01-31 13:38:14,350 - INFO - Starting preprop_resid function.
2025-01-31 13:38:14,351 - INFO - Renamed columns in DataFrame.
2025-01-31 13:38:14,357 - INFO - Formatted latitude and longitude columns.
2025-01-31 13:38:14,358 - INFO - Filtered DataFrame by postal codes. Remaining rows: 191
2025-01-31 13:38:14,359 - INFO - Starting sort_by_plz_add_geometry function.
2025-01-31 13:38:14,360 - INFO - Merged DataFrame with geometry. Shape: (191, 5)
2025-01-31 13:38:14,362 - INFO - DataFrame after dropping missing geometries. Shape: (190, 5)
2025-01-31 13:38:14,368 - INFO - sort_by_plz_add_geometry function completed successfully.
2025-01-31 13:38:14,369 - INFO - preprop_resid function completed successfully.
2025-01-31 13:38:14,369 - INFO -  ====> Duration 0.02 secs: 
Processes and prepares a dataframe by cleaning and filtering postal codes, renaming columns, and transforming
geographical data. The function works by copying the given data, transforming numeric columns into strings, and replacing
comma-separators for proper formatting. It also filters the dataset based on postal codes and combines additional
geometry information via another function.

Return: The processed dataframe with cleaned, formatted, and enriched data combining postal codes and geometrical information.
:rtype: pandas.DataFrame

2025-01-31 13:38:14,374 - INFO - Called create_electric_charging_residents_heatmap with args: (         PLZ  Number                                           geometry
0    10117.0      54  POLYGON ((13.40031 52.5233, 13.40051 52.52216,...
1    10119.0       6  POLYGON ((13.40056 52.53639, 13.4026 52.53507,...
2    10178.0      30  POLYGON ((13.40918 52.52917, 13.41476 52.52779...
3    10179.0      37  POLYGON ((13.42827 52.51895, 13.42751 52.51775...
4    10243.0      39  POLYGON ((13.42554 52.52371, 13.42862 52.52358...
..       ...     ...                                                ...
178  14169.0      17  POLYGON ((13.24957 52.45778, 13.25047 52.45803...
179  14193.0       3  POLYGON ((13.28149 52.49817, 13.28228 52.49778...
180  14195.0      32  POLYGON ((13.27759 52.47487, 13.28447 52.46998...
181  14197.0      12  POLYGON ((13.32027 52.47775, 13.31991 52.47096...
182  14199.0       7  POLYGON ((13.31186 52.48048, 13.30158 52.47452...

[183 rows x 3 columns],        PLZ  Einwohner Breitengrad Längengrad                                           geometry
0    10115      20313    52.53195    13.3838  POLYGON ((13.37239 52.53821, 13.3741 52.53717,...
1    10117      12217    52.51752   13.38777  POLYGON ((13.40031 52.5233, 13.40051 52.52216,...
2    10119      16363    52.53013   13.40551  POLYGON ((13.40056 52.53639, 13.4026 52.53507,...
3    10178      12167     52.5203   13.40473  POLYGON ((13.40918 52.52917, 13.41476 52.52779...
4    10179      18664    52.51379   13.41524  POLYGON ((13.42827 52.51895, 13.42751 52.51775...
..     ...        ...         ...        ...                                                ...
186  14169      17274       52.45   13.25883  POLYGON ((13.24957 52.45778, 13.25047 52.45803...
187  14193      15505    52.48135   13.23847  POLYGON ((13.28149 52.49817, 13.28228 52.49778...
188  14195      14667    52.45858   13.28463  POLYGON ((13.27759 52.47487, 13.28447 52.46998...
189  14197      17889    52.47319    13.3103  POLYGON ((13.32027 52.47775, 13.31991 52.47096...
190  14199      13657    52.47796   13.29242  POLYGON ((13.31186 52.48048, 13.30158 52.47452...

[190 rows x 5 columns]), kwargs: {}
