2025-02-01 14:12:34,671 - INFO - Current working directory: E:\Study\BHT\AdvancedSE\Assignment1\BerlinChargeHub
2025-02-01 14:12:35,425 - INFO - Starting execution of the main function.
2025-02-01 14:12:35,437 - INFO - geodata_berlin_plz.csv loaded successfully.
2025-02-01 14:12:35,647 - INFO - Ladesaeulenregister.csv loaded successfully.
2025-02-01 14:12:35,647 - INFO - Starting preprop_lstat function.
2025-02-01 14:12:35,665 - INFO - Renamed columns in DataFrame.
2025-02-01 14:12:35,689 - INFO - Formatted latitude and longitude columns.
2025-02-01 14:12:35,692 - INFO - Filtered data for Berlin. Shape: (2746, 5)
2025-02-01 14:12:35,697 - INFO - Starting sort_by_plz_add_geometry function.
2025-02-01 14:12:35,701 - INFO - Merged DataFrame with geometry. Shape: (2746, 6)
2025-02-01 14:12:35,704 - INFO - DataFrame after dropping missing geometries. Shape: (2737, 6)
2025-02-01 14:12:35,775 - INFO - sort_by_plz_add_geometry function completed successfully.
2025-02-01 14:12:35,776 - INFO - preprop_lstat function completed successfully.
2025-02-01 14:12:35,782 - INFO -  ====> Duration 0.13 secs: Preprocessing dataframe from Ladesaeulenregister.csv
2025-02-01 14:12:35,782 - INFO - Starting count_plz_occurrences function.
2025-02-01 14:12:35,792 - INFO - count_plz_occurrences function completed successfully. Output DataFrame shape: (183, 3)
2025-02-01 14:12:35,794 - INFO -  ====> Duration 0.01 secs: Counts loading stations per PLZ
2025-02-01 14:12:35,802 - INFO - plz_einwohner.csv loaded successfully.
2025-02-01 14:12:35,802 - INFO - Starting preprop_resid function.
2025-02-01 14:12:35,803 - INFO - Renamed columns in DataFrame.
2025-02-01 14:12:35,809 - INFO - Formatted latitude and longitude columns.
2025-02-01 14:12:35,810 - INFO - Filtered DataFrame by postal codes. Remaining rows: 191
2025-02-01 14:12:35,812 - INFO - Starting sort_by_plz_add_geometry function.
2025-02-01 14:12:35,814 - INFO - Merged DataFrame with geometry. Shape: (191, 5)
2025-02-01 14:12:35,817 - INFO - DataFrame after dropping missing geometries. Shape: (190, 5)
2025-02-01 14:12:35,824 - INFO - sort_by_plz_add_geometry function completed successfully.
2025-02-01 14:12:35,824 - INFO - preprop_resid function completed successfully.
2025-02-01 14:12:35,825 - INFO -  ====> Duration 0.02 secs: 
Processes and prepares a dataframe by cleaning and filtering postal codes, renaming columns, and transforming
geographical data. The function works by copying the given data, transforming numeric columns into strings, and replacing
comma-separators for proper formatting. It also filters the dataset based on postal codes and combines additional
geometry information via another function.

Return: The processed dataframe with cleaned, formatted, and enriched data combining postal codes and geometrical information.
:rtype: pandas.DataFrame

2025-02-01 14:12:35,831 - INFO - Called create_electric_charging_residents_heatmap with args: (         PLZ  Number                                           geometry
0    10117.0      54  POLYGON ((13.40031 52.5233, 13.40051 52.52216,...
1    10119.0       6  POLYGON ((13.40056 52.53639, 13.4026 52.53507,...
2    10178.0      30  POLYGON ((13.40918 52.52917, 13.41476 52.52779...
3    10179.0      37  POLYGON ((13.42827 52.51895, 13.42751 52.51775...
4    10243.0      39  POLYGON ((13.42554 52.52371, 13.42862 52.52358...
..       ...     ...                                                ...
178  14169.0      17  POLYGON ((13.24957 52.45778, 13.25047 52.45803...
179  14193.0       3  POLYGON ((13.28149 52.49817, 13.28228 52.49778...
180  14195.0      32  POLYGON ((13.27759 52.47487, 13.28447 52.46998...
181  14197.0      12  POLYGON ((13.32027 52.47775, 13.31991 52.47096...
182  14199.0       7  POLYGON ((13.31186 52.48048, 13.30158 52.47452...

[183 rows x 3 columns],        PLZ  Einwohner Breitengrad Längengrad                                           geometry
0    10115      20313    52.53195    13.3838  POLYGON ((13.37239 52.53821, 13.3741 52.53717,...
1    10117      12217    52.51752   13.38777  POLYGON ((13.40031 52.5233, 13.40051 52.52216,...
2    10119      16363    52.53013   13.40551  POLYGON ((13.40056 52.53639, 13.4026 52.53507,...
3    10178      12167     52.5203   13.40473  POLYGON ((13.40918 52.52917, 13.41476 52.52779...
4    10179      18664    52.51379   13.41524  POLYGON ((13.42827 52.51895, 13.42751 52.51775...
..     ...        ...         ...        ...                                                ...
186  14169      17274       52.45   13.25883  POLYGON ((13.24957 52.45778, 13.25047 52.45803...
187  14193      15505    52.48135   13.23847  POLYGON ((13.28149 52.49817, 13.28228 52.49778...
188  14195      14667    52.45858   13.28463  POLYGON ((13.27759 52.47487, 13.28447 52.46998...
189  14197      17889    52.47319    13.3103  POLYGON ((13.32027 52.47775, 13.31991 52.47096...
190  14199      13657    52.47796   13.29242  POLYGON ((13.31186 52.48048, 13.30158 52.47452...

[190 rows x 5 columns]), kwargs: {}
2025-02-01 14:12:41,766 - INFO - Current working directory: E:\Study\BHT\AdvancedSE\Assignment1\BerlinChargeHub
2025-02-01 14:12:41,766 - INFO - Starting execution of the main function.
2025-02-01 14:12:41,776 - INFO - geodata_berlin_plz.csv loaded successfully.
2025-02-01 14:12:41,978 - INFO - Ladesaeulenregister.csv loaded successfully.
2025-02-01 14:12:41,978 - INFO - Starting preprop_lstat function.
2025-02-01 14:12:41,991 - INFO - Renamed columns in DataFrame.
2025-02-01 14:12:42,016 - INFO - Formatted latitude and longitude columns.
2025-02-01 14:12:42,019 - INFO - Filtered data for Berlin. Shape: (2746, 5)
2025-02-01 14:12:42,022 - INFO - Starting sort_by_plz_add_geometry function.
2025-02-01 14:12:42,024 - INFO - Merged DataFrame with geometry. Shape: (2746, 6)
2025-02-01 14:12:42,027 - INFO - DataFrame after dropping missing geometries. Shape: (2737, 6)
2025-02-01 14:12:42,109 - INFO - sort_by_plz_add_geometry function completed successfully.
2025-02-01 14:12:42,110 - INFO - preprop_lstat function completed successfully.
2025-02-01 14:12:42,116 - INFO -  ====> Duration 0.14 secs: Preprocessing dataframe from Ladesaeulenregister.csv
2025-02-01 14:12:42,116 - INFO - Starting count_plz_occurrences function.
2025-02-01 14:12:42,122 - INFO - count_plz_occurrences function completed successfully. Output DataFrame shape: (183, 3)
2025-02-01 14:12:42,124 - INFO -  ====> Duration 0.01 secs: Counts loading stations per PLZ
2025-02-01 14:12:42,131 - INFO - plz_einwohner.csv loaded successfully.
2025-02-01 14:12:42,131 - INFO - Starting preprop_resid function.
2025-02-01 14:12:42,132 - INFO - Renamed columns in DataFrame.
2025-02-01 14:12:42,138 - INFO - Formatted latitude and longitude columns.
2025-02-01 14:12:42,139 - INFO - Filtered DataFrame by postal codes. Remaining rows: 191
2025-02-01 14:12:42,141 - INFO - Starting sort_by_plz_add_geometry function.
2025-02-01 14:12:42,142 - INFO - Merged DataFrame with geometry. Shape: (191, 5)
2025-02-01 14:12:42,145 - INFO - DataFrame after dropping missing geometries. Shape: (190, 5)
2025-02-01 14:12:42,153 - INFO - sort_by_plz_add_geometry function completed successfully.
2025-02-01 14:12:42,153 - INFO - preprop_resid function completed successfully.
2025-02-01 14:12:42,153 - INFO -  ====> Duration 0.02 secs: 
Processes and prepares a dataframe by cleaning and filtering postal codes, renaming columns, and transforming
geographical data. The function works by copying the given data, transforming numeric columns into strings, and replacing
comma-separators for proper formatting. It also filters the dataset based on postal codes and combines additional
geometry information via another function.

Return: The processed dataframe with cleaned, formatted, and enriched data combining postal codes and geometrical information.
:rtype: pandas.DataFrame

2025-02-01 14:12:42,160 - INFO - Called create_electric_charging_residents_heatmap with args: (         PLZ  Number                                           geometry
0    10117.0      54  POLYGON ((13.40031 52.5233, 13.40051 52.52216,...
1    10119.0       6  POLYGON ((13.40056 52.53639, 13.4026 52.53507,...
2    10178.0      30  POLYGON ((13.40918 52.52917, 13.41476 52.52779...
3    10179.0      37  POLYGON ((13.42827 52.51895, 13.42751 52.51775...
4    10243.0      39  POLYGON ((13.42554 52.52371, 13.42862 52.52358...
..       ...     ...                                                ...
178  14169.0      17  POLYGON ((13.24957 52.45778, 13.25047 52.45803...
179  14193.0       3  POLYGON ((13.28149 52.49817, 13.28228 52.49778...
180  14195.0      32  POLYGON ((13.27759 52.47487, 13.28447 52.46998...
181  14197.0      12  POLYGON ((13.32027 52.47775, 13.31991 52.47096...
182  14199.0       7  POLYGON ((13.31186 52.48048, 13.30158 52.47452...

[183 rows x 3 columns],        PLZ  Einwohner Breitengrad Längengrad                                           geometry
0    10115      20313    52.53195    13.3838  POLYGON ((13.37239 52.53821, 13.3741 52.53717,...
1    10117      12217    52.51752   13.38777  POLYGON ((13.40031 52.5233, 13.40051 52.52216,...
2    10119      16363    52.53013   13.40551  POLYGON ((13.40056 52.53639, 13.4026 52.53507,...
3    10178      12167     52.5203   13.40473  POLYGON ((13.40918 52.52917, 13.41476 52.52779...
4    10179      18664    52.51379   13.41524  POLYGON ((13.42827 52.51895, 13.42751 52.51775...
..     ...        ...         ...        ...                                                ...
186  14169      17274       52.45   13.25883  POLYGON ((13.24957 52.45778, 13.25047 52.45803...
187  14193      15505    52.48135   13.23847  POLYGON ((13.28149 52.49817, 13.28228 52.49778...
188  14195      14667    52.45858   13.28463  POLYGON ((13.27759 52.47487, 13.28447 52.46998...
189  14197      17889    52.47319    13.3103  POLYGON ((13.32027 52.47775, 13.31991 52.47096...
190  14199      13657    52.47796   13.29242  POLYGON ((13.31186 52.48048, 13.30158 52.47452...

[190 rows x 5 columns]), kwargs: {}
2025-02-01 14:12:42,211 - INFO - Current working directory: E:\Study\BHT\AdvancedSE\Assignment1\BerlinChargeHub
2025-02-01 14:12:42,214 - INFO - Starting execution of the main function.
2025-02-01 14:12:42,224 - INFO - geodata_berlin_plz.csv loaded successfully.
2025-02-01 14:12:42,424 - INFO - Ladesaeulenregister.csv loaded successfully.
2025-02-01 14:12:42,425 - INFO - Starting preprop_lstat function.
2025-02-01 14:12:42,438 - INFO - Renamed columns in DataFrame.
2025-02-01 14:12:42,457 - INFO - Formatted latitude and longitude columns.
2025-02-01 14:12:42,460 - INFO - Filtered data for Berlin. Shape: (2746, 5)
2025-02-01 14:12:42,462 - INFO - Starting sort_by_plz_add_geometry function.
2025-02-01 14:12:42,464 - INFO - Merged DataFrame with geometry. Shape: (2746, 6)
2025-02-01 14:12:42,468 - INFO - DataFrame after dropping missing geometries. Shape: (2737, 6)
2025-02-01 14:12:42,542 - INFO - sort_by_plz_add_geometry function completed successfully.
2025-02-01 14:12:42,542 - INFO - preprop_lstat function completed successfully.
2025-02-01 14:12:42,550 - INFO -  ====> Duration 0.13 secs: Preprocessing dataframe from Ladesaeulenregister.csv
2025-02-01 14:12:42,550 - INFO - Starting count_plz_occurrences function.
2025-02-01 14:12:42,559 - INFO - count_plz_occurrences function completed successfully. Output DataFrame shape: (183, 3)
2025-02-01 14:12:42,561 - INFO -  ====> Duration 0.01 secs: Counts loading stations per PLZ
2025-02-01 14:12:42,569 - INFO - plz_einwohner.csv loaded successfully.
2025-02-01 14:12:42,569 - INFO - Starting preprop_resid function.
2025-02-01 14:12:42,570 - INFO - Renamed columns in DataFrame.
2025-02-01 14:12:42,576 - INFO - Formatted latitude and longitude columns.
2025-02-01 14:12:42,577 - INFO - Filtered DataFrame by postal codes. Remaining rows: 191
2025-02-01 14:12:42,579 - INFO - Starting sort_by_plz_add_geometry function.
2025-02-01 14:12:42,580 - INFO - Merged DataFrame with geometry. Shape: (191, 5)
2025-02-01 14:12:42,582 - INFO - DataFrame after dropping missing geometries. Shape: (190, 5)
2025-02-01 14:12:42,589 - INFO - sort_by_plz_add_geometry function completed successfully.
2025-02-01 14:12:42,589 - INFO - preprop_resid function completed successfully.
2025-02-01 14:12:42,590 - INFO -  ====> Duration 0.02 secs: 
Processes and prepares a dataframe by cleaning and filtering postal codes, renaming columns, and transforming
geographical data. The function works by copying the given data, transforming numeric columns into strings, and replacing
comma-separators for proper formatting. It also filters the dataset based on postal codes and combines additional
geometry information via another function.

Return: The processed dataframe with cleaned, formatted, and enriched data combining postal codes and geometrical information.
:rtype: pandas.DataFrame

2025-02-01 14:12:42,596 - INFO - Called create_electric_charging_residents_heatmap with args: (         PLZ  Number                                           geometry
0    10117.0      54  POLYGON ((13.40031 52.5233, 13.40051 52.52216,...
1    10119.0       6  POLYGON ((13.40056 52.53639, 13.4026 52.53507,...
2    10178.0      30  POLYGON ((13.40918 52.52917, 13.41476 52.52779...
3    10179.0      37  POLYGON ((13.42827 52.51895, 13.42751 52.51775...
4    10243.0      39  POLYGON ((13.42554 52.52371, 13.42862 52.52358...
..       ...     ...                                                ...
178  14169.0      17  POLYGON ((13.24957 52.45778, 13.25047 52.45803...
179  14193.0       3  POLYGON ((13.28149 52.49817, 13.28228 52.49778...
180  14195.0      32  POLYGON ((13.27759 52.47487, 13.28447 52.46998...
181  14197.0      12  POLYGON ((13.32027 52.47775, 13.31991 52.47096...
182  14199.0       7  POLYGON ((13.31186 52.48048, 13.30158 52.47452...

[183 rows x 3 columns],        PLZ  Einwohner Breitengrad Längengrad                                           geometry
0    10115      20313    52.53195    13.3838  POLYGON ((13.37239 52.53821, 13.3741 52.53717,...
1    10117      12217    52.51752   13.38777  POLYGON ((13.40031 52.5233, 13.40051 52.52216,...
2    10119      16363    52.53013   13.40551  POLYGON ((13.40056 52.53639, 13.4026 52.53507,...
3    10178      12167     52.5203   13.40473  POLYGON ((13.40918 52.52917, 13.41476 52.52779...
4    10179      18664    52.51379   13.41524  POLYGON ((13.42827 52.51895, 13.42751 52.51775...
..     ...        ...         ...        ...                                                ...
186  14169      17274       52.45   13.25883  POLYGON ((13.24957 52.45778, 13.25047 52.45803...
187  14193      15505    52.48135   13.23847  POLYGON ((13.28149 52.49817, 13.28228 52.49778...
188  14195      14667    52.45858   13.28463  POLYGON ((13.27759 52.47487, 13.28447 52.46998...
189  14197      17889    52.47319    13.3103  POLYGON ((13.32027 52.47775, 13.31991 52.47096...
190  14199      13657    52.47796   13.29242  POLYGON ((13.31186 52.48048, 13.30158 52.47452...

[190 rows x 5 columns]), kwargs: {}
2025-02-01 14:12:42,607 - INFO - Called mapping_residents with args: (       PLZ  Einwohner Breitengrad Längengrad                                           geometry
0    10115      20313    52.53195    13.3838  POLYGON ((13.37239 52.53821, 13.3741 52.53717,...
1    10117      12217    52.51752   13.38777  POLYGON ((13.40031 52.5233, 13.40051 52.52216,...
2    10119      16363    52.53013   13.40551  POLYGON ((13.40056 52.53639, 13.4026 52.53507,...
3    10178      12167     52.5203   13.40473  POLYGON ((13.40918 52.52917, 13.41476 52.52779...
4    10179      18664    52.51379   13.41524  POLYGON ((13.42827 52.51895, 13.42751 52.51775...
..     ...        ...         ...        ...                                                ...
186  14169      17274       52.45   13.25883  POLYGON ((13.24957 52.45778, 13.25047 52.45803...
187  14193      15505    52.48135   13.23847  POLYGON ((13.28149 52.49817, 13.28228 52.49778...
188  14195      14667    52.45858   13.28463  POLYGON ((13.27759 52.47487, 13.28447 52.46998...
189  14197      17889    52.47319    13.3103  POLYGON ((13.32027 52.47775, 13.31991 52.47096...
190  14199      13657    52.47796   13.29242  POLYGON ((13.31186 52.48048, 13.30158 52.47452...

[190 rows x 5 columns], <folium.folium.Map object at 0x000001660E88F620>), kwargs: {}
2025-02-01 14:12:42,668 - INFO - mapping_residents returned (<branca.colormap.LinearColormap object at 0x000001660FBB09F0>, <folium.folium.Map object at 0x000001660E88F620>)
2025-02-01 14:12:42,821 - INFO - create_electric_charging_residents_heatmap returned None
2025-02-01 14:12:42,828 - INFO -  ====> Duration 0.61 secs: Main: Generation of Streamlit App for visualizing electric charging stations & residents in Berlin 
2025-02-01 14:12:50,204 - INFO - Current working directory: E:\Study\BHT\AdvancedSE\Assignment1\BerlinChargeHub
2025-02-01 14:12:50,205 - INFO - Starting execution of the main function.
2025-02-01 14:12:50,212 - INFO - geodata_berlin_plz.csv loaded successfully.
2025-02-01 14:12:50,425 - INFO - Ladesaeulenregister.csv loaded successfully.
2025-02-01 14:12:50,426 - INFO - Starting preprop_lstat function.
2025-02-01 14:12:50,439 - INFO - Renamed columns in DataFrame.
2025-02-01 14:12:50,457 - INFO - Formatted latitude and longitude columns.
2025-02-01 14:12:50,462 - INFO - Filtered data for Berlin. Shape: (2746, 5)
2025-02-01 14:12:50,464 - INFO - Starting sort_by_plz_add_geometry function.
2025-02-01 14:12:50,466 - INFO - Merged DataFrame with geometry. Shape: (2746, 6)
2025-02-01 14:12:50,469 - INFO - DataFrame after dropping missing geometries. Shape: (2737, 6)
2025-02-01 14:12:50,544 - INFO - sort_by_plz_add_geometry function completed successfully.
2025-02-01 14:12:50,544 - INFO - preprop_lstat function completed successfully.
2025-02-01 14:12:50,551 - INFO -  ====> Duration 0.12 secs: Preprocessing dataframe from Ladesaeulenregister.csv
2025-02-01 14:12:50,551 - INFO - Starting count_plz_occurrences function.
2025-02-01 14:12:50,556 - INFO - count_plz_occurrences function completed successfully. Output DataFrame shape: (183, 3)
2025-02-01 14:12:50,559 - INFO -  ====> Duration 0.01 secs: Counts loading stations per PLZ
2025-02-01 14:12:50,566 - INFO - plz_einwohner.csv loaded successfully.
2025-02-01 14:12:50,566 - INFO - Starting preprop_resid function.
2025-02-01 14:12:50,569 - INFO - Renamed columns in DataFrame.
2025-02-01 14:12:50,577 - INFO - Formatted latitude and longitude columns.
2025-02-01 14:12:50,578 - INFO - Filtered DataFrame by postal codes. Remaining rows: 191
2025-02-01 14:12:50,582 - INFO - Starting sort_by_plz_add_geometry function.
2025-02-01 14:12:50,585 - INFO - Merged DataFrame with geometry. Shape: (191, 5)
2025-02-01 14:12:50,588 - INFO - DataFrame after dropping missing geometries. Shape: (190, 5)
2025-02-01 14:12:50,595 - INFO - sort_by_plz_add_geometry function completed successfully.
2025-02-01 14:12:50,595 - INFO - preprop_resid function completed successfully.
2025-02-01 14:12:50,596 - INFO -  ====> Duration 0.03 secs: 
Processes and prepares a dataframe by cleaning and filtering postal codes, renaming columns, and transforming
geographical data. The function works by copying the given data, transforming numeric columns into strings, and replacing
comma-separators for proper formatting. It also filters the dataset based on postal codes and combines additional
geometry information via another function.

Return: The processed dataframe with cleaned, formatted, and enriched data combining postal codes and geometrical information.
:rtype: pandas.DataFrame

2025-02-01 14:12:50,605 - INFO - Called create_electric_charging_residents_heatmap with args: (         PLZ  Number                                           geometry
0    10117.0      54  POLYGON ((13.40031 52.5233, 13.40051 52.52216,...
1    10119.0       6  POLYGON ((13.40056 52.53639, 13.4026 52.53507,...
2    10178.0      30  POLYGON ((13.40918 52.52917, 13.41476 52.52779...
3    10179.0      37  POLYGON ((13.42827 52.51895, 13.42751 52.51775...
4    10243.0      39  POLYGON ((13.42554 52.52371, 13.42862 52.52358...
..       ...     ...                                                ...
178  14169.0      17  POLYGON ((13.24957 52.45778, 13.25047 52.45803...
179  14193.0       3  POLYGON ((13.28149 52.49817, 13.28228 52.49778...
180  14195.0      32  POLYGON ((13.27759 52.47487, 13.28447 52.46998...
181  14197.0      12  POLYGON ((13.32027 52.47775, 13.31991 52.47096...
182  14199.0       7  POLYGON ((13.31186 52.48048, 13.30158 52.47452...

[183 rows x 3 columns],        PLZ  Einwohner Breitengrad Längengrad                                           geometry
0    10115      20313    52.53195    13.3838  POLYGON ((13.37239 52.53821, 13.3741 52.53717,...
1    10117      12217    52.51752   13.38777  POLYGON ((13.40031 52.5233, 13.40051 52.52216,...
2    10119      16363    52.53013   13.40551  POLYGON ((13.40056 52.53639, 13.4026 52.53507,...
3    10178      12167     52.5203   13.40473  POLYGON ((13.40918 52.52917, 13.41476 52.52779...
4    10179      18664    52.51379   13.41524  POLYGON ((13.42827 52.51895, 13.42751 52.51775...
..     ...        ...         ...        ...                                                ...
186  14169      17274       52.45   13.25883  POLYGON ((13.24957 52.45778, 13.25047 52.45803...
187  14193      15505    52.48135   13.23847  POLYGON ((13.28149 52.49817, 13.28228 52.49778...
188  14195      14667    52.45858   13.28463  POLYGON ((13.27759 52.47487, 13.28447 52.46998...
189  14197      17889    52.47319    13.3103  POLYGON ((13.32027 52.47775, 13.31991 52.47096...
190  14199      13657    52.47796   13.29242  POLYGON ((13.31186 52.48048, 13.30158 52.47452...

[190 rows x 5 columns]), kwargs: {}
2025-02-01 14:12:50,617 - INFO - Called mapping_residents with args: (       PLZ  Einwohner Breitengrad Längengrad                                           geometry
0    10115      20313    52.53195    13.3838  POLYGON ((13.37239 52.53821, 13.3741 52.53717,...
1    10117      12217    52.51752   13.38777  POLYGON ((13.40031 52.5233, 13.40051 52.52216,...
2    10119      16363    52.53013   13.40551  POLYGON ((13.40056 52.53639, 13.4026 52.53507,...
3    10178      12167     52.5203   13.40473  POLYGON ((13.40918 52.52917, 13.41476 52.52779...
4    10179      18664    52.51379   13.41524  POLYGON ((13.42827 52.51895, 13.42751 52.51775...
..     ...        ...         ...        ...                                                ...
186  14169      17274       52.45   13.25883  POLYGON ((13.24957 52.45778, 13.25047 52.45803...
187  14193      15505    52.48135   13.23847  POLYGON ((13.28149 52.49817, 13.28228 52.49778...
188  14195      14667    52.45858   13.28463  POLYGON ((13.27759 52.47487, 13.28447 52.46998...
189  14197      17889    52.47319    13.3103  POLYGON ((13.32027 52.47775, 13.31991 52.47096...
190  14199      13657    52.47796   13.29242  POLYGON ((13.31186 52.48048, 13.30158 52.47452...

[190 rows x 5 columns], <folium.folium.Map object at 0x00000166445FF250>), kwargs: {}
2025-02-01 14:12:50,659 - INFO - mapping_residents returned (<branca.colormap.LinearColormap object at 0x0000016644081630>, <folium.folium.Map object at 0x00000166445FF250>)
2025-02-01 14:12:50,800 - INFO - create_electric_charging_residents_heatmap returned None
2025-02-01 14:12:50,809 - INFO -  ====> Duration 0.60 secs: Main: Generation of Streamlit App for visualizing electric charging stations & residents in Berlin 
2025-02-01 14:12:52,422 - INFO - Current working directory: E:\Study\BHT\AdvancedSE\Assignment1\BerlinChargeHub
2025-02-01 14:12:52,423 - INFO - Starting execution of the main function.
2025-02-01 14:12:52,439 - INFO - geodata_berlin_plz.csv loaded successfully.
2025-02-01 14:12:52,856 - INFO - Ladesaeulenregister.csv loaded successfully.
2025-02-01 14:12:52,856 - INFO - Starting preprop_lstat function.
2025-02-01 14:12:52,872 - INFO - Renamed columns in DataFrame.
2025-02-01 14:12:52,898 - INFO - Formatted latitude and longitude columns.
2025-02-01 14:12:52,901 - INFO - Filtered data for Berlin. Shape: (2746, 5)
2025-02-01 14:12:52,904 - INFO - Starting sort_by_plz_add_geometry function.
2025-02-01 14:12:52,906 - INFO - Merged DataFrame with geometry. Shape: (2746, 6)
2025-02-01 14:12:52,910 - INFO - DataFrame after dropping missing geometries. Shape: (2737, 6)
2025-02-01 14:12:53,015 - INFO - sort_by_plz_add_geometry function completed successfully.
2025-02-01 14:12:53,015 - INFO - preprop_lstat function completed successfully.
2025-02-01 14:12:53,024 - INFO -  ====> Duration 0.17 secs: Preprocessing dataframe from Ladesaeulenregister.csv
2025-02-01 14:12:53,024 - INFO - Starting count_plz_occurrences function.
2025-02-01 14:12:53,032 - INFO - count_plz_occurrences function completed successfully. Output DataFrame shape: (183, 3)
2025-02-01 14:12:53,034 - INFO -  ====> Duration 0.01 secs: Counts loading stations per PLZ
2025-02-01 14:12:53,045 - INFO - plz_einwohner.csv loaded successfully.
2025-02-01 14:12:53,045 - INFO - Starting preprop_resid function.
2025-02-01 14:12:53,046 - INFO - Renamed columns in DataFrame.
2025-02-01 14:12:53,056 - INFO - Formatted latitude and longitude columns.
2025-02-01 14:12:53,057 - INFO - Filtered DataFrame by postal codes. Remaining rows: 191
2025-02-01 14:12:53,060 - INFO - Starting sort_by_plz_add_geometry function.
2025-02-01 14:12:53,061 - INFO - Merged DataFrame with geometry. Shape: (191, 5)
2025-02-01 14:12:53,065 - INFO - DataFrame after dropping missing geometries. Shape: (190, 5)
2025-02-01 14:12:53,074 - INFO - sort_by_plz_add_geometry function completed successfully.
2025-02-01 14:12:53,074 - INFO - preprop_resid function completed successfully.
2025-02-01 14:12:53,075 - INFO -  ====> Duration 0.03 secs: 
Processes and prepares a dataframe by cleaning and filtering postal codes, renaming columns, and transforming
geographical data. The function works by copying the given data, transforming numeric columns into strings, and replacing
comma-separators for proper formatting. It also filters the dataset based on postal codes and combines additional
geometry information via another function.

Return: The processed dataframe with cleaned, formatted, and enriched data combining postal codes and geometrical information.
:rtype: pandas.DataFrame

2025-02-01 14:12:53,081 - INFO - Called create_electric_charging_residents_heatmap with args: (         PLZ  Number                                           geometry
0    10117.0      54  POLYGON ((13.40031 52.5233, 13.40051 52.52216,...
1    10119.0       6  POLYGON ((13.40056 52.53639, 13.4026 52.53507,...
2    10178.0      30  POLYGON ((13.40918 52.52917, 13.41476 52.52779...
3    10179.0      37  POLYGON ((13.42827 52.51895, 13.42751 52.51775...
4    10243.0      39  POLYGON ((13.42554 52.52371, 13.42862 52.52358...
..       ...     ...                                                ...
178  14169.0      17  POLYGON ((13.24957 52.45778, 13.25047 52.45803...
179  14193.0       3  POLYGON ((13.28149 52.49817, 13.28228 52.49778...
180  14195.0      32  POLYGON ((13.27759 52.47487, 13.28447 52.46998...
181  14197.0      12  POLYGON ((13.32027 52.47775, 13.31991 52.47096...
182  14199.0       7  POLYGON ((13.31186 52.48048, 13.30158 52.47452...

[183 rows x 3 columns],        PLZ  Einwohner Breitengrad Längengrad                                           geometry
0    10115      20313    52.53195    13.3838  POLYGON ((13.37239 52.53821, 13.3741 52.53717,...
1    10117      12217    52.51752   13.38777  POLYGON ((13.40031 52.5233, 13.40051 52.52216,...
2    10119      16363    52.53013   13.40551  POLYGON ((13.40056 52.53639, 13.4026 52.53507,...
3    10178      12167     52.5203   13.40473  POLYGON ((13.40918 52.52917, 13.41476 52.52779...
4    10179      18664    52.51379   13.41524  POLYGON ((13.42827 52.51895, 13.42751 52.51775...
..     ...        ...         ...        ...                                                ...
186  14169      17274       52.45   13.25883  POLYGON ((13.24957 52.45778, 13.25047 52.45803...
187  14193      15505    52.48135   13.23847  POLYGON ((13.28149 52.49817, 13.28228 52.49778...
188  14195      14667    52.45858   13.28463  POLYGON ((13.27759 52.47487, 13.28447 52.46998...
189  14197      17889    52.47319    13.3103  POLYGON ((13.32027 52.47775, 13.31991 52.47096...
190  14199      13657    52.47796   13.29242  POLYGON ((13.31186 52.48048, 13.30158 52.47452...

[190 rows x 5 columns]), kwargs: {}
2025-02-01 14:12:53,137 - INFO - Searching for postal code: 13055
2025-02-01 14:12:53,144 - INFO - merged_df: 
     PLZ  Number                                         geometry_x  Einwohner Breitengrad Längengrad                                         geometry_y
0  10117      54  POLYGON ((13.40031 52.5233, 13.40051 52.52216,...      12217    52.51752   13.38777  POLYGON ((13.40031 52.5233, 13.40051 52.52216,...
1  10119       6  POLYGON ((13.40056 52.53639, 13.4026 52.53507,...      16363    52.53013   13.40551  POLYGON ((13.40056 52.53639, 13.4026 52.53507,...
2  10178      30  POLYGON ((13.40918 52.52917, 13.41476 52.52779...      12167     52.5203   13.40473  POLYGON ((13.40918 52.52917, 13.41476 52.52779...
3  10179      37  POLYGON ((13.42827 52.51895, 13.42751 52.51775...      18664    52.51379   13.41524  POLYGON ((13.42827 52.51895, 13.42751 52.51775...
4  10243      39  POLYGON ((13.42554 52.52371, 13.42862 52.52358...      28390    52.51191   13.43733  POLYGON ((13.42554 52.52371, 13.42862 52.52358...
2025-02-01 14:12:53,149 - INFO - Filtered dataframe:
       PLZ  Number                                         geometry_x  Einwohner Breitengrad Längengrad                                         geometry_y
124  13055      30  POLYGON ((13.51801 52.53553, 13.51176 52.53508...      27928    52.54122   13.49656  POLYGON ((13.51801 52.53553, 13.51176 52.53508...
2025-02-01 14:12:53,170 - INFO - result shape: ([ChargingStation(postal_code=13055, latitude=52.54122, longitude=13.49656)], StationSearchPerformed(timestamp=Timestamp('2025-02-01 14:12:53.169893'), postal_code='13055', stations_found=30))

2025-02-01 14:12:53,183 - INFO - Called mapping_residents with args: (       PLZ  Einwohner Breitengrad Längengrad                                           geometry
0    10115      20313    52.53195    13.3838  POLYGON ((13.37239 52.53821, 13.3741 52.53717,...
1    10117      12217    52.51752   13.38777  POLYGON ((13.40031 52.5233, 13.40051 52.52216,...
2    10119      16363    52.53013   13.40551  POLYGON ((13.40056 52.53639, 13.4026 52.53507,...
3    10178      12167     52.5203   13.40473  POLYGON ((13.40918 52.52917, 13.41476 52.52779...
4    10179      18664    52.51379   13.41524  POLYGON ((13.42827 52.51895, 13.42751 52.51775...
..     ...        ...         ...        ...                                                ...
186  14169      17274       52.45   13.25883  POLYGON ((13.24957 52.45778, 13.25047 52.45803...
187  14193      15505    52.48135   13.23847  POLYGON ((13.28149 52.49817, 13.28228 52.49778...
188  14195      14667    52.45858   13.28463  POLYGON ((13.27759 52.47487, 13.28447 52.46998...
189  14197      17889    52.47319    13.3103  POLYGON ((13.32027 52.47775, 13.31991 52.47096...
190  14199      13657    52.47796   13.29242  POLYGON ((13.31186 52.48048, 13.30158 52.47452...

[190 rows x 5 columns], <folium.folium.Map object at 0x0000016640C16490>), kwargs: {}
2025-02-01 14:12:53,255 - INFO - mapping_residents returned (<branca.colormap.LinearColormap object at 0x000001660E80F230>, <folium.folium.Map object at 0x0000016640C16490>)
2025-02-01 14:12:53,523 - INFO - create_electric_charging_residents_heatmap returned None
2025-02-01 14:12:53,535 - INFO -  ====> Duration 1.11 secs: Main: Generation of Streamlit App for visualizing electric charging stations & residents in Berlin 
2025-02-01 14:12:55,497 - INFO - Current working directory: E:\Study\BHT\AdvancedSE\Assignment1\BerlinChargeHub
2025-02-01 14:12:55,498 - INFO - Starting execution of the main function.
2025-02-01 14:12:55,504 - INFO - geodata_berlin_plz.csv loaded successfully.
2025-02-01 14:12:55,742 - INFO - Ladesaeulenregister.csv loaded successfully.
2025-02-01 14:12:55,743 - INFO - Starting preprop_lstat function.
2025-02-01 14:12:55,754 - INFO - Renamed columns in DataFrame.
2025-02-01 14:12:55,774 - INFO - Formatted latitude and longitude columns.
2025-02-01 14:12:55,777 - INFO - Filtered data for Berlin. Shape: (2746, 5)
2025-02-01 14:12:55,780 - INFO - Starting sort_by_plz_add_geometry function.
2025-02-01 14:12:55,782 - INFO - Merged DataFrame with geometry. Shape: (2746, 6)
2025-02-01 14:12:55,786 - INFO - DataFrame after dropping missing geometries. Shape: (2737, 6)
2025-02-01 14:12:55,877 - INFO - sort_by_plz_add_geometry function completed successfully.
2025-02-01 14:12:55,878 - INFO - preprop_lstat function completed successfully.
2025-02-01 14:12:55,885 - INFO -  ====> Duration 0.14 secs: Preprocessing dataframe from Ladesaeulenregister.csv
2025-02-01 14:12:55,886 - INFO - Starting count_plz_occurrences function.
2025-02-01 14:12:55,892 - INFO - count_plz_occurrences function completed successfully. Output DataFrame shape: (183, 3)
2025-02-01 14:12:55,895 - INFO -  ====> Duration 0.01 secs: Counts loading stations per PLZ
2025-02-01 14:12:55,906 - INFO - plz_einwohner.csv loaded successfully.
2025-02-01 14:12:55,907 - INFO - Starting preprop_resid function.
2025-02-01 14:12:55,908 - INFO - Renamed columns in DataFrame.
2025-02-01 14:12:55,914 - INFO - Formatted latitude and longitude columns.
2025-02-01 14:12:55,915 - INFO - Filtered DataFrame by postal codes. Remaining rows: 191
2025-02-01 14:12:55,916 - INFO - Starting sort_by_plz_add_geometry function.
2025-02-01 14:12:55,917 - INFO - Merged DataFrame with geometry. Shape: (191, 5)
2025-02-01 14:12:55,919 - INFO - DataFrame after dropping missing geometries. Shape: (190, 5)
2025-02-01 14:12:55,927 - INFO - sort_by_plz_add_geometry function completed successfully.
2025-02-01 14:12:55,927 - INFO - preprop_resid function completed successfully.
2025-02-01 14:12:55,927 - INFO -  ====> Duration 0.02 secs: 
Processes and prepares a dataframe by cleaning and filtering postal codes, renaming columns, and transforming
geographical data. The function works by copying the given data, transforming numeric columns into strings, and replacing
comma-separators for proper formatting. It also filters the dataset based on postal codes and combines additional
geometry information via another function.

Return: The processed dataframe with cleaned, formatted, and enriched data combining postal codes and geometrical information.
:rtype: pandas.DataFrame

2025-02-01 14:12:55,933 - INFO - Called create_electric_charging_residents_heatmap with args: (         PLZ  Number                                           geometry
0    10117.0      54  POLYGON ((13.40031 52.5233, 13.40051 52.52216,...
1    10119.0       6  POLYGON ((13.40056 52.53639, 13.4026 52.53507,...
2    10178.0      30  POLYGON ((13.40918 52.52917, 13.41476 52.52779...
3    10179.0      37  POLYGON ((13.42827 52.51895, 13.42751 52.51775...
4    10243.0      39  POLYGON ((13.42554 52.52371, 13.42862 52.52358...
..       ...     ...                                                ...
178  14169.0      17  POLYGON ((13.24957 52.45778, 13.25047 52.45803...
179  14193.0       3  POLYGON ((13.28149 52.49817, 13.28228 52.49778...
180  14195.0      32  POLYGON ((13.27759 52.47487, 13.28447 52.46998...
181  14197.0      12  POLYGON ((13.32027 52.47775, 13.31991 52.47096...
182  14199.0       7  POLYGON ((13.31186 52.48048, 13.30158 52.47452...

[183 rows x 3 columns],        PLZ  Einwohner Breitengrad Längengrad                                           geometry
0    10115      20313    52.53195    13.3838  POLYGON ((13.37239 52.53821, 13.3741 52.53717,...
1    10117      12217    52.51752   13.38777  POLYGON ((13.40031 52.5233, 13.40051 52.52216,...
2    10119      16363    52.53013   13.40551  POLYGON ((13.40056 52.53639, 13.4026 52.53507,...
3    10178      12167     52.5203   13.40473  POLYGON ((13.40918 52.52917, 13.41476 52.52779...
4    10179      18664    52.51379   13.41524  POLYGON ((13.42827 52.51895, 13.42751 52.51775...
..     ...        ...         ...        ...                                                ...
186  14169      17274       52.45   13.25883  POLYGON ((13.24957 52.45778, 13.25047 52.45803...
187  14193      15505    52.48135   13.23847  POLYGON ((13.28149 52.49817, 13.28228 52.49778...
188  14195      14667    52.45858   13.28463  POLYGON ((13.27759 52.47487, 13.28447 52.46998...
189  14197      17889    52.47319    13.3103  POLYGON ((13.32027 52.47775, 13.31991 52.47096...
190  14199      13657    52.47796   13.29242  POLYGON ((13.31186 52.48048, 13.30158 52.47452...

[190 rows x 5 columns]), kwargs: {}
2025-02-01 14:12:56,148 - INFO - create_electric_charging_residents_heatmap returned None
2025-02-01 14:12:56,157 - INFO -  ====> Duration 0.66 secs: Main: Generation of Streamlit App for visualizing electric charging stations & residents in Berlin 
2025-02-01 14:12:57,255 - INFO - Current working directory: E:\Study\BHT\AdvancedSE\Assignment1\BerlinChargeHub
2025-02-01 14:12:57,256 - INFO - Starting execution of the main function.
2025-02-01 14:12:57,265 - INFO - geodata_berlin_plz.csv loaded successfully.
2025-02-01 14:12:57,462 - INFO - Ladesaeulenregister.csv loaded successfully.
2025-02-01 14:12:57,462 - INFO - Starting preprop_lstat function.
2025-02-01 14:12:57,474 - INFO - Renamed columns in DataFrame.
2025-02-01 14:12:57,493 - INFO - Formatted latitude and longitude columns.
2025-02-01 14:12:57,496 - INFO - Filtered data for Berlin. Shape: (2746, 5)
2025-02-01 14:12:57,499 - INFO - Starting sort_by_plz_add_geometry function.
2025-02-01 14:12:57,501 - INFO - Merged DataFrame with geometry. Shape: (2746, 6)
2025-02-01 14:12:57,504 - INFO - DataFrame after dropping missing geometries. Shape: (2737, 6)
2025-02-01 14:12:57,575 - INFO - sort_by_plz_add_geometry function completed successfully.
2025-02-01 14:12:57,575 - INFO - preprop_lstat function completed successfully.
2025-02-01 14:12:57,581 - INFO -  ====> Duration 0.12 secs: Preprocessing dataframe from Ladesaeulenregister.csv
2025-02-01 14:12:57,581 - INFO - Starting count_plz_occurrences function.
2025-02-01 14:12:57,587 - INFO - count_plz_occurrences function completed successfully. Output DataFrame shape: (183, 3)
2025-02-01 14:12:57,589 - INFO -  ====> Duration 0.01 secs: Counts loading stations per PLZ
2025-02-01 14:12:57,596 - INFO - plz_einwohner.csv loaded successfully.
2025-02-01 14:12:57,596 - INFO - Starting preprop_resid function.
2025-02-01 14:12:57,597 - INFO - Renamed columns in DataFrame.
2025-02-01 14:12:57,603 - INFO - Formatted latitude and longitude columns.
2025-02-01 14:12:57,603 - INFO - Filtered DataFrame by postal codes. Remaining rows: 191
2025-02-01 14:12:57,606 - INFO - Starting sort_by_plz_add_geometry function.
2025-02-01 14:12:57,607 - INFO - Merged DataFrame with geometry. Shape: (191, 5)
2025-02-01 14:12:57,609 - INFO - DataFrame after dropping missing geometries. Shape: (190, 5)
2025-02-01 14:12:57,616 - INFO - sort_by_plz_add_geometry function completed successfully.
2025-02-01 14:12:57,616 - INFO - preprop_resid function completed successfully.
2025-02-01 14:12:57,617 - INFO -  ====> Duration 0.02 secs: 
Processes and prepares a dataframe by cleaning and filtering postal codes, renaming columns, and transforming
geographical data. The function works by copying the given data, transforming numeric columns into strings, and replacing
comma-separators for proper formatting. It also filters the dataset based on postal codes and combines additional
geometry information via another function.

Return: The processed dataframe with cleaned, formatted, and enriched data combining postal codes and geometrical information.
:rtype: pandas.DataFrame

2025-02-01 14:12:57,622 - INFO - Called create_electric_charging_residents_heatmap with args: (         PLZ  Number                                           geometry
0    10117.0      54  POLYGON ((13.40031 52.5233, 13.40051 52.52216,...
1    10119.0       6  POLYGON ((13.40056 52.53639, 13.4026 52.53507,...
2    10178.0      30  POLYGON ((13.40918 52.52917, 13.41476 52.52779...
3    10179.0      37  POLYGON ((13.42827 52.51895, 13.42751 52.51775...
4    10243.0      39  POLYGON ((13.42554 52.52371, 13.42862 52.52358...
..       ...     ...                                                ...
178  14169.0      17  POLYGON ((13.24957 52.45778, 13.25047 52.45803...
179  14193.0       3  POLYGON ((13.28149 52.49817, 13.28228 52.49778...
180  14195.0      32  POLYGON ((13.27759 52.47487, 13.28447 52.46998...
181  14197.0      12  POLYGON ((13.32027 52.47775, 13.31991 52.47096...
182  14199.0       7  POLYGON ((13.31186 52.48048, 13.30158 52.47452...

[183 rows x 3 columns],        PLZ  Einwohner Breitengrad Längengrad                                           geometry
0    10115      20313    52.53195    13.3838  POLYGON ((13.37239 52.53821, 13.3741 52.53717,...
1    10117      12217    52.51752   13.38777  POLYGON ((13.40031 52.5233, 13.40051 52.52216,...
2    10119      16363    52.53013   13.40551  POLYGON ((13.40056 52.53639, 13.4026 52.53507,...
3    10178      12167     52.5203   13.40473  POLYGON ((13.40918 52.52917, 13.41476 52.52779...
4    10179      18664    52.51379   13.41524  POLYGON ((13.42827 52.51895, 13.42751 52.51775...
..     ...        ...         ...        ...                                                ...
186  14169      17274       52.45   13.25883  POLYGON ((13.24957 52.45778, 13.25047 52.45803...
187  14193      15505    52.48135   13.23847  POLYGON ((13.28149 52.49817, 13.28228 52.49778...
188  14195      14667    52.45858   13.28463  POLYGON ((13.27759 52.47487, 13.28447 52.46998...
189  14197      17889    52.47319    13.3103  POLYGON ((13.32027 52.47775, 13.31991 52.47096...
190  14199      13657    52.47796   13.29242  POLYGON ((13.31186 52.48048, 13.30158 52.47452...

[190 rows x 5 columns]), kwargs: {}
2025-02-01 14:12:57,800 - INFO - create_electric_charging_residents_heatmap returned None
2025-02-01 14:12:57,810 - INFO -  ====> Duration 0.55 secs: Main: Generation of Streamlit App for visualizing electric charging stations & residents in Berlin 
2025-02-01 14:13:00,340 - INFO - Current working directory: E:\Study\BHT\AdvancedSE\Assignment1\BerlinChargeHub
2025-02-01 14:13:00,340 - INFO - Starting execution of the main function.
2025-02-01 14:13:00,349 - INFO - geodata_berlin_plz.csv loaded successfully.
2025-02-01 14:13:00,545 - INFO - Ladesaeulenregister.csv loaded successfully.
2025-02-01 14:13:00,545 - INFO - Starting preprop_lstat function.
2025-02-01 14:13:00,557 - INFO - Renamed columns in DataFrame.
2025-02-01 14:13:00,576 - INFO - Formatted latitude and longitude columns.
2025-02-01 14:13:00,579 - INFO - Filtered data for Berlin. Shape: (2746, 5)
2025-02-01 14:13:00,582 - INFO - Starting sort_by_plz_add_geometry function.
2025-02-01 14:13:00,583 - INFO - Merged DataFrame with geometry. Shape: (2746, 6)
2025-02-01 14:13:00,587 - INFO - DataFrame after dropping missing geometries. Shape: (2737, 6)
2025-02-01 14:13:00,666 - INFO - sort_by_plz_add_geometry function completed successfully.
2025-02-01 14:13:00,667 - INFO - preprop_lstat function completed successfully.
2025-02-01 14:13:00,674 - INFO -  ====> Duration 0.13 secs: Preprocessing dataframe from Ladesaeulenregister.csv
2025-02-01 14:13:00,674 - INFO - Starting count_plz_occurrences function.
2025-02-01 14:13:00,680 - INFO - count_plz_occurrences function completed successfully. Output DataFrame shape: (183, 3)
2025-02-01 14:13:00,682 - INFO -  ====> Duration 0.01 secs: Counts loading stations per PLZ
2025-02-01 14:13:00,690 - INFO - plz_einwohner.csv loaded successfully.
2025-02-01 14:13:00,690 - INFO - Starting preprop_resid function.
2025-02-01 14:13:00,690 - INFO - Renamed columns in DataFrame.
2025-02-01 14:13:00,696 - INFO - Formatted latitude and longitude columns.
2025-02-01 14:13:00,697 - INFO - Filtered DataFrame by postal codes. Remaining rows: 191
2025-02-01 14:13:00,699 - INFO - Starting sort_by_plz_add_geometry function.
2025-02-01 14:13:00,700 - INFO - Merged DataFrame with geometry. Shape: (191, 5)
2025-02-01 14:13:00,705 - INFO - DataFrame after dropping missing geometries. Shape: (190, 5)
2025-02-01 14:13:00,713 - INFO - sort_by_plz_add_geometry function completed successfully.
2025-02-01 14:13:00,713 - INFO - preprop_resid function completed successfully.
2025-02-01 14:13:00,713 - INFO -  ====> Duration 0.02 secs: 
Processes and prepares a dataframe by cleaning and filtering postal codes, renaming columns, and transforming
geographical data. The function works by copying the given data, transforming numeric columns into strings, and replacing
comma-separators for proper formatting. It also filters the dataset based on postal codes and combines additional
geometry information via another function.

Return: The processed dataframe with cleaned, formatted, and enriched data combining postal codes and geometrical information.
:rtype: pandas.DataFrame

2025-02-01 14:13:00,720 - INFO - Called create_electric_charging_residents_heatmap with args: (         PLZ  Number                                           geometry
0    10117.0      54  POLYGON ((13.40031 52.5233, 13.40051 52.52216,...
1    10119.0       6  POLYGON ((13.40056 52.53639, 13.4026 52.53507,...
2    10178.0      30  POLYGON ((13.40918 52.52917, 13.41476 52.52779...
3    10179.0      37  POLYGON ((13.42827 52.51895, 13.42751 52.51775...
4    10243.0      39  POLYGON ((13.42554 52.52371, 13.42862 52.52358...
..       ...     ...                                                ...
178  14169.0      17  POLYGON ((13.24957 52.45778, 13.25047 52.45803...
179  14193.0       3  POLYGON ((13.28149 52.49817, 13.28228 52.49778...
180  14195.0      32  POLYGON ((13.27759 52.47487, 13.28447 52.46998...
181  14197.0      12  POLYGON ((13.32027 52.47775, 13.31991 52.47096...
182  14199.0       7  POLYGON ((13.31186 52.48048, 13.30158 52.47452...

[183 rows x 3 columns],        PLZ  Einwohner Breitengrad Längengrad                                           geometry
0    10115      20313    52.53195    13.3838  POLYGON ((13.37239 52.53821, 13.3741 52.53717,...
1    10117      12217    52.51752   13.38777  POLYGON ((13.40031 52.5233, 13.40051 52.52216,...
2    10119      16363    52.53013   13.40551  POLYGON ((13.40056 52.53639, 13.4026 52.53507,...
3    10178      12167     52.5203   13.40473  POLYGON ((13.40918 52.52917, 13.41476 52.52779...
4    10179      18664    52.51379   13.41524  POLYGON ((13.42827 52.51895, 13.42751 52.51775...
..     ...        ...         ...        ...                                                ...
186  14169      17274       52.45   13.25883  POLYGON ((13.24957 52.45778, 13.25047 52.45803...
187  14193      15505    52.48135   13.23847  POLYGON ((13.28149 52.49817, 13.28228 52.49778...
188  14195      14667    52.45858   13.28463  POLYGON ((13.27759 52.47487, 13.28447 52.46998...
189  14197      17889    52.47319    13.3103  POLYGON ((13.32027 52.47775, 13.31991 52.47096...
190  14199      13657    52.47796   13.29242  POLYGON ((13.31186 52.48048, 13.30158 52.47452...

[190 rows x 5 columns]), kwargs: {}
2025-02-01 14:13:00,728 - ERROR - create_electric_charging_residents_heatmap raised an exception: 'Station_ID'
